<?xml version="1.0" encoding="UTF-8"?>
<testsuites name="Item detail test" time="963.526" tests="23" failures="1" errors="0">
   <testsuite name="Item detail test" tests="23" failures="1" errors="0" time="963.526" timestamp="2020-12-18 17:58:24" hostname="Lexoter - DESKTOP-IJBB9BE" id="Test Suites/Item detail test">
      <properties>
         <property name="deviceName" value=""/>
         <property name="devicePlatform" value=""/>
         <property name="logFolder" value="K:\\Work\\GitHub\\find-procurement-test\\find-procurement-test\\Reports\\20201218_175812\\Item detail test\\20201218_175812"/>
         <property name="logFiles" value="K:\\Work\\GitHub\\find-procurement-test\\find-procurement-test\\Reports\\20201218_175812\\Item detail test\\20201218_175812\\execution0.log"/>
         <property name="attachments" value="K:\\Work\\GitHub\\find-procurement-test\\find-procurement-test\\Reports\\20201218_175812\\Item detail test\\20201218_175812\\1608286088112.png, K:\\Work\\GitHub\\find-procurement-test\\find-procurement-test\\Reports\\20201218_175812\\Item detail test\\20201218_175812\\1608286088443.png"/>
         <property name="hostName" value="Lexoter - DESKTOP-IJBB9BE"/>
         <property name="os" value="Windows 10 64bit"/>
         <property name="katalonVersion" value="7.7.0.205"/>
         <property name="browser" value="Chrome 87.0.4280.88"/>
         <property name="hostAddress" value="192.168.56.1"/>
         <property name="sessionId" value="a31857a45aa1eff18ee7f4a45ab0c07d"/>
         <property name="seleniumVersion" value="3.141.59"/>
         <property name="proxyInformation" value="ProxyInformation { proxyOption=NO_PROXY, proxyServerType=HTTP, username=, password=********, proxyServerAddress=, proxyServerPort=0, executionList=&quot;&quot;, isApplyToDesiredCapabilities=true }"/>
         <property name="platform" value="Windows 10"/>
      </properties>
      <testcase name="Test Cases/Custom Procurement Details/TEST CASE/TC_DETAILS_UI_001" time="37.899" classname="Test Cases/Custom Procurement Details/TEST CASE/TC_DETAILS_UI_001" status="PASSED">
         <system-out><![CDATA[2020-12-18 17:58:24 - [TEST_CASE][PASSED] - Test Cases/Custom Procurement Details/TEST CASE/TC_DETAILS_UI_001: Test Cases/Custom Procurement Details/TEST CASE/TC_DETAILS_UI_001

2020-12-18 17:58:24 - [TEST_STEP][PASSED] - callTestCase(findTestCase("Custom Procurement Details/UTILITIES/OPEN_BROWSER"), [:], STOP_ON_FAILURE): Call Test Case 'Test Cases/Custom Procurement Details/UTILITIES/OPEN_BROWSER' successfully

2020-12-18 17:58:24 - [TEST_CASE][PASSED] - Test Cases/Custom Procurement Details/UTILITIES/OPEN_BROWSER: Test Cases/Custom Procurement Details/UTILITIES/OPEN_BROWSER

2020-12-18 17:58:25 - [TEST_STEP][PASSED] - openBrowser("https://gdasandbox.test-arcadier.com/buyer-signin"): Browser is opened with url: 'https://gdasandbox.test-arcadier.com/buyer-signin'

2020-12-18 17:58:25 - [MESSAGE][INFO] - Starting 'Chrome' driver

2020-12-18 17:58:25 - [MESSAGE][INFO] - Action delay is set to 0 milliseconds

2020-12-18 17:58:36 - [MESSAGE][PASSED] - Browser is opened with url: 'https://gdasandbox.test-arcadier.com/buyer-signin'

2020-12-18 17:58:36 - [TEST_STEP][PASSED] - maximizeWindow(): Current window maximized

2020-12-18 17:58:38 - [MESSAGE][PASSED] - Current window maximized

2020-12-18 17:58:38 - [TEST_STEP][PASSED] - callTestCase(findTestCase("Custom Procurement Details/UTILITIES/LOGIN"), [:], STOP_ON_FAILURE): Call Test Case 'Test Cases/Custom Procurement Details/UTILITIES/LOGIN' successfully

2020-12-18 17:58:38 - [TEST_CASE][PASSED] - Test Cases/Custom Procurement Details/UTILITIES/LOGIN: Test Cases/Custom Procurement Details/UTILITIES/LOGIN

2020-12-18 17:58:38 - [TEST_STEP][PASSED] - waitForElementPresent(findTestObject("Login/Page_diagnostics/a_Sign_in_as_Buyer"), 0): Object 'Object Repository/Login/Page_diagnostics/a_Sign_in_as_Buyer' is present

2020-12-18 17:58:38 - [MESSAGE][WARNING] - Timeout '0' is invalid. Using default page load timeout: '30'

2020-12-18 17:58:39 - [MESSAGE][PASSED] - Object 'Object Repository/Login/Page_diagnostics/a_Sign_in_as_Buyer' is present

2020-12-18 17:58:39 - [TEST_STEP][PASSED] - click(findTestObject("Login/Page_diagnostics/a_Sign_in_as_Buyer")): Object: 'Object Repository/Login/Page_diagnostics/a_Sign_in_as_Buyer' is clicked on

2020-12-18 17:58:39 - [MESSAGE][PASSED] - Object: 'Object Repository/Login/Page_diagnostics/a_Sign_in_as_Buyer' is clicked on

2020-12-18 17:58:39 - [TEST_STEP][PASSED] - waitForElementPresent(findTestObject("Login/Page_diagnostics/input_Username"), 0): Object 'Object Repository/Login/Page_diagnostics/input_Username' is present

2020-12-18 17:58:40 - [MESSAGE][WARNING] - Timeout '0' is invalid. Using default page load timeout: '30'

2020-12-18 17:58:40 - [MESSAGE][PASSED] - Object 'Object Repository/Login/Page_diagnostics/input_Username' is present

2020-12-18 17:58:40 - [TEST_STEP][PASSED] - setText(findTestObject("Login/Page_diagnostics/input_Username"), "admin"): Text 'admin' is set on object 'Object Repository/Login/Page_diagnostics/input_Username'

2020-12-18 17:58:41 - [MESSAGE][PASSED] - Text 'admin' is set on object 'Object Repository/Login/Page_diagnostics/input_Username'

2020-12-18 17:58:41 - [TEST_STEP][PASSED] - waitForElementPresent(findTestObject("Login/Page_diagnostics/input_Password"), 0): Object 'Object Repository/Login/Page_diagnostics/input_Password' is present

2020-12-18 17:58:41 - [MESSAGE][WARNING] - Timeout '0' is invalid. Using default page load timeout: '30'

2020-12-18 17:58:41 - [MESSAGE][PASSED] - Object 'Object Repository/Login/Page_diagnostics/input_Password' is present

2020-12-18 17:58:41 - [TEST_STEP][PASSED] - setText(findTestObject("Login/Page_diagnostics/input_Password"), "Diagnostics123!"): Text 'Diagnostics123!' is set on object 'Object Repository/Login/Page_diagnostics/input_Password'

2020-12-18 17:58:41 - [MESSAGE][PASSED] - Text 'Diagnostics123!' is set on object 'Object Repository/Login/Page_diagnostics/input_Password'

2020-12-18 17:58:41 - [TEST_STEP][PASSED] - waitForElementPresent(findTestObject("Login/Page_diagnostics/input_Submit"), 0): Object 'Object Repository/Login/Page_diagnostics/input_Submit' is present

2020-12-18 17:58:42 - [MESSAGE][WARNING] - Timeout '0' is invalid. Using default page load timeout: '30'

2020-12-18 17:58:42 - [MESSAGE][PASSED] - Object 'Object Repository/Login/Page_diagnostics/input_Submit' is present

2020-12-18 17:58:42 - [TEST_STEP][PASSED] - click(findTestObject("Login/Page_diagnostics/input_Submit")): Object: 'Object Repository/Login/Page_diagnostics/input_Submit' is clicked on

2020-12-18 17:58:48 - [MESSAGE][PASSED] - Object: 'Object Repository/Login/Page_diagnostics/input_Submit' is clicked on

2020-12-18 17:58:48 - [MESSAGE][PASSED] - Call Test Case 'Test Cases/Custom Procurement Details/UTILITIES/LOGIN' successfully

2020-12-18 17:58:48 - [TEST_STEP][PASSED] - navigateToUrl("https://gdasandbox.test-arcadier.com/user/item/detail/gdaagencyfind/59fde34e-4dcb-44b5-bdcd-2bde962c0cb5"): Navigate to 'https://gdasandbox.test-arcadier.com/user/item/detail/gdaagencyfind/59fde34e-4dcb-44b5-bdcd-2bde962c0cb5' successfully

2020-12-18 17:58:50 - [MESSAGE][PASSED] - Navigate to 'https://gdasandbox.test-arcadier.com/user/item/detail/gdaagencyfind/59fde34e-4dcb-44b5-bdcd-2bde962c0cb5' successfully

2020-12-18 17:58:50 - [MESSAGE][PASSED] - Call Test Case 'Test Cases/Custom Procurement Details/UTILITIES/OPEN_BROWSER' successfully

2020-12-18 17:58:50 - [TEST_STEP][PASSED] - callTestCase(findTestCase("Custom Procurement Details/UTILITIES/PROCURE_PAGE"), [:], STOP_ON_FAILURE): Call Test Case 'Test Cases/Custom Procurement Details/UTILITIES/PROCURE_PAGE' successfully

2020-12-18 17:58:50 - [TEST_CASE][PASSED] - Test Cases/Custom Procurement Details/UTILITIES/PROCURE_PAGE: Test Cases/Custom Procurement Details/UTILITIES/PROCURE_PAGE

2020-12-18 17:58:50 - [TEST_STEP][PASSED] - click(findTestObject("Item Details/Page_diagnostics/a_PROCURE_DIRECTLY_FROM_SELLER")): Object: 'Object Repository/Item Details/Page_diagnostics/a_PROCURE_DIRECTLY_FROM_SELLER' is clicked on

2020-12-18 17:58:54 - [MESSAGE][PASSED] - Object: 'Object Repository/Item Details/Page_diagnostics/a_PROCURE_DIRECTLY_FROM_SELLER' is clicked on

2020-12-18 17:58:54 - [MESSAGE][PASSED] - Call Test Case 'Test Cases/Custom Procurement Details/UTILITIES/PROCURE_PAGE' successfully

2020-12-18 17:58:54 - [TEST_STEP][PASSED] - callTestCase(findTestCase("Custom Procurement Details/UTILITIES/CART_PAGE"), [:], STOP_ON_FAILURE): Call Test Case 'Test Cases/Custom Procurement Details/UTILITIES/CART_PAGE' successfully

2020-12-18 17:58:54 - [TEST_CASE][PASSED] - Test Cases/Custom Procurement Details/UTILITIES/CART_PAGE: Test Cases/Custom Procurement Details/UTILITIES/CART_PAGE

2020-12-18 17:58:54 - [TEST_STEP][PASSED] - navigateToUrl("https://gdasandbox.test-arcadier.com/user/order/cart"): Navigate to 'https://gdasandbox.test-arcadier.com/user/order/cart' successfully

2020-12-18 17:58:56 - [MESSAGE][PASSED] - Navigate to 'https://gdasandbox.test-arcadier.com/user/order/cart' successfully

2020-12-18 17:58:56 - [TEST_STEP][PASSED] - click(findTestObject("Checkout Page/Page_diagnostics/a_CHECKOUT")): Object: 'Object Repository/Checkout Page/Page_diagnostics/a_CHECKOUT' is clicked on

2020-12-18 17:58:59 - [MESSAGE][PASSED] - Object: 'Object Repository/Checkout Page/Page_diagnostics/a_CHECKOUT' is clicked on

2020-12-18 17:58:59 - [MESSAGE][PASSED] - Call Test Case 'Test Cases/Custom Procurement Details/UTILITIES/CART_PAGE' successfully

2020-12-18 17:58:59 - [TEST_STEP][PASSED] - verifyElementPresent(findTestObject("Procurement Active1/Page_diagnostics/span_SHIPPING"), 0): Object 'Object Repository/Procurement Active1/Page_diagnostics/span_SHIPPING' is present

2020-12-18 17:58:59 - [MESSAGE][WARNING] - Timeout '0' is invalid. Using default page load timeout: '30'

2020-12-18 17:59:01 - [MESSAGE][PASSED] - Object 'Object Repository/Procurement Active1/Page_diagnostics/span_SHIPPING' is present

2020-12-18 17:59:01 - [TEST_STEP][PASSED] - callTestCase(findTestCase("Custom Procurement Details/UTILITIES/CLOSE_BROWSER"), [:], STOP_ON_FAILURE): Call Test Case 'Test Cases/Custom Procurement Details/UTILITIES/CLOSE_BROWSER' successfully

2020-12-18 17:59:01 - [TEST_CASE][PASSED] - Test Cases/Custom Procurement Details/UTILITIES/CLOSE_BROWSER: Test Cases/Custom Procurement Details/UTILITIES/CLOSE_BROWSER

2020-12-18 17:59:01 - [TEST_STEP][PASSED] - closeBrowser(): Browser is closed

2020-12-18 17:59:02 - [MESSAGE][PASSED] - Browser is closed

2020-12-18 17:59:02 - [MESSAGE][PASSED] - Call Test Case 'Test Cases/Custom Procurement Details/UTILITIES/CLOSE_BROWSER' successfully]]></system-out>
         <system-err><![CDATA[]]></system-err>
      </testcase>
      <testcase name="Test Cases/Custom Procurement Details/TEST CASE/TC_DETAILS_UI_002" time="47.493" classname="Test Cases/Custom Procurement Details/TEST CASE/TC_DETAILS_UI_002" status="PASSED">
         <system-out><![CDATA[2020-12-18 17:59:02 - [TEST_CASE][PASSED] - Test Cases/Custom Procurement Details/TEST CASE/TC_DETAILS_UI_002: Test Cases/Custom Procurement Details/TEST CASE/TC_DETAILS_UI_002

2020-12-18 17:59:02 - [TEST_STEP][PASSED] - callTestCase(findTestCase("Custom Procurement Details/UTILITIES/OPEN_BROWSER"), [:], STOP_ON_FAILURE): Call Test Case 'Test Cases/Custom Procurement Details/UTILITIES/OPEN_BROWSER' successfully

2020-12-18 17:59:02 - [TEST_CASE][PASSED] - Test Cases/Custom Procurement Details/UTILITIES/OPEN_BROWSER: Test Cases/Custom Procurement Details/UTILITIES/OPEN_BROWSER

2020-12-18 17:59:02 - [TEST_STEP][PASSED] - openBrowser("https://gdasandbox.test-arcadier.com/buyer-signin"): Browser is opened with url: 'https://gdasandbox.test-arcadier.com/buyer-signin'

2020-12-18 17:59:02 - [MESSAGE][INFO] - Starting 'Chrome' driver

2020-12-18 17:59:02 - [MESSAGE][INFO] - Action delay is set to 0 milliseconds

2020-12-18 17:59:14 - [MESSAGE][PASSED] - Browser is opened with url: 'https://gdasandbox.test-arcadier.com/buyer-signin'

2020-12-18 17:59:14 - [TEST_STEP][PASSED] - maximizeWindow(): Current window maximized

2020-12-18 17:59:16 - [MESSAGE][PASSED] - Current window maximized

2020-12-18 17:59:16 - [TEST_STEP][PASSED] - callTestCase(findTestCase("Custom Procurement Details/UTILITIES/LOGIN"), [:], STOP_ON_FAILURE): Call Test Case 'Test Cases/Custom Procurement Details/UTILITIES/LOGIN' successfully

2020-12-18 17:59:16 - [TEST_CASE][PASSED] - Test Cases/Custom Procurement Details/UTILITIES/LOGIN: Test Cases/Custom Procurement Details/UTILITIES/LOGIN

2020-12-18 17:59:16 - [TEST_STEP][PASSED] - waitForElementPresent(findTestObject("Login/Page_diagnostics/a_Sign_in_as_Buyer"), 0): Object 'Object Repository/Login/Page_diagnostics/a_Sign_in_as_Buyer' is present

2020-12-18 17:59:16 - [MESSAGE][WARNING] - Timeout '0' is invalid. Using default page load timeout: '30'

2020-12-18 17:59:17 - [MESSAGE][PASSED] - Object 'Object Repository/Login/Page_diagnostics/a_Sign_in_as_Buyer' is present

2020-12-18 17:59:17 - [TEST_STEP][PASSED] - click(findTestObject("Login/Page_diagnostics/a_Sign_in_as_Buyer")): Object: 'Object Repository/Login/Page_diagnostics/a_Sign_in_as_Buyer' is clicked on

2020-12-18 17:59:18 - [MESSAGE][PASSED] - Object: 'Object Repository/Login/Page_diagnostics/a_Sign_in_as_Buyer' is clicked on

2020-12-18 17:59:18 - [TEST_STEP][PASSED] - waitForElementPresent(findTestObject("Login/Page_diagnostics/input_Username"), 0): Object 'Object Repository/Login/Page_diagnostics/input_Username' is present

2020-12-18 17:59:18 - [MESSAGE][WARNING] - Timeout '0' is invalid. Using default page load timeout: '30'

2020-12-18 17:59:18 - [MESSAGE][PASSED] - Object 'Object Repository/Login/Page_diagnostics/input_Username' is present

2020-12-18 17:59:18 - [TEST_STEP][PASSED] - setText(findTestObject("Login/Page_diagnostics/input_Username"), "admin"): Text 'admin' is set on object 'Object Repository/Login/Page_diagnostics/input_Username'

2020-12-18 17:59:19 - [MESSAGE][PASSED] - Text 'admin' is set on object 'Object Repository/Login/Page_diagnostics/input_Username'

2020-12-18 17:59:19 - [TEST_STEP][PASSED] - waitForElementPresent(findTestObject("Login/Page_diagnostics/input_Password"), 0): Object 'Object Repository/Login/Page_diagnostics/input_Password' is present

2020-12-18 17:59:19 - [MESSAGE][WARNING] - Timeout '0' is invalid. Using default page load timeout: '30'

2020-12-18 17:59:19 - [MESSAGE][PASSED] - Object 'Object Repository/Login/Page_diagnostics/input_Password' is present

2020-12-18 17:59:19 - [TEST_STEP][PASSED] - setText(findTestObject("Login/Page_diagnostics/input_Password"), "Diagnostics123!"): Text 'Diagnostics123!' is set on object 'Object Repository/Login/Page_diagnostics/input_Password'

2020-12-18 17:59:20 - [MESSAGE][PASSED] - Text 'Diagnostics123!' is set on object 'Object Repository/Login/Page_diagnostics/input_Password'

2020-12-18 17:59:20 - [TEST_STEP][PASSED] - waitForElementPresent(findTestObject("Login/Page_diagnostics/input_Submit"), 0): Object 'Object Repository/Login/Page_diagnostics/input_Submit' is present

2020-12-18 17:59:20 - [MESSAGE][WARNING] - Timeout '0' is invalid. Using default page load timeout: '30'

2020-12-18 17:59:20 - [MESSAGE][PASSED] - Object 'Object Repository/Login/Page_diagnostics/input_Submit' is present

2020-12-18 17:59:20 - [TEST_STEP][PASSED] - click(findTestObject("Login/Page_diagnostics/input_Submit")): Object: 'Object Repository/Login/Page_diagnostics/input_Submit' is clicked on

2020-12-18 17:59:33 - [MESSAGE][PASSED] - Object: 'Object Repository/Login/Page_diagnostics/input_Submit' is clicked on

2020-12-18 17:59:33 - [MESSAGE][PASSED] - Call Test Case 'Test Cases/Custom Procurement Details/UTILITIES/LOGIN' successfully

2020-12-18 17:59:33 - [TEST_STEP][PASSED] - navigateToUrl("https://gdasandbox.test-arcadier.com/user/item/detail/gdaagencyfind/59fde34e-4dcb-44b5-bdcd-2bde962c0cb5"): Navigate to 'https://gdasandbox.test-arcadier.com/user/item/detail/gdaagencyfind/59fde34e-4dcb-44b5-bdcd-2bde962c0cb5' successfully

2020-12-18 17:59:36 - [MESSAGE][PASSED] - Navigate to 'https://gdasandbox.test-arcadier.com/user/item/detail/gdaagencyfind/59fde34e-4dcb-44b5-bdcd-2bde962c0cb5' successfully

2020-12-18 17:59:36 - [MESSAGE][PASSED] - Call Test Case 'Test Cases/Custom Procurement Details/UTILITIES/OPEN_BROWSER' successfully

2020-12-18 17:59:36 - [TEST_STEP][PASSED] - callTestCase(findTestCase("Custom Procurement Details/UTILITIES/PROCURE_PAGE"), [:], STOP_ON_FAILURE): Call Test Case 'Test Cases/Custom Procurement Details/UTILITIES/PROCURE_PAGE' successfully

2020-12-18 17:59:36 - [TEST_CASE][PASSED] - Test Cases/Custom Procurement Details/UTILITIES/PROCURE_PAGE: Test Cases/Custom Procurement Details/UTILITIES/PROCURE_PAGE

2020-12-18 17:59:36 - [TEST_STEP][PASSED] - click(findTestObject("Item Details/Page_diagnostics/a_PROCURE_DIRECTLY_FROM_SELLER")): Object: 'Object Repository/Item Details/Page_diagnostics/a_PROCURE_DIRECTLY_FROM_SELLER' is clicked on

2020-12-18 17:59:41 - [MESSAGE][PASSED] - Object: 'Object Repository/Item Details/Page_diagnostics/a_PROCURE_DIRECTLY_FROM_SELLER' is clicked on

2020-12-18 17:59:41 - [MESSAGE][PASSED] - Call Test Case 'Test Cases/Custom Procurement Details/UTILITIES/PROCURE_PAGE' successfully

2020-12-18 17:59:41 - [TEST_STEP][PASSED] - callTestCase(findTestCase("Custom Procurement Details/UTILITIES/CART_PAGE"), [:], STOP_ON_FAILURE): Call Test Case 'Test Cases/Custom Procurement Details/UTILITIES/CART_PAGE' successfully

2020-12-18 17:59:41 - [TEST_CASE][PASSED] - Test Cases/Custom Procurement Details/UTILITIES/CART_PAGE: Test Cases/Custom Procurement Details/UTILITIES/CART_PAGE

2020-12-18 17:59:41 - [TEST_STEP][PASSED] - navigateToUrl("https://gdasandbox.test-arcadier.com/user/order/cart"): Navigate to 'https://gdasandbox.test-arcadier.com/user/order/cart' successfully

2020-12-18 17:59:42 - [MESSAGE][PASSED] - Navigate to 'https://gdasandbox.test-arcadier.com/user/order/cart' successfully

2020-12-18 17:59:42 - [TEST_STEP][PASSED] - click(findTestObject("Checkout Page/Page_diagnostics/a_CHECKOUT")): Object: 'Object Repository/Checkout Page/Page_diagnostics/a_CHECKOUT' is clicked on

2020-12-18 17:59:47 - [MESSAGE][PASSED] - Object: 'Object Repository/Checkout Page/Page_diagnostics/a_CHECKOUT' is clicked on

2020-12-18 17:59:47 - [MESSAGE][PASSED] - Call Test Case 'Test Cases/Custom Procurement Details/UTILITIES/CART_PAGE' successfully

2020-12-18 17:59:47 - [TEST_STEP][PASSED] - verifyElementPresent(findTestObject("Procurement Active1/Page_diagnostics/div_Active1"), 0): Object 'Object Repository/Procurement Active1/Page_diagnostics/div_Active1' is present

2020-12-18 17:59:47 - [MESSAGE][WARNING] - Timeout '0' is invalid. Using default page load timeout: '30'

2020-12-18 17:59:49 - [MESSAGE][PASSED] - Object 'Object Repository/Procurement Active1/Page_diagnostics/div_Active1' is present

2020-12-18 17:59:49 - [TEST_STEP][PASSED] - callTestCase(findTestCase("Custom Procurement Details/UTILITIES/CLOSE_BROWSER"), [:], STOP_ON_FAILURE): Call Test Case 'Test Cases/Custom Procurement Details/UTILITIES/CLOSE_BROWSER' successfully

2020-12-18 17:59:49 - [TEST_CASE][PASSED] - Test Cases/Custom Procurement Details/UTILITIES/CLOSE_BROWSER: Test Cases/Custom Procurement Details/UTILITIES/CLOSE_BROWSER

2020-12-18 17:59:49 - [TEST_STEP][PASSED] - closeBrowser(): Browser is closed

2020-12-18 17:59:49 - [MESSAGE][PASSED] - Browser is closed

2020-12-18 17:59:49 - [MESSAGE][PASSED] - Call Test Case 'Test Cases/Custom Procurement Details/UTILITIES/CLOSE_BROWSER' successfully]]></system-out>
         <system-err><![CDATA[]]></system-err>
      </testcase>
      <testcase name="Test Cases/Custom Procurement Details/TEST CASE/TC_DETAILS_UI_003" time="37.054" classname="Test Cases/Custom Procurement Details/TEST CASE/TC_DETAILS_UI_003" status="PASSED">
         <system-out><![CDATA[2020-12-18 17:59:49 - [TEST_CASE][PASSED] - Test Cases/Custom Procurement Details/TEST CASE/TC_DETAILS_UI_003: Test Cases/Custom Procurement Details/TEST CASE/TC_DETAILS_UI_003

2020-12-18 17:59:50 - [TEST_STEP][PASSED] - callTestCase(findTestCase("Custom Procurement Details/UTILITIES/OPEN_BROWSER"), [:], STOP_ON_FAILURE): Call Test Case 'Test Cases/Custom Procurement Details/UTILITIES/OPEN_BROWSER' successfully

2020-12-18 17:59:50 - [TEST_CASE][PASSED] - Test Cases/Custom Procurement Details/UTILITIES/OPEN_BROWSER: Test Cases/Custom Procurement Details/UTILITIES/OPEN_BROWSER

2020-12-18 17:59:50 - [TEST_STEP][PASSED] - openBrowser("https://gdasandbox.test-arcadier.com/buyer-signin"): Browser is opened with url: 'https://gdasandbox.test-arcadier.com/buyer-signin'

2020-12-18 17:59:50 - [MESSAGE][INFO] - Starting 'Chrome' driver

2020-12-18 17:59:50 - [MESSAGE][INFO] - Action delay is set to 0 milliseconds

2020-12-18 18:00:00 - [MESSAGE][PASSED] - Browser is opened with url: 'https://gdasandbox.test-arcadier.com/buyer-signin'

2020-12-18 18:00:00 - [TEST_STEP][PASSED] - maximizeWindow(): Current window maximized

2020-12-18 18:00:02 - [MESSAGE][PASSED] - Current window maximized

2020-12-18 18:00:02 - [TEST_STEP][PASSED] - callTestCase(findTestCase("Custom Procurement Details/UTILITIES/LOGIN"), [:], STOP_ON_FAILURE): Call Test Case 'Test Cases/Custom Procurement Details/UTILITIES/LOGIN' successfully

2020-12-18 18:00:02 - [TEST_CASE][PASSED] - Test Cases/Custom Procurement Details/UTILITIES/LOGIN: Test Cases/Custom Procurement Details/UTILITIES/LOGIN

2020-12-18 18:00:02 - [TEST_STEP][PASSED] - waitForElementPresent(findTestObject("Login/Page_diagnostics/a_Sign_in_as_Buyer"), 0): Object 'Object Repository/Login/Page_diagnostics/a_Sign_in_as_Buyer' is present

2020-12-18 18:00:02 - [MESSAGE][WARNING] - Timeout '0' is invalid. Using default page load timeout: '30'

2020-12-18 18:00:03 - [MESSAGE][PASSED] - Object 'Object Repository/Login/Page_diagnostics/a_Sign_in_as_Buyer' is present

2020-12-18 18:00:03 - [TEST_STEP][PASSED] - click(findTestObject("Login/Page_diagnostics/a_Sign_in_as_Buyer")): Object: 'Object Repository/Login/Page_diagnostics/a_Sign_in_as_Buyer' is clicked on

2020-12-18 18:00:04 - [MESSAGE][PASSED] - Object: 'Object Repository/Login/Page_diagnostics/a_Sign_in_as_Buyer' is clicked on

2020-12-18 18:00:04 - [TEST_STEP][PASSED] - waitForElementPresent(findTestObject("Login/Page_diagnostics/input_Username"), 0): Object 'Object Repository/Login/Page_diagnostics/input_Username' is present

2020-12-18 18:00:04 - [MESSAGE][WARNING] - Timeout '0' is invalid. Using default page load timeout: '30'

2020-12-18 18:00:04 - [MESSAGE][PASSED] - Object 'Object Repository/Login/Page_diagnostics/input_Username' is present

2020-12-18 18:00:04 - [TEST_STEP][PASSED] - setText(findTestObject("Login/Page_diagnostics/input_Username"), "admin"): Text 'admin' is set on object 'Object Repository/Login/Page_diagnostics/input_Username'

2020-12-18 18:00:05 - [MESSAGE][PASSED] - Text 'admin' is set on object 'Object Repository/Login/Page_diagnostics/input_Username'

2020-12-18 18:00:05 - [TEST_STEP][PASSED] - waitForElementPresent(findTestObject("Login/Page_diagnostics/input_Password"), 0): Object 'Object Repository/Login/Page_diagnostics/input_Password' is present

2020-12-18 18:00:05 - [MESSAGE][WARNING] - Timeout '0' is invalid. Using default page load timeout: '30'

2020-12-18 18:00:05 - [MESSAGE][PASSED] - Object 'Object Repository/Login/Page_diagnostics/input_Password' is present

2020-12-18 18:00:05 - [TEST_STEP][PASSED] - setText(findTestObject("Login/Page_diagnostics/input_Password"), "Diagnostics123!"): Text 'Diagnostics123!' is set on object 'Object Repository/Login/Page_diagnostics/input_Password'

2020-12-18 18:00:06 - [MESSAGE][PASSED] - Text 'Diagnostics123!' is set on object 'Object Repository/Login/Page_diagnostics/input_Password'

2020-12-18 18:00:06 - [TEST_STEP][PASSED] - waitForElementPresent(findTestObject("Login/Page_diagnostics/input_Submit"), 0): Object 'Object Repository/Login/Page_diagnostics/input_Submit' is present

2020-12-18 18:00:06 - [MESSAGE][WARNING] - Timeout '0' is invalid. Using default page load timeout: '30'

2020-12-18 18:00:06 - [MESSAGE][PASSED] - Object 'Object Repository/Login/Page_diagnostics/input_Submit' is present

2020-12-18 18:00:06 - [TEST_STEP][PASSED] - click(findTestObject("Login/Page_diagnostics/input_Submit")): Object: 'Object Repository/Login/Page_diagnostics/input_Submit' is clicked on

2020-12-18 18:00:13 - [MESSAGE][PASSED] - Object: 'Object Repository/Login/Page_diagnostics/input_Submit' is clicked on

2020-12-18 18:00:13 - [MESSAGE][PASSED] - Call Test Case 'Test Cases/Custom Procurement Details/UTILITIES/LOGIN' successfully

2020-12-18 18:00:13 - [TEST_STEP][PASSED] - navigateToUrl("https://gdasandbox.test-arcadier.com/user/item/detail/gdaagencyfind/59fde34e-4dcb-44b5-bdcd-2bde962c0cb5"): Navigate to 'https://gdasandbox.test-arcadier.com/user/item/detail/gdaagencyfind/59fde34e-4dcb-44b5-bdcd-2bde962c0cb5' successfully

2020-12-18 18:00:15 - [MESSAGE][PASSED] - Navigate to 'https://gdasandbox.test-arcadier.com/user/item/detail/gdaagencyfind/59fde34e-4dcb-44b5-bdcd-2bde962c0cb5' successfully

2020-12-18 18:00:15 - [MESSAGE][PASSED] - Call Test Case 'Test Cases/Custom Procurement Details/UTILITIES/OPEN_BROWSER' successfully

2020-12-18 18:00:15 - [TEST_STEP][PASSED] - callTestCase(findTestCase("Custom Procurement Details/UTILITIES/PROCURE_PAGE"), [:], STOP_ON_FAILURE): Call Test Case 'Test Cases/Custom Procurement Details/UTILITIES/PROCURE_PAGE' successfully

2020-12-18 18:00:15 - [TEST_CASE][PASSED] - Test Cases/Custom Procurement Details/UTILITIES/PROCURE_PAGE: Test Cases/Custom Procurement Details/UTILITIES/PROCURE_PAGE

2020-12-18 18:00:15 - [TEST_STEP][PASSED] - click(findTestObject("Item Details/Page_diagnostics/a_PROCURE_DIRECTLY_FROM_SELLER")): Object: 'Object Repository/Item Details/Page_diagnostics/a_PROCURE_DIRECTLY_FROM_SELLER' is clicked on

2020-12-18 18:00:18 - [MESSAGE][PASSED] - Object: 'Object Repository/Item Details/Page_diagnostics/a_PROCURE_DIRECTLY_FROM_SELLER' is clicked on

2020-12-18 18:00:18 - [MESSAGE][PASSED] - Call Test Case 'Test Cases/Custom Procurement Details/UTILITIES/PROCURE_PAGE' successfully

2020-12-18 18:00:18 - [TEST_STEP][PASSED] - callTestCase(findTestCase("Custom Procurement Details/UTILITIES/CART_PAGE"), [:], STOP_ON_FAILURE): Call Test Case 'Test Cases/Custom Procurement Details/UTILITIES/CART_PAGE' successfully

2020-12-18 18:00:19 - [TEST_CASE][PASSED] - Test Cases/Custom Procurement Details/UTILITIES/CART_PAGE: Test Cases/Custom Procurement Details/UTILITIES/CART_PAGE

2020-12-18 18:00:19 - [TEST_STEP][PASSED] - navigateToUrl("https://gdasandbox.test-arcadier.com/user/order/cart"): Navigate to 'https://gdasandbox.test-arcadier.com/user/order/cart' successfully

2020-12-18 18:00:20 - [MESSAGE][PASSED] - Navigate to 'https://gdasandbox.test-arcadier.com/user/order/cart' successfully

2020-12-18 18:00:20 - [TEST_STEP][PASSED] - click(findTestObject("Checkout Page/Page_diagnostics/a_CHECKOUT")): Object: 'Object Repository/Checkout Page/Page_diagnostics/a_CHECKOUT' is clicked on

2020-12-18 18:00:24 - [MESSAGE][PASSED] - Object: 'Object Repository/Checkout Page/Page_diagnostics/a_CHECKOUT' is clicked on

2020-12-18 18:00:24 - [MESSAGE][PASSED] - Call Test Case 'Test Cases/Custom Procurement Details/UTILITIES/CART_PAGE' successfully

2020-12-18 18:00:24 - [TEST_STEP][PASSED] - verifyElementPresent(findTestObject("Procurement Active1/Page_diagnostics/input_Company_Name"), 0): Object 'Object Repository/Procurement Active1/Page_diagnostics/input_Company_Name' is present

2020-12-18 18:00:24 - [MESSAGE][WARNING] - Timeout '0' is invalid. Using default page load timeout: '30'

2020-12-18 18:00:26 - [MESSAGE][PASSED] - Object 'Object Repository/Procurement Active1/Page_diagnostics/input_Company_Name' is present

2020-12-18 18:00:26 - [TEST_STEP][PASSED] - callTestCase(findTestCase("Custom Procurement Details/UTILITIES/CLOSE_BROWSER"), [:], STOP_ON_FAILURE): Call Test Case 'Test Cases/Custom Procurement Details/UTILITIES/CLOSE_BROWSER' successfully

2020-12-18 18:00:26 - [TEST_CASE][PASSED] - Test Cases/Custom Procurement Details/UTILITIES/CLOSE_BROWSER: Test Cases/Custom Procurement Details/UTILITIES/CLOSE_BROWSER

2020-12-18 18:00:26 - [TEST_STEP][PASSED] - closeBrowser(): Browser is closed

2020-12-18 18:00:26 - [MESSAGE][PASSED] - Browser is closed

2020-12-18 18:00:26 - [MESSAGE][PASSED] - Call Test Case 'Test Cases/Custom Procurement Details/UTILITIES/CLOSE_BROWSER' successfully]]></system-out>
         <system-err><![CDATA[]]></system-err>
      </testcase>
      <testcase name="Test Cases/Custom Procurement Details/TEST CASE/TC_DETAILS_UI_004" time="32.056" classname="Test Cases/Custom Procurement Details/TEST CASE/TC_DETAILS_UI_004" status="PASSED">
         <system-out><![CDATA[2020-12-18 18:00:26 - [TEST_CASE][PASSED] - Test Cases/Custom Procurement Details/TEST CASE/TC_DETAILS_UI_004: Test Cases/Custom Procurement Details/TEST CASE/TC_DETAILS_UI_004

2020-12-18 18:00:27 - [TEST_STEP][PASSED] - callTestCase(findTestCase("Custom Procurement Details/UTILITIES/OPEN_BROWSER"), [:], STOP_ON_FAILURE): Call Test Case 'Test Cases/Custom Procurement Details/UTILITIES/OPEN_BROWSER' successfully

2020-12-18 18:00:27 - [TEST_CASE][PASSED] - Test Cases/Custom Procurement Details/UTILITIES/OPEN_BROWSER: Test Cases/Custom Procurement Details/UTILITIES/OPEN_BROWSER

2020-12-18 18:00:27 - [TEST_STEP][PASSED] - openBrowser("https://gdasandbox.test-arcadier.com/buyer-signin"): Browser is opened with url: 'https://gdasandbox.test-arcadier.com/buyer-signin'

2020-12-18 18:00:27 - [MESSAGE][INFO] - Starting 'Chrome' driver

2020-12-18 18:00:27 - [MESSAGE][INFO] - Action delay is set to 0 milliseconds

2020-12-18 18:00:36 - [MESSAGE][PASSED] - Browser is opened with url: 'https://gdasandbox.test-arcadier.com/buyer-signin'

2020-12-18 18:00:36 - [TEST_STEP][PASSED] - maximizeWindow(): Current window maximized

2020-12-18 18:00:38 - [MESSAGE][PASSED] - Current window maximized

2020-12-18 18:00:38 - [TEST_STEP][PASSED] - callTestCase(findTestCase("Custom Procurement Details/UTILITIES/LOGIN"), [:], STOP_ON_FAILURE): Call Test Case 'Test Cases/Custom Procurement Details/UTILITIES/LOGIN' successfully

2020-12-18 18:00:38 - [TEST_CASE][PASSED] - Test Cases/Custom Procurement Details/UTILITIES/LOGIN: Test Cases/Custom Procurement Details/UTILITIES/LOGIN

2020-12-18 18:00:38 - [TEST_STEP][PASSED] - waitForElementPresent(findTestObject("Login/Page_diagnostics/a_Sign_in_as_Buyer"), 0): Object 'Object Repository/Login/Page_diagnostics/a_Sign_in_as_Buyer' is present

2020-12-18 18:00:39 - [MESSAGE][WARNING] - Timeout '0' is invalid. Using default page load timeout: '30'

2020-12-18 18:00:39 - [MESSAGE][PASSED] - Object 'Object Repository/Login/Page_diagnostics/a_Sign_in_as_Buyer' is present

2020-12-18 18:00:39 - [TEST_STEP][PASSED] - click(findTestObject("Login/Page_diagnostics/a_Sign_in_as_Buyer")): Object: 'Object Repository/Login/Page_diagnostics/a_Sign_in_as_Buyer' is clicked on

2020-12-18 18:00:39 - [MESSAGE][PASSED] - Object: 'Object Repository/Login/Page_diagnostics/a_Sign_in_as_Buyer' is clicked on

2020-12-18 18:00:39 - [TEST_STEP][PASSED] - waitForElementPresent(findTestObject("Login/Page_diagnostics/input_Username"), 0): Object 'Object Repository/Login/Page_diagnostics/input_Username' is present

2020-12-18 18:00:39 - [MESSAGE][WARNING] - Timeout '0' is invalid. Using default page load timeout: '30'

2020-12-18 18:00:40 - [MESSAGE][PASSED] - Object 'Object Repository/Login/Page_diagnostics/input_Username' is present

2020-12-18 18:00:40 - [TEST_STEP][PASSED] - setText(findTestObject("Login/Page_diagnostics/input_Username"), "admin"): Text 'admin' is set on object 'Object Repository/Login/Page_diagnostics/input_Username'

2020-12-18 18:00:40 - [MESSAGE][PASSED] - Text 'admin' is set on object 'Object Repository/Login/Page_diagnostics/input_Username'

2020-12-18 18:00:40 - [TEST_STEP][PASSED] - waitForElementPresent(findTestObject("Login/Page_diagnostics/input_Password"), 0): Object 'Object Repository/Login/Page_diagnostics/input_Password' is present

2020-12-18 18:00:40 - [MESSAGE][WARNING] - Timeout '0' is invalid. Using default page load timeout: '30'

2020-12-18 18:00:40 - [MESSAGE][PASSED] - Object 'Object Repository/Login/Page_diagnostics/input_Password' is present

2020-12-18 18:00:40 - [TEST_STEP][PASSED] - setText(findTestObject("Login/Page_diagnostics/input_Password"), "Diagnostics123!"): Text 'Diagnostics123!' is set on object 'Object Repository/Login/Page_diagnostics/input_Password'

2020-12-18 18:00:41 - [MESSAGE][PASSED] - Text 'Diagnostics123!' is set on object 'Object Repository/Login/Page_diagnostics/input_Password'

2020-12-18 18:00:41 - [TEST_STEP][PASSED] - waitForElementPresent(findTestObject("Login/Page_diagnostics/input_Submit"), 0): Object 'Object Repository/Login/Page_diagnostics/input_Submit' is present

2020-12-18 18:00:41 - [MESSAGE][WARNING] - Timeout '0' is invalid. Using default page load timeout: '30'

2020-12-18 18:00:41 - [MESSAGE][PASSED] - Object 'Object Repository/Login/Page_diagnostics/input_Submit' is present

2020-12-18 18:00:41 - [TEST_STEP][PASSED] - click(findTestObject("Login/Page_diagnostics/input_Submit")): Object: 'Object Repository/Login/Page_diagnostics/input_Submit' is clicked on

2020-12-18 18:00:47 - [MESSAGE][PASSED] - Object: 'Object Repository/Login/Page_diagnostics/input_Submit' is clicked on

2020-12-18 18:00:47 - [MESSAGE][PASSED] - Call Test Case 'Test Cases/Custom Procurement Details/UTILITIES/LOGIN' successfully

2020-12-18 18:00:47 - [TEST_STEP][PASSED] - navigateToUrl("https://gdasandbox.test-arcadier.com/user/item/detail/gdaagencyfind/59fde34e-4dcb-44b5-bdcd-2bde962c0cb5"): Navigate to 'https://gdasandbox.test-arcadier.com/user/item/detail/gdaagencyfind/59fde34e-4dcb-44b5-bdcd-2bde962c0cb5' successfully

2020-12-18 18:00:48 - [MESSAGE][PASSED] - Navigate to 'https://gdasandbox.test-arcadier.com/user/item/detail/gdaagencyfind/59fde34e-4dcb-44b5-bdcd-2bde962c0cb5' successfully

2020-12-18 18:00:48 - [MESSAGE][PASSED] - Call Test Case 'Test Cases/Custom Procurement Details/UTILITIES/OPEN_BROWSER' successfully

2020-12-18 18:00:48 - [TEST_STEP][PASSED] - callTestCase(findTestCase("Custom Procurement Details/UTILITIES/PROCURE_PAGE"), [:], STOP_ON_FAILURE): Call Test Case 'Test Cases/Custom Procurement Details/UTILITIES/PROCURE_PAGE' successfully

2020-12-18 18:00:48 - [TEST_CASE][PASSED] - Test Cases/Custom Procurement Details/UTILITIES/PROCURE_PAGE: Test Cases/Custom Procurement Details/UTILITIES/PROCURE_PAGE

2020-12-18 18:00:48 - [TEST_STEP][PASSED] - click(findTestObject("Item Details/Page_diagnostics/a_PROCURE_DIRECTLY_FROM_SELLER")): Object: 'Object Repository/Item Details/Page_diagnostics/a_PROCURE_DIRECTLY_FROM_SELLER' is clicked on

2020-12-18 18:00:51 - [MESSAGE][PASSED] - Object: 'Object Repository/Item Details/Page_diagnostics/a_PROCURE_DIRECTLY_FROM_SELLER' is clicked on

2020-12-18 18:00:51 - [MESSAGE][PASSED] - Call Test Case 'Test Cases/Custom Procurement Details/UTILITIES/PROCURE_PAGE' successfully

2020-12-18 18:00:51 - [TEST_STEP][PASSED] - callTestCase(findTestCase("Custom Procurement Details/UTILITIES/CART_PAGE"), [:], STOP_ON_FAILURE): Call Test Case 'Test Cases/Custom Procurement Details/UTILITIES/CART_PAGE' successfully

2020-12-18 18:00:51 - [TEST_CASE][PASSED] - Test Cases/Custom Procurement Details/UTILITIES/CART_PAGE: Test Cases/Custom Procurement Details/UTILITIES/CART_PAGE

2020-12-18 18:00:51 - [TEST_STEP][PASSED] - navigateToUrl("https://gdasandbox.test-arcadier.com/user/order/cart"): Navigate to 'https://gdasandbox.test-arcadier.com/user/order/cart' successfully

2020-12-18 18:00:52 - [MESSAGE][PASSED] - Navigate to 'https://gdasandbox.test-arcadier.com/user/order/cart' successfully

2020-12-18 18:00:52 - [TEST_STEP][PASSED] - click(findTestObject("Checkout Page/Page_diagnostics/a_CHECKOUT")): Object: 'Object Repository/Checkout Page/Page_diagnostics/a_CHECKOUT' is clicked on

2020-12-18 18:00:56 - [MESSAGE][PASSED] - Object: 'Object Repository/Checkout Page/Page_diagnostics/a_CHECKOUT' is clicked on

2020-12-18 18:00:56 - [MESSAGE][PASSED] - Call Test Case 'Test Cases/Custom Procurement Details/UTILITIES/CART_PAGE' successfully

2020-12-18 18:00:56 - [TEST_STEP][PASSED] - verifyElementPresent(findTestObject("Procurement Active1/Page_diagnostics/input_Notification_email"), 0): Object 'Object Repository/Procurement Active1/Page_diagnostics/input_Notification_email' is present

2020-12-18 18:00:56 - [MESSAGE][WARNING] - Timeout '0' is invalid. Using default page load timeout: '30'

2020-12-18 18:00:58 - [MESSAGE][PASSED] - Object 'Object Repository/Procurement Active1/Page_diagnostics/input_Notification_email' is present

2020-12-18 18:00:58 - [TEST_STEP][PASSED] - callTestCase(findTestCase("Custom Procurement Details/UTILITIES/CLOSE_BROWSER"), [:], STOP_ON_FAILURE): Call Test Case 'Test Cases/Custom Procurement Details/UTILITIES/CLOSE_BROWSER' successfully

2020-12-18 18:00:58 - [TEST_CASE][PASSED] - Test Cases/Custom Procurement Details/UTILITIES/CLOSE_BROWSER: Test Cases/Custom Procurement Details/UTILITIES/CLOSE_BROWSER

2020-12-18 18:00:58 - [TEST_STEP][PASSED] - closeBrowser(): Browser is closed

2020-12-18 18:00:58 - [MESSAGE][PASSED] - Browser is closed

2020-12-18 18:00:58 - [MESSAGE][PASSED] - Call Test Case 'Test Cases/Custom Procurement Details/UTILITIES/CLOSE_BROWSER' successfully]]></system-out>
         <system-err><![CDATA[]]></system-err>
      </testcase>
      <testcase name="Test Cases/Custom Procurement Details/TEST CASE/TC_DETAILS_UI_005" time="34.335" classname="Test Cases/Custom Procurement Details/TEST CASE/TC_DETAILS_UI_005" status="PASSED">
         <system-out><![CDATA[2020-12-18 18:00:58 - [TEST_CASE][PASSED] - Test Cases/Custom Procurement Details/TEST CASE/TC_DETAILS_UI_005: Test Cases/Custom Procurement Details/TEST CASE/TC_DETAILS_UI_005

2020-12-18 18:00:59 - [TEST_STEP][PASSED] - callTestCase(findTestCase("Custom Procurement Details/UTILITIES/OPEN_BROWSER"), [:], STOP_ON_FAILURE): Call Test Case 'Test Cases/Custom Procurement Details/UTILITIES/OPEN_BROWSER' successfully

2020-12-18 18:00:59 - [TEST_CASE][PASSED] - Test Cases/Custom Procurement Details/UTILITIES/OPEN_BROWSER: Test Cases/Custom Procurement Details/UTILITIES/OPEN_BROWSER

2020-12-18 18:00:59 - [TEST_STEP][PASSED] - openBrowser("https://gdasandbox.test-arcadier.com/buyer-signin"): Browser is opened with url: 'https://gdasandbox.test-arcadier.com/buyer-signin'

2020-12-18 18:00:59 - [MESSAGE][INFO] - Starting 'Chrome' driver

2020-12-18 18:00:59 - [MESSAGE][INFO] - Action delay is set to 0 milliseconds

2020-12-18 18:01:09 - [MESSAGE][PASSED] - Browser is opened with url: 'https://gdasandbox.test-arcadier.com/buyer-signin'

2020-12-18 18:01:09 - [TEST_STEP][PASSED] - maximizeWindow(): Current window maximized

2020-12-18 18:01:11 - [MESSAGE][PASSED] - Current window maximized

2020-12-18 18:01:11 - [TEST_STEP][PASSED] - callTestCase(findTestCase("Custom Procurement Details/UTILITIES/LOGIN"), [:], STOP_ON_FAILURE): Call Test Case 'Test Cases/Custom Procurement Details/UTILITIES/LOGIN' successfully

2020-12-18 18:01:11 - [TEST_CASE][PASSED] - Test Cases/Custom Procurement Details/UTILITIES/LOGIN: Test Cases/Custom Procurement Details/UTILITIES/LOGIN

2020-12-18 18:01:11 - [TEST_STEP][PASSED] - waitForElementPresent(findTestObject("Login/Page_diagnostics/a_Sign_in_as_Buyer"), 0): Object 'Object Repository/Login/Page_diagnostics/a_Sign_in_as_Buyer' is present

2020-12-18 18:01:11 - [MESSAGE][WARNING] - Timeout '0' is invalid. Using default page load timeout: '30'

2020-12-18 18:01:12 - [MESSAGE][PASSED] - Object 'Object Repository/Login/Page_diagnostics/a_Sign_in_as_Buyer' is present

2020-12-18 18:01:12 - [TEST_STEP][PASSED] - click(findTestObject("Login/Page_diagnostics/a_Sign_in_as_Buyer")): Object: 'Object Repository/Login/Page_diagnostics/a_Sign_in_as_Buyer' is clicked on

2020-12-18 18:01:12 - [MESSAGE][PASSED] - Object: 'Object Repository/Login/Page_diagnostics/a_Sign_in_as_Buyer' is clicked on

2020-12-18 18:01:12 - [TEST_STEP][PASSED] - waitForElementPresent(findTestObject("Login/Page_diagnostics/input_Username"), 0): Object 'Object Repository/Login/Page_diagnostics/input_Username' is present

2020-12-18 18:01:12 - [MESSAGE][WARNING] - Timeout '0' is invalid. Using default page load timeout: '30'

2020-12-18 18:01:13 - [MESSAGE][PASSED] - Object 'Object Repository/Login/Page_diagnostics/input_Username' is present

2020-12-18 18:01:13 - [TEST_STEP][PASSED] - setText(findTestObject("Login/Page_diagnostics/input_Username"), "admin"): Text 'admin' is set on object 'Object Repository/Login/Page_diagnostics/input_Username'

2020-12-18 18:01:14 - [MESSAGE][PASSED] - Text 'admin' is set on object 'Object Repository/Login/Page_diagnostics/input_Username'

2020-12-18 18:01:14 - [TEST_STEP][PASSED] - waitForElementPresent(findTestObject("Login/Page_diagnostics/input_Password"), 0): Object 'Object Repository/Login/Page_diagnostics/input_Password' is present

2020-12-18 18:01:14 - [MESSAGE][WARNING] - Timeout '0' is invalid. Using default page load timeout: '30'

2020-12-18 18:01:14 - [MESSAGE][PASSED] - Object 'Object Repository/Login/Page_diagnostics/input_Password' is present

2020-12-18 18:01:14 - [TEST_STEP][PASSED] - setText(findTestObject("Login/Page_diagnostics/input_Password"), "Diagnostics123!"): Text 'Diagnostics123!' is set on object 'Object Repository/Login/Page_diagnostics/input_Password'

2020-12-18 18:01:14 - [MESSAGE][PASSED] - Text 'Diagnostics123!' is set on object 'Object Repository/Login/Page_diagnostics/input_Password'

2020-12-18 18:01:14 - [TEST_STEP][PASSED] - waitForElementPresent(findTestObject("Login/Page_diagnostics/input_Submit"), 0): Object 'Object Repository/Login/Page_diagnostics/input_Submit' is present

2020-12-18 18:01:14 - [MESSAGE][WARNING] - Timeout '0' is invalid. Using default page load timeout: '30'

2020-12-18 18:01:15 - [MESSAGE][PASSED] - Object 'Object Repository/Login/Page_diagnostics/input_Submit' is present

2020-12-18 18:01:15 - [TEST_STEP][PASSED] - click(findTestObject("Login/Page_diagnostics/input_Submit")): Object: 'Object Repository/Login/Page_diagnostics/input_Submit' is clicked on

2020-12-18 18:01:21 - [MESSAGE][PASSED] - Object: 'Object Repository/Login/Page_diagnostics/input_Submit' is clicked on

2020-12-18 18:01:21 - [MESSAGE][PASSED] - Call Test Case 'Test Cases/Custom Procurement Details/UTILITIES/LOGIN' successfully

2020-12-18 18:01:21 - [TEST_STEP][PASSED] - navigateToUrl("https://gdasandbox.test-arcadier.com/user/item/detail/gdaagencyfind/59fde34e-4dcb-44b5-bdcd-2bde962c0cb5"): Navigate to 'https://gdasandbox.test-arcadier.com/user/item/detail/gdaagencyfind/59fde34e-4dcb-44b5-bdcd-2bde962c0cb5' successfully

2020-12-18 18:01:22 - [MESSAGE][PASSED] - Navigate to 'https://gdasandbox.test-arcadier.com/user/item/detail/gdaagencyfind/59fde34e-4dcb-44b5-bdcd-2bde962c0cb5' successfully

2020-12-18 18:01:22 - [MESSAGE][PASSED] - Call Test Case 'Test Cases/Custom Procurement Details/UTILITIES/OPEN_BROWSER' successfully

2020-12-18 18:01:22 - [TEST_STEP][PASSED] - callTestCase(findTestCase("Custom Procurement Details/UTILITIES/PROCURE_PAGE"), [:], STOP_ON_FAILURE): Call Test Case 'Test Cases/Custom Procurement Details/UTILITIES/PROCURE_PAGE' successfully

2020-12-18 18:01:22 - [TEST_CASE][PASSED] - Test Cases/Custom Procurement Details/UTILITIES/PROCURE_PAGE: Test Cases/Custom Procurement Details/UTILITIES/PROCURE_PAGE

2020-12-18 18:01:22 - [TEST_STEP][PASSED] - click(findTestObject("Item Details/Page_diagnostics/a_PROCURE_DIRECTLY_FROM_SELLER")): Object: 'Object Repository/Item Details/Page_diagnostics/a_PROCURE_DIRECTLY_FROM_SELLER' is clicked on

2020-12-18 18:01:25 - [MESSAGE][PASSED] - Object: 'Object Repository/Item Details/Page_diagnostics/a_PROCURE_DIRECTLY_FROM_SELLER' is clicked on

2020-12-18 18:01:25 - [MESSAGE][PASSED] - Call Test Case 'Test Cases/Custom Procurement Details/UTILITIES/PROCURE_PAGE' successfully

2020-12-18 18:01:25 - [TEST_STEP][PASSED] - callTestCase(findTestCase("Custom Procurement Details/UTILITIES/CART_PAGE"), [:], STOP_ON_FAILURE): Call Test Case 'Test Cases/Custom Procurement Details/UTILITIES/CART_PAGE' successfully

2020-12-18 18:01:25 - [TEST_CASE][PASSED] - Test Cases/Custom Procurement Details/UTILITIES/CART_PAGE: Test Cases/Custom Procurement Details/UTILITIES/CART_PAGE

2020-12-18 18:01:25 - [TEST_STEP][PASSED] - navigateToUrl("https://gdasandbox.test-arcadier.com/user/order/cart"): Navigate to 'https://gdasandbox.test-arcadier.com/user/order/cart' successfully

2020-12-18 18:01:27 - [MESSAGE][PASSED] - Navigate to 'https://gdasandbox.test-arcadier.com/user/order/cart' successfully

2020-12-18 18:01:27 - [TEST_STEP][PASSED] - click(findTestObject("Checkout Page/Page_diagnostics/a_CHECKOUT")): Object: 'Object Repository/Checkout Page/Page_diagnostics/a_CHECKOUT' is clicked on

2020-12-18 18:01:30 - [MESSAGE][PASSED] - Object: 'Object Repository/Checkout Page/Page_diagnostics/a_CHECKOUT' is clicked on

2020-12-18 18:01:30 - [MESSAGE][PASSED] - Call Test Case 'Test Cases/Custom Procurement Details/UTILITIES/CART_PAGE' successfully

2020-12-18 18:01:30 - [TEST_STEP][PASSED] - verifyElementPresent(findTestObject("Procurement Active1/Page_diagnostics/input_Contact_number"), 0): Object 'Object Repository/Procurement Active1/Page_diagnostics/input_Contact_number' is present

2020-12-18 18:01:30 - [MESSAGE][WARNING] - Timeout '0' is invalid. Using default page load timeout: '30'

2020-12-18 18:01:32 - [MESSAGE][PASSED] - Object 'Object Repository/Procurement Active1/Page_diagnostics/input_Contact_number' is present

2020-12-18 18:01:32 - [TEST_STEP][PASSED] - callTestCase(findTestCase("Custom Procurement Details/UTILITIES/CLOSE_BROWSER"), [:], STOP_ON_FAILURE): Call Test Case 'Test Cases/Custom Procurement Details/UTILITIES/CLOSE_BROWSER' successfully

2020-12-18 18:01:32 - [TEST_CASE][PASSED] - Test Cases/Custom Procurement Details/UTILITIES/CLOSE_BROWSER: Test Cases/Custom Procurement Details/UTILITIES/CLOSE_BROWSER

2020-12-18 18:01:32 - [TEST_STEP][PASSED] - closeBrowser(): Browser is closed

2020-12-18 18:01:33 - [MESSAGE][PASSED] - Browser is closed

2020-12-18 18:01:33 - [MESSAGE][PASSED] - Call Test Case 'Test Cases/Custom Procurement Details/UTILITIES/CLOSE_BROWSER' successfully]]></system-out>
         <system-err><![CDATA[]]></system-err>
      </testcase>
      <testcase name="Test Cases/Custom Procurement Details/TEST CASE/TC_DETAILS_UI_006" time="35.137" classname="Test Cases/Custom Procurement Details/TEST CASE/TC_DETAILS_UI_006" status="PASSED">
         <system-out><![CDATA[2020-12-18 18:01:33 - [TEST_CASE][PASSED] - Test Cases/Custom Procurement Details/TEST CASE/TC_DETAILS_UI_006: Test Cases/Custom Procurement Details/TEST CASE/TC_DETAILS_UI_006

2020-12-18 18:01:33 - [TEST_STEP][PASSED] - callTestCase(findTestCase("Custom Procurement Details/UTILITIES/OPEN_BROWSER"), [:], STOP_ON_FAILURE): Call Test Case 'Test Cases/Custom Procurement Details/UTILITIES/OPEN_BROWSER' successfully

2020-12-18 18:01:33 - [TEST_CASE][PASSED] - Test Cases/Custom Procurement Details/UTILITIES/OPEN_BROWSER: Test Cases/Custom Procurement Details/UTILITIES/OPEN_BROWSER

2020-12-18 18:01:33 - [TEST_STEP][PASSED] - openBrowser("https://gdasandbox.test-arcadier.com/buyer-signin"): Browser is opened with url: 'https://gdasandbox.test-arcadier.com/buyer-signin'

2020-12-18 18:01:33 - [MESSAGE][INFO] - Starting 'Chrome' driver

2020-12-18 18:01:33 - [MESSAGE][INFO] - Action delay is set to 0 milliseconds

2020-12-18 18:01:43 - [MESSAGE][PASSED] - Browser is opened with url: 'https://gdasandbox.test-arcadier.com/buyer-signin'

2020-12-18 18:01:43 - [TEST_STEP][PASSED] - maximizeWindow(): Current window maximized

2020-12-18 18:01:45 - [MESSAGE][PASSED] - Current window maximized

2020-12-18 18:01:45 - [TEST_STEP][PASSED] - callTestCase(findTestCase("Custom Procurement Details/UTILITIES/LOGIN"), [:], STOP_ON_FAILURE): Call Test Case 'Test Cases/Custom Procurement Details/UTILITIES/LOGIN' successfully

2020-12-18 18:01:45 - [TEST_CASE][PASSED] - Test Cases/Custom Procurement Details/UTILITIES/LOGIN: Test Cases/Custom Procurement Details/UTILITIES/LOGIN

2020-12-18 18:01:45 - [TEST_STEP][PASSED] - waitForElementPresent(findTestObject("Login/Page_diagnostics/a_Sign_in_as_Buyer"), 0): Object 'Object Repository/Login/Page_diagnostics/a_Sign_in_as_Buyer' is present

2020-12-18 18:01:45 - [MESSAGE][WARNING] - Timeout '0' is invalid. Using default page load timeout: '30'

2020-12-18 18:01:46 - [MESSAGE][PASSED] - Object 'Object Repository/Login/Page_diagnostics/a_Sign_in_as_Buyer' is present

2020-12-18 18:01:46 - [TEST_STEP][PASSED] - click(findTestObject("Login/Page_diagnostics/a_Sign_in_as_Buyer")): Object: 'Object Repository/Login/Page_diagnostics/a_Sign_in_as_Buyer' is clicked on

2020-12-18 18:01:47 - [MESSAGE][PASSED] - Object: 'Object Repository/Login/Page_diagnostics/a_Sign_in_as_Buyer' is clicked on

2020-12-18 18:01:47 - [TEST_STEP][PASSED] - waitForElementPresent(findTestObject("Login/Page_diagnostics/input_Username"), 0): Object 'Object Repository/Login/Page_diagnostics/input_Username' is present

2020-12-18 18:01:47 - [MESSAGE][WARNING] - Timeout '0' is invalid. Using default page load timeout: '30'

2020-12-18 18:01:47 - [MESSAGE][PASSED] - Object 'Object Repository/Login/Page_diagnostics/input_Username' is present

2020-12-18 18:01:47 - [TEST_STEP][PASSED] - setText(findTestObject("Login/Page_diagnostics/input_Username"), "admin"): Text 'admin' is set on object 'Object Repository/Login/Page_diagnostics/input_Username'

2020-12-18 18:01:48 - [MESSAGE][PASSED] - Text 'admin' is set on object 'Object Repository/Login/Page_diagnostics/input_Username'

2020-12-18 18:01:48 - [TEST_STEP][PASSED] - waitForElementPresent(findTestObject("Login/Page_diagnostics/input_Password"), 0): Object 'Object Repository/Login/Page_diagnostics/input_Password' is present

2020-12-18 18:01:48 - [MESSAGE][WARNING] - Timeout '0' is invalid. Using default page load timeout: '30'

2020-12-18 18:01:48 - [MESSAGE][PASSED] - Object 'Object Repository/Login/Page_diagnostics/input_Password' is present

2020-12-18 18:01:48 - [TEST_STEP][PASSED] - setText(findTestObject("Login/Page_diagnostics/input_Password"), "Diagnostics123!"): Text 'Diagnostics123!' is set on object 'Object Repository/Login/Page_diagnostics/input_Password'

2020-12-18 18:01:49 - [MESSAGE][PASSED] - Text 'Diagnostics123!' is set on object 'Object Repository/Login/Page_diagnostics/input_Password'

2020-12-18 18:01:49 - [TEST_STEP][PASSED] - waitForElementPresent(findTestObject("Login/Page_diagnostics/input_Submit"), 0): Object 'Object Repository/Login/Page_diagnostics/input_Submit' is present

2020-12-18 18:01:49 - [MESSAGE][WARNING] - Timeout '0' is invalid. Using default page load timeout: '30'

2020-12-18 18:01:49 - [MESSAGE][PASSED] - Object 'Object Repository/Login/Page_diagnostics/input_Submit' is present

2020-12-18 18:01:49 - [TEST_STEP][PASSED] - click(findTestObject("Login/Page_diagnostics/input_Submit")): Object: 'Object Repository/Login/Page_diagnostics/input_Submit' is clicked on

2020-12-18 18:01:55 - [MESSAGE][PASSED] - Object: 'Object Repository/Login/Page_diagnostics/input_Submit' is clicked on

2020-12-18 18:01:55 - [MESSAGE][PASSED] - Call Test Case 'Test Cases/Custom Procurement Details/UTILITIES/LOGIN' successfully

2020-12-18 18:01:55 - [TEST_STEP][PASSED] - navigateToUrl("https://gdasandbox.test-arcadier.com/user/item/detail/gdaagencyfind/59fde34e-4dcb-44b5-bdcd-2bde962c0cb5"): Navigate to 'https://gdasandbox.test-arcadier.com/user/item/detail/gdaagencyfind/59fde34e-4dcb-44b5-bdcd-2bde962c0cb5' successfully

2020-12-18 18:01:57 - [MESSAGE][PASSED] - Navigate to 'https://gdasandbox.test-arcadier.com/user/item/detail/gdaagencyfind/59fde34e-4dcb-44b5-bdcd-2bde962c0cb5' successfully

2020-12-18 18:01:57 - [MESSAGE][PASSED] - Call Test Case 'Test Cases/Custom Procurement Details/UTILITIES/OPEN_BROWSER' successfully

2020-12-18 18:01:57 - [TEST_STEP][PASSED] - callTestCase(findTestCase("Custom Procurement Details/UTILITIES/PROCURE_PAGE"), [:], STOP_ON_FAILURE): Call Test Case 'Test Cases/Custom Procurement Details/UTILITIES/PROCURE_PAGE' successfully

2020-12-18 18:01:57 - [TEST_CASE][PASSED] - Test Cases/Custom Procurement Details/UTILITIES/PROCURE_PAGE: Test Cases/Custom Procurement Details/UTILITIES/PROCURE_PAGE

2020-12-18 18:01:57 - [TEST_STEP][PASSED] - click(findTestObject("Item Details/Page_diagnostics/a_PROCURE_DIRECTLY_FROM_SELLER")): Object: 'Object Repository/Item Details/Page_diagnostics/a_PROCURE_DIRECTLY_FROM_SELLER' is clicked on

2020-12-18 18:01:59 - [MESSAGE][PASSED] - Object: 'Object Repository/Item Details/Page_diagnostics/a_PROCURE_DIRECTLY_FROM_SELLER' is clicked on

2020-12-18 18:01:59 - [MESSAGE][PASSED] - Call Test Case 'Test Cases/Custom Procurement Details/UTILITIES/PROCURE_PAGE' successfully

2020-12-18 18:01:59 - [TEST_STEP][PASSED] - callTestCase(findTestCase("Custom Procurement Details/UTILITIES/CART_PAGE"), [:], STOP_ON_FAILURE): Call Test Case 'Test Cases/Custom Procurement Details/UTILITIES/CART_PAGE' successfully

2020-12-18 18:01:59 - [TEST_CASE][PASSED] - Test Cases/Custom Procurement Details/UTILITIES/CART_PAGE: Test Cases/Custom Procurement Details/UTILITIES/CART_PAGE

2020-12-18 18:01:59 - [TEST_STEP][PASSED] - navigateToUrl("https://gdasandbox.test-arcadier.com/user/order/cart"): Navigate to 'https://gdasandbox.test-arcadier.com/user/order/cart' successfully

2020-12-18 18:02:02 - [MESSAGE][PASSED] - Navigate to 'https://gdasandbox.test-arcadier.com/user/order/cart' successfully

2020-12-18 18:02:02 - [TEST_STEP][PASSED] - click(findTestObject("Checkout Page/Page_diagnostics/a_CHECKOUT")): Object: 'Object Repository/Checkout Page/Page_diagnostics/a_CHECKOUT' is clicked on

2020-12-18 18:02:05 - [MESSAGE][PASSED] - Object: 'Object Repository/Checkout Page/Page_diagnostics/a_CHECKOUT' is clicked on

2020-12-18 18:02:05 - [MESSAGE][PASSED] - Call Test Case 'Test Cases/Custom Procurement Details/UTILITIES/CART_PAGE' successfully

2020-12-18 18:02:05 - [TEST_STEP][PASSED] - verifyElementPresent(findTestObject("Procurement Active1/Page_diagnostics/input_Person-in-charge"), 0): Object 'Object Repository/Procurement Active1/Page_diagnostics/input_Person-in-charge' is present

2020-12-18 18:02:05 - [MESSAGE][WARNING] - Timeout '0' is invalid. Using default page load timeout: '30'

2020-12-18 18:02:07 - [MESSAGE][PASSED] - Object 'Object Repository/Procurement Active1/Page_diagnostics/input_Person-in-charge' is present

2020-12-18 18:02:07 - [TEST_STEP][PASSED] - callTestCase(findTestCase("Custom Procurement Details/UTILITIES/CLOSE_BROWSER"), [:], STOP_ON_FAILURE): Call Test Case 'Test Cases/Custom Procurement Details/UTILITIES/CLOSE_BROWSER' successfully

2020-12-18 18:02:07 - [TEST_CASE][PASSED] - Test Cases/Custom Procurement Details/UTILITIES/CLOSE_BROWSER: Test Cases/Custom Procurement Details/UTILITIES/CLOSE_BROWSER

2020-12-18 18:02:07 - [TEST_STEP][PASSED] - closeBrowser(): Browser is closed

2020-12-18 18:02:08 - [MESSAGE][PASSED] - Browser is closed

2020-12-18 18:02:08 - [MESSAGE][PASSED] - Call Test Case 'Test Cases/Custom Procurement Details/UTILITIES/CLOSE_BROWSER' successfully]]></system-out>
         <system-err><![CDATA[]]></system-err>
      </testcase>
      <testcase name="Test Cases/Custom Procurement Details/TEST CASE/TC_DETAILS_UI_007" time="32.0" classname="Test Cases/Custom Procurement Details/TEST CASE/TC_DETAILS_UI_007" status="PASSED">
         <system-out><![CDATA[2020-12-18 18:02:08 - [TEST_CASE][PASSED] - Test Cases/Custom Procurement Details/TEST CASE/TC_DETAILS_UI_007: Test Cases/Custom Procurement Details/TEST CASE/TC_DETAILS_UI_007

2020-12-18 18:02:08 - [TEST_STEP][PASSED] - callTestCase(findTestCase("Custom Procurement Details/UTILITIES/OPEN_BROWSER"), [:], STOP_ON_FAILURE): Call Test Case 'Test Cases/Custom Procurement Details/UTILITIES/OPEN_BROWSER' successfully

2020-12-18 18:02:08 - [TEST_CASE][PASSED] - Test Cases/Custom Procurement Details/UTILITIES/OPEN_BROWSER: Test Cases/Custom Procurement Details/UTILITIES/OPEN_BROWSER

2020-12-18 18:02:08 - [TEST_STEP][PASSED] - openBrowser("https://gdasandbox.test-arcadier.com/buyer-signin"): Browser is opened with url: 'https://gdasandbox.test-arcadier.com/buyer-signin'

2020-12-18 18:02:08 - [MESSAGE][INFO] - Starting 'Chrome' driver

2020-12-18 18:02:08 - [MESSAGE][INFO] - Action delay is set to 0 milliseconds

2020-12-18 18:02:15 - [MESSAGE][PASSED] - Browser is opened with url: 'https://gdasandbox.test-arcadier.com/buyer-signin'

2020-12-18 18:02:15 - [TEST_STEP][PASSED] - maximizeWindow(): Current window maximized

2020-12-18 18:02:18 - [MESSAGE][PASSED] - Current window maximized

2020-12-18 18:02:18 - [TEST_STEP][PASSED] - callTestCase(findTestCase("Custom Procurement Details/UTILITIES/LOGIN"), [:], STOP_ON_FAILURE): Call Test Case 'Test Cases/Custom Procurement Details/UTILITIES/LOGIN' successfully

2020-12-18 18:02:18 - [TEST_CASE][PASSED] - Test Cases/Custom Procurement Details/UTILITIES/LOGIN: Test Cases/Custom Procurement Details/UTILITIES/LOGIN

2020-12-18 18:02:18 - [TEST_STEP][PASSED] - waitForElementPresent(findTestObject("Login/Page_diagnostics/a_Sign_in_as_Buyer"), 0): Object 'Object Repository/Login/Page_diagnostics/a_Sign_in_as_Buyer' is present

2020-12-18 18:02:18 - [MESSAGE][WARNING] - Timeout '0' is invalid. Using default page load timeout: '30'

2020-12-18 18:02:18 - [MESSAGE][PASSED] - Object 'Object Repository/Login/Page_diagnostics/a_Sign_in_as_Buyer' is present

2020-12-18 18:02:18 - [TEST_STEP][PASSED] - click(findTestObject("Login/Page_diagnostics/a_Sign_in_as_Buyer")): Object: 'Object Repository/Login/Page_diagnostics/a_Sign_in_as_Buyer' is clicked on

2020-12-18 18:02:19 - [MESSAGE][PASSED] - Object: 'Object Repository/Login/Page_diagnostics/a_Sign_in_as_Buyer' is clicked on

2020-12-18 18:02:19 - [TEST_STEP][PASSED] - waitForElementPresent(findTestObject("Login/Page_diagnostics/input_Username"), 0): Object 'Object Repository/Login/Page_diagnostics/input_Username' is present

2020-12-18 18:02:19 - [MESSAGE][WARNING] - Timeout '0' is invalid. Using default page load timeout: '30'

2020-12-18 18:02:19 - [MESSAGE][PASSED] - Object 'Object Repository/Login/Page_diagnostics/input_Username' is present

2020-12-18 18:02:19 - [TEST_STEP][PASSED] - setText(findTestObject("Login/Page_diagnostics/input_Username"), "admin"): Text 'admin' is set on object 'Object Repository/Login/Page_diagnostics/input_Username'

2020-12-18 18:02:20 - [MESSAGE][PASSED] - Text 'admin' is set on object 'Object Repository/Login/Page_diagnostics/input_Username'

2020-12-18 18:02:20 - [TEST_STEP][PASSED] - waitForElementPresent(findTestObject("Login/Page_diagnostics/input_Password"), 0): Object 'Object Repository/Login/Page_diagnostics/input_Password' is present

2020-12-18 18:02:20 - [MESSAGE][WARNING] - Timeout '0' is invalid. Using default page load timeout: '30'

2020-12-18 18:02:21 - [MESSAGE][PASSED] - Object 'Object Repository/Login/Page_diagnostics/input_Password' is present

2020-12-18 18:02:21 - [TEST_STEP][PASSED] - setText(findTestObject("Login/Page_diagnostics/input_Password"), "Diagnostics123!"): Text 'Diagnostics123!' is set on object 'Object Repository/Login/Page_diagnostics/input_Password'

2020-12-18 18:02:21 - [MESSAGE][PASSED] - Text 'Diagnostics123!' is set on object 'Object Repository/Login/Page_diagnostics/input_Password'

2020-12-18 18:02:21 - [TEST_STEP][PASSED] - waitForElementPresent(findTestObject("Login/Page_diagnostics/input_Submit"), 0): Object 'Object Repository/Login/Page_diagnostics/input_Submit' is present

2020-12-18 18:02:21 - [MESSAGE][WARNING] - Timeout '0' is invalid. Using default page load timeout: '30'

2020-12-18 18:02:21 - [MESSAGE][PASSED] - Object 'Object Repository/Login/Page_diagnostics/input_Submit' is present

2020-12-18 18:02:21 - [TEST_STEP][PASSED] - click(findTestObject("Login/Page_diagnostics/input_Submit")): Object: 'Object Repository/Login/Page_diagnostics/input_Submit' is clicked on

2020-12-18 18:02:28 - [MESSAGE][PASSED] - Object: 'Object Repository/Login/Page_diagnostics/input_Submit' is clicked on

2020-12-18 18:02:28 - [MESSAGE][PASSED] - Call Test Case 'Test Cases/Custom Procurement Details/UTILITIES/LOGIN' successfully

2020-12-18 18:02:28 - [TEST_STEP][PASSED] - navigateToUrl("https://gdasandbox.test-arcadier.com/user/item/detail/gdaagencyfind/59fde34e-4dcb-44b5-bdcd-2bde962c0cb5"): Navigate to 'https://gdasandbox.test-arcadier.com/user/item/detail/gdaagencyfind/59fde34e-4dcb-44b5-bdcd-2bde962c0cb5' successfully

2020-12-18 18:02:30 - [MESSAGE][PASSED] - Navigate to 'https://gdasandbox.test-arcadier.com/user/item/detail/gdaagencyfind/59fde34e-4dcb-44b5-bdcd-2bde962c0cb5' successfully

2020-12-18 18:02:30 - [MESSAGE][PASSED] - Call Test Case 'Test Cases/Custom Procurement Details/UTILITIES/OPEN_BROWSER' successfully

2020-12-18 18:02:30 - [TEST_STEP][PASSED] - callTestCase(findTestCase("Custom Procurement Details/UTILITIES/PROCURE_PAGE"), [:], STOP_ON_FAILURE): Call Test Case 'Test Cases/Custom Procurement Details/UTILITIES/PROCURE_PAGE' successfully

2020-12-18 18:02:30 - [TEST_CASE][PASSED] - Test Cases/Custom Procurement Details/UTILITIES/PROCURE_PAGE: Test Cases/Custom Procurement Details/UTILITIES/PROCURE_PAGE

2020-12-18 18:02:30 - [TEST_STEP][PASSED] - click(findTestObject("Item Details/Page_diagnostics/a_PROCURE_DIRECTLY_FROM_SELLER")): Object: 'Object Repository/Item Details/Page_diagnostics/a_PROCURE_DIRECTLY_FROM_SELLER' is clicked on

2020-12-18 18:02:32 - [MESSAGE][PASSED] - Object: 'Object Repository/Item Details/Page_diagnostics/a_PROCURE_DIRECTLY_FROM_SELLER' is clicked on

2020-12-18 18:02:32 - [MESSAGE][PASSED] - Call Test Case 'Test Cases/Custom Procurement Details/UTILITIES/PROCURE_PAGE' successfully

2020-12-18 18:02:32 - [TEST_STEP][PASSED] - callTestCase(findTestCase("Custom Procurement Details/UTILITIES/CART_PAGE"), [:], STOP_ON_FAILURE): Call Test Case 'Test Cases/Custom Procurement Details/UTILITIES/CART_PAGE' successfully

2020-12-18 18:02:32 - [TEST_CASE][PASSED] - Test Cases/Custom Procurement Details/UTILITIES/CART_PAGE: Test Cases/Custom Procurement Details/UTILITIES/CART_PAGE

2020-12-18 18:02:32 - [TEST_STEP][PASSED] - navigateToUrl("https://gdasandbox.test-arcadier.com/user/order/cart"): Navigate to 'https://gdasandbox.test-arcadier.com/user/order/cart' successfully

2020-12-18 18:02:34 - [MESSAGE][PASSED] - Navigate to 'https://gdasandbox.test-arcadier.com/user/order/cart' successfully

2020-12-18 18:02:34 - [TEST_STEP][PASSED] - click(findTestObject("Checkout Page/Page_diagnostics/a_CHECKOUT")): Object: 'Object Repository/Checkout Page/Page_diagnostics/a_CHECKOUT' is clicked on

2020-12-18 18:02:37 - [MESSAGE][PASSED] - Object: 'Object Repository/Checkout Page/Page_diagnostics/a_CHECKOUT' is clicked on

2020-12-18 18:02:37 - [MESSAGE][PASSED] - Call Test Case 'Test Cases/Custom Procurement Details/UTILITIES/CART_PAGE' successfully

2020-12-18 18:02:37 - [TEST_STEP][PASSED] - verifyElementPresent(findTestObject("Procurement Active1/Page_diagnostics/a_NEXT"), 0): Object 'Object Repository/Procurement Active1/Page_diagnostics/a_NEXT' is present

2020-12-18 18:02:37 - [MESSAGE][WARNING] - Timeout '0' is invalid. Using default page load timeout: '30'

2020-12-18 18:02:39 - [MESSAGE][PASSED] - Object 'Object Repository/Procurement Active1/Page_diagnostics/a_NEXT' is present

2020-12-18 18:02:39 - [TEST_STEP][PASSED] - callTestCase(findTestCase("Custom Procurement Details/UTILITIES/CLOSE_BROWSER"), [:], STOP_ON_FAILURE): Call Test Case 'Test Cases/Custom Procurement Details/UTILITIES/CLOSE_BROWSER' successfully

2020-12-18 18:02:39 - [TEST_CASE][PASSED] - Test Cases/Custom Procurement Details/UTILITIES/CLOSE_BROWSER: Test Cases/Custom Procurement Details/UTILITIES/CLOSE_BROWSER

2020-12-18 18:02:39 - [TEST_STEP][PASSED] - closeBrowser(): Browser is closed

2020-12-18 18:02:40 - [MESSAGE][PASSED] - Browser is closed

2020-12-18 18:02:40 - [MESSAGE][PASSED] - Call Test Case 'Test Cases/Custom Procurement Details/UTILITIES/CLOSE_BROWSER' successfully]]></system-out>
         <system-err><![CDATA[]]></system-err>
      </testcase>
      <testcase name="Test Cases/Custom Procurement Details/TEST CASE/TC_DETAILS_UI_008" time="38.539" classname="Test Cases/Custom Procurement Details/TEST CASE/TC_DETAILS_UI_008" status="PASSED">
         <system-out><![CDATA[2020-12-18 18:02:40 - [TEST_CASE][PASSED] - Test Cases/Custom Procurement Details/TEST CASE/TC_DETAILS_UI_008: Test Cases/Custom Procurement Details/TEST CASE/TC_DETAILS_UI_008

2020-12-18 18:02:40 - [TEST_STEP][PASSED] - callTestCase(findTestCase("Custom Procurement Details/UTILITIES/OPEN_BROWSER"), [:], STOP_ON_FAILURE): Call Test Case 'Test Cases/Custom Procurement Details/UTILITIES/OPEN_BROWSER' successfully

2020-12-18 18:02:40 - [TEST_CASE][PASSED] - Test Cases/Custom Procurement Details/UTILITIES/OPEN_BROWSER: Test Cases/Custom Procurement Details/UTILITIES/OPEN_BROWSER

2020-12-18 18:02:40 - [TEST_STEP][PASSED] - openBrowser("https://gdasandbox.test-arcadier.com/buyer-signin"): Browser is opened with url: 'https://gdasandbox.test-arcadier.com/buyer-signin'

2020-12-18 18:02:40 - [MESSAGE][INFO] - Starting 'Chrome' driver

2020-12-18 18:02:40 - [MESSAGE][INFO] - Action delay is set to 0 milliseconds

2020-12-18 18:02:50 - [MESSAGE][PASSED] - Browser is opened with url: 'https://gdasandbox.test-arcadier.com/buyer-signin'

2020-12-18 18:02:50 - [TEST_STEP][PASSED] - maximizeWindow(): Current window maximized

2020-12-18 18:02:52 - [MESSAGE][PASSED] - Current window maximized

2020-12-18 18:02:52 - [TEST_STEP][PASSED] - callTestCase(findTestCase("Custom Procurement Details/UTILITIES/LOGIN"), [:], STOP_ON_FAILURE): Call Test Case 'Test Cases/Custom Procurement Details/UTILITIES/LOGIN' successfully

2020-12-18 18:02:52 - [TEST_CASE][PASSED] - Test Cases/Custom Procurement Details/UTILITIES/LOGIN: Test Cases/Custom Procurement Details/UTILITIES/LOGIN

2020-12-18 18:02:52 - [TEST_STEP][PASSED] - waitForElementPresent(findTestObject("Login/Page_diagnostics/a_Sign_in_as_Buyer"), 0): Object 'Object Repository/Login/Page_diagnostics/a_Sign_in_as_Buyer' is present

2020-12-18 18:02:52 - [MESSAGE][WARNING] - Timeout '0' is invalid. Using default page load timeout: '30'

2020-12-18 18:02:54 - [MESSAGE][PASSED] - Object 'Object Repository/Login/Page_diagnostics/a_Sign_in_as_Buyer' is present

2020-12-18 18:02:54 - [TEST_STEP][PASSED] - click(findTestObject("Login/Page_diagnostics/a_Sign_in_as_Buyer")): Object: 'Object Repository/Login/Page_diagnostics/a_Sign_in_as_Buyer' is clicked on

2020-12-18 18:02:54 - [MESSAGE][PASSED] - Object: 'Object Repository/Login/Page_diagnostics/a_Sign_in_as_Buyer' is clicked on

2020-12-18 18:02:54 - [TEST_STEP][PASSED] - waitForElementPresent(findTestObject("Login/Page_diagnostics/input_Username"), 0): Object 'Object Repository/Login/Page_diagnostics/input_Username' is present

2020-12-18 18:02:54 - [MESSAGE][WARNING] - Timeout '0' is invalid. Using default page load timeout: '30'

2020-12-18 18:02:54 - [MESSAGE][PASSED] - Object 'Object Repository/Login/Page_diagnostics/input_Username' is present

2020-12-18 18:02:54 - [TEST_STEP][PASSED] - setText(findTestObject("Login/Page_diagnostics/input_Username"), "admin"): Text 'admin' is set on object 'Object Repository/Login/Page_diagnostics/input_Username'

2020-12-18 18:02:55 - [MESSAGE][PASSED] - Text 'admin' is set on object 'Object Repository/Login/Page_diagnostics/input_Username'

2020-12-18 18:02:55 - [TEST_STEP][PASSED] - waitForElementPresent(findTestObject("Login/Page_diagnostics/input_Password"), 0): Object 'Object Repository/Login/Page_diagnostics/input_Password' is present

2020-12-18 18:02:55 - [MESSAGE][WARNING] - Timeout '0' is invalid. Using default page load timeout: '30'

2020-12-18 18:02:55 - [MESSAGE][PASSED] - Object 'Object Repository/Login/Page_diagnostics/input_Password' is present

2020-12-18 18:02:55 - [TEST_STEP][PASSED] - setText(findTestObject("Login/Page_diagnostics/input_Password"), "Diagnostics123!"): Text 'Diagnostics123!' is set on object 'Object Repository/Login/Page_diagnostics/input_Password'

2020-12-18 18:02:56 - [MESSAGE][PASSED] - Text 'Diagnostics123!' is set on object 'Object Repository/Login/Page_diagnostics/input_Password'

2020-12-18 18:02:56 - [TEST_STEP][PASSED] - waitForElementPresent(findTestObject("Login/Page_diagnostics/input_Submit"), 0): Object 'Object Repository/Login/Page_diagnostics/input_Submit' is present

2020-12-18 18:02:56 - [MESSAGE][WARNING] - Timeout '0' is invalid. Using default page load timeout: '30'

2020-12-18 18:02:56 - [MESSAGE][PASSED] - Object 'Object Repository/Login/Page_diagnostics/input_Submit' is present

2020-12-18 18:02:56 - [TEST_STEP][PASSED] - click(findTestObject("Login/Page_diagnostics/input_Submit")): Object: 'Object Repository/Login/Page_diagnostics/input_Submit' is clicked on

2020-12-18 18:03:02 - [MESSAGE][PASSED] - Object: 'Object Repository/Login/Page_diagnostics/input_Submit' is clicked on

2020-12-18 18:03:02 - [MESSAGE][PASSED] - Call Test Case 'Test Cases/Custom Procurement Details/UTILITIES/LOGIN' successfully

2020-12-18 18:03:02 - [TEST_STEP][PASSED] - navigateToUrl("https://gdasandbox.test-arcadier.com/user/item/detail/gdaagencyfind/59fde34e-4dcb-44b5-bdcd-2bde962c0cb5"): Navigate to 'https://gdasandbox.test-arcadier.com/user/item/detail/gdaagencyfind/59fde34e-4dcb-44b5-bdcd-2bde962c0cb5' successfully

2020-12-18 18:03:04 - [MESSAGE][PASSED] - Navigate to 'https://gdasandbox.test-arcadier.com/user/item/detail/gdaagencyfind/59fde34e-4dcb-44b5-bdcd-2bde962c0cb5' successfully

2020-12-18 18:03:04 - [MESSAGE][PASSED] - Call Test Case 'Test Cases/Custom Procurement Details/UTILITIES/OPEN_BROWSER' successfully

2020-12-18 18:03:04 - [TEST_STEP][PASSED] - callTestCase(findTestCase("Custom Procurement Details/UTILITIES/PROCURE_PAGE"), [:], STOP_ON_FAILURE): Call Test Case 'Test Cases/Custom Procurement Details/UTILITIES/PROCURE_PAGE' successfully

2020-12-18 18:03:04 - [TEST_CASE][PASSED] - Test Cases/Custom Procurement Details/UTILITIES/PROCURE_PAGE: Test Cases/Custom Procurement Details/UTILITIES/PROCURE_PAGE

2020-12-18 18:03:04 - [TEST_STEP][PASSED] - click(findTestObject("Item Details/Page_diagnostics/a_PROCURE_DIRECTLY_FROM_SELLER")): Object: 'Object Repository/Item Details/Page_diagnostics/a_PROCURE_DIRECTLY_FROM_SELLER' is clicked on

2020-12-18 18:03:06 - [MESSAGE][PASSED] - Object: 'Object Repository/Item Details/Page_diagnostics/a_PROCURE_DIRECTLY_FROM_SELLER' is clicked on

2020-12-18 18:03:06 - [MESSAGE][PASSED] - Call Test Case 'Test Cases/Custom Procurement Details/UTILITIES/PROCURE_PAGE' successfully

2020-12-18 18:03:06 - [TEST_STEP][PASSED] - callTestCase(findTestCase("Custom Procurement Details/UTILITIES/CART_PAGE"), [:], STOP_ON_FAILURE): Call Test Case 'Test Cases/Custom Procurement Details/UTILITIES/CART_PAGE' successfully

2020-12-18 18:03:06 - [TEST_CASE][PASSED] - Test Cases/Custom Procurement Details/UTILITIES/CART_PAGE: Test Cases/Custom Procurement Details/UTILITIES/CART_PAGE

2020-12-18 18:03:07 - [TEST_STEP][PASSED] - navigateToUrl("https://gdasandbox.test-arcadier.com/user/order/cart"): Navigate to 'https://gdasandbox.test-arcadier.com/user/order/cart' successfully

2020-12-18 18:03:08 - [MESSAGE][PASSED] - Navigate to 'https://gdasandbox.test-arcadier.com/user/order/cart' successfully

2020-12-18 18:03:08 - [TEST_STEP][PASSED] - click(findTestObject("Checkout Page/Page_diagnostics/a_CHECKOUT")): Object: 'Object Repository/Checkout Page/Page_diagnostics/a_CHECKOUT' is clicked on

2020-12-18 18:03:12 - [MESSAGE][PASSED] - Object: 'Object Repository/Checkout Page/Page_diagnostics/a_CHECKOUT' is clicked on

2020-12-18 18:03:12 - [MESSAGE][PASSED] - Call Test Case 'Test Cases/Custom Procurement Details/UTILITIES/CART_PAGE' successfully

2020-12-18 18:03:12 - [TEST_STEP][PASSED] - callTestCase(findTestCase("Custom Procurement Details/UTILITIES/FORM_INPUT"), [:], STOP_ON_FAILURE): Call Test Case 'Test Cases/Custom Procurement Details/UTILITIES/FORM_INPUT' successfully

2020-12-18 18:03:12 - [TEST_CASE][PASSED] - Test Cases/Custom Procurement Details/UTILITIES/FORM_INPUT: Test Cases/Custom Procurement Details/UTILITIES/FORM_INPUT

2020-12-18 18:03:12 - [TEST_STEP][PASSED] - setText(findTestObject("Procurement Active1/Page_diagnostics/input_Company_Name"), "Intro Company"): Text 'Intro Company' is set on object 'Object Repository/Procurement Active1/Page_diagnostics/input_Company_Name'

2020-12-18 18:03:14 - [MESSAGE][PASSED] - Text 'Intro Company' is set on object 'Object Repository/Procurement Active1/Page_diagnostics/input_Company_Name'

2020-12-18 18:03:14 - [TEST_STEP][PASSED] - setText(findTestObject("Procurement Active1/Page_diagnostics/input_Person-in-charge"), "Admin"): Text 'Admin' is set on object 'Object Repository/Procurement Active1/Page_diagnostics/input_Person-in-charge'

2020-12-18 18:03:15 - [MESSAGE][PASSED] - Text 'Admin' is set on object 'Object Repository/Procurement Active1/Page_diagnostics/input_Person-in-charge'

2020-12-18 18:03:15 - [TEST_STEP][PASSED] - setText(findTestObject("Procurement Active1/Page_diagnostics/input_Notification_email"), "adminn@test.com"): Text 'adminn@test.com' is set on object 'Object Repository/Procurement Active1/Page_diagnostics/input_Notification_email'

2020-12-18 18:03:15 - [MESSAGE][PASSED] - Text 'adminn@test.com' is set on object 'Object Repository/Procurement Active1/Page_diagnostics/input_Notification_email'

2020-12-18 18:03:15 - [TEST_STEP][PASSED] - setText(findTestObject("Procurement Active1/Page_diagnostics/input_Contact_number"), "1234567890"): Text '1234567890' is set on object 'Object Repository/Procurement Active1/Page_diagnostics/input_Contact_number'

2020-12-18 18:03:16 - [MESSAGE][PASSED] - Text '1234567890' is set on object 'Object Repository/Procurement Active1/Page_diagnostics/input_Contact_number'

2020-12-18 18:03:16 - [TEST_STEP][PASSED] - click(findTestObject("Procurement Active1/Page_diagnostics/label_SELECT ADDRESS")): Object: 'Object Repository/Procurement Active1/Page_diagnostics/label_SELECT ADDRESS' is clicked on

2020-12-18 18:03:16 - [MESSAGE][PASSED] - Object: 'Object Repository/Procurement Active1/Page_diagnostics/label_SELECT ADDRESS' is clicked on

2020-12-18 18:03:16 - [TEST_STEP][PASSED] - click(findTestObject("Item Details/Page_diagnostics/a_Accept Cookies")): Object: 'Object Repository/Item Details/Page_diagnostics/a_Accept Cookies' is clicked on

2020-12-18 18:03:17 - [MESSAGE][PASSED] - Object: 'Object Repository/Item Details/Page_diagnostics/a_Accept Cookies' is clicked on

2020-12-18 18:03:17 - [TEST_STEP][PASSED] - click(findTestObject("Procurement Active1/Page_diagnostics/a_NEXT")): Object: 'Object Repository/Procurement Active1/Page_diagnostics/a_NEXT' is clicked on

2020-12-18 18:03:18 - [MESSAGE][PASSED] - Object: 'Object Repository/Procurement Active1/Page_diagnostics/a_NEXT' is clicked on

2020-12-18 18:03:18 - [MESSAGE][PASSED] - Call Test Case 'Test Cases/Custom Procurement Details/UTILITIES/FORM_INPUT' successfully

2020-12-18 18:03:18 - [TEST_STEP][PASSED] - callTestCase(findTestCase("Custom Procurement Details/UTILITIES/CLOSE_BROWSER"), [:], STOP_ON_FAILURE): Call Test Case 'Test Cases/Custom Procurement Details/UTILITIES/CLOSE_BROWSER' successfully

2020-12-18 18:03:18 - [TEST_CASE][PASSED] - Test Cases/Custom Procurement Details/UTILITIES/CLOSE_BROWSER: Test Cases/Custom Procurement Details/UTILITIES/CLOSE_BROWSER

2020-12-18 18:03:18 - [TEST_STEP][PASSED] - closeBrowser(): Browser is closed

2020-12-18 18:03:18 - [MESSAGE][PASSED] - Browser is closed

2020-12-18 18:03:18 - [MESSAGE][PASSED] - Call Test Case 'Test Cases/Custom Procurement Details/UTILITIES/CLOSE_BROWSER' successfully]]></system-out>
         <system-err><![CDATA[]]></system-err>
      </testcase>
      <testcase name="Test Cases/Custom Procurement Details/TEST CASE/TC_DETAILS_UI_009" time="42.622" classname="Test Cases/Custom Procurement Details/TEST CASE/TC_DETAILS_UI_009" status="PASSED">
         <system-out><![CDATA[2020-12-18 18:03:18 - [TEST_CASE][PASSED] - Test Cases/Custom Procurement Details/TEST CASE/TC_DETAILS_UI_009: Test Cases/Custom Procurement Details/TEST CASE/TC_DETAILS_UI_009

2020-12-18 18:03:19 - [TEST_STEP][PASSED] - callTestCase(findTestCase("Custom Procurement Details/UTILITIES/OPEN_BROWSER"), [:], STOP_ON_FAILURE): Call Test Case 'Test Cases/Custom Procurement Details/UTILITIES/OPEN_BROWSER' successfully

2020-12-18 18:03:19 - [TEST_CASE][PASSED] - Test Cases/Custom Procurement Details/UTILITIES/OPEN_BROWSER: Test Cases/Custom Procurement Details/UTILITIES/OPEN_BROWSER

2020-12-18 18:03:19 - [TEST_STEP][PASSED] - openBrowser("https://gdasandbox.test-arcadier.com/buyer-signin"): Browser is opened with url: 'https://gdasandbox.test-arcadier.com/buyer-signin'

2020-12-18 18:03:19 - [MESSAGE][INFO] - Starting 'Chrome' driver

2020-12-18 18:03:19 - [MESSAGE][INFO] - Action delay is set to 0 milliseconds

2020-12-18 18:03:29 - [MESSAGE][PASSED] - Browser is opened with url: 'https://gdasandbox.test-arcadier.com/buyer-signin'

2020-12-18 18:03:29 - [TEST_STEP][PASSED] - maximizeWindow(): Current window maximized

2020-12-18 18:03:31 - [MESSAGE][PASSED] - Current window maximized

2020-12-18 18:03:31 - [TEST_STEP][PASSED] - callTestCase(findTestCase("Custom Procurement Details/UTILITIES/LOGIN"), [:], STOP_ON_FAILURE): Call Test Case 'Test Cases/Custom Procurement Details/UTILITIES/LOGIN' successfully

2020-12-18 18:03:31 - [TEST_CASE][PASSED] - Test Cases/Custom Procurement Details/UTILITIES/LOGIN: Test Cases/Custom Procurement Details/UTILITIES/LOGIN

2020-12-18 18:03:31 - [TEST_STEP][PASSED] - waitForElementPresent(findTestObject("Login/Page_diagnostics/a_Sign_in_as_Buyer"), 0): Object 'Object Repository/Login/Page_diagnostics/a_Sign_in_as_Buyer' is present

2020-12-18 18:03:31 - [MESSAGE][WARNING] - Timeout '0' is invalid. Using default page load timeout: '30'

2020-12-18 18:03:32 - [MESSAGE][PASSED] - Object 'Object Repository/Login/Page_diagnostics/a_Sign_in_as_Buyer' is present

2020-12-18 18:03:32 - [TEST_STEP][PASSED] - click(findTestObject("Login/Page_diagnostics/a_Sign_in_as_Buyer")): Object: 'Object Repository/Login/Page_diagnostics/a_Sign_in_as_Buyer' is clicked on

2020-12-18 18:03:32 - [MESSAGE][PASSED] - Object: 'Object Repository/Login/Page_diagnostics/a_Sign_in_as_Buyer' is clicked on

2020-12-18 18:03:32 - [TEST_STEP][PASSED] - waitForElementPresent(findTestObject("Login/Page_diagnostics/input_Username"), 0): Object 'Object Repository/Login/Page_diagnostics/input_Username' is present

2020-12-18 18:03:32 - [MESSAGE][WARNING] - Timeout '0' is invalid. Using default page load timeout: '30'

2020-12-18 18:03:33 - [MESSAGE][PASSED] - Object 'Object Repository/Login/Page_diagnostics/input_Username' is present

2020-12-18 18:03:33 - [TEST_STEP][PASSED] - setText(findTestObject("Login/Page_diagnostics/input_Username"), "admin"): Text 'admin' is set on object 'Object Repository/Login/Page_diagnostics/input_Username'

2020-12-18 18:03:34 - [MESSAGE][PASSED] - Text 'admin' is set on object 'Object Repository/Login/Page_diagnostics/input_Username'

2020-12-18 18:03:34 - [TEST_STEP][PASSED] - waitForElementPresent(findTestObject("Login/Page_diagnostics/input_Password"), 0): Object 'Object Repository/Login/Page_diagnostics/input_Password' is present

2020-12-18 18:03:34 - [MESSAGE][WARNING] - Timeout '0' is invalid. Using default page load timeout: '30'

2020-12-18 18:03:34 - [MESSAGE][PASSED] - Object 'Object Repository/Login/Page_diagnostics/input_Password' is present

2020-12-18 18:03:34 - [TEST_STEP][PASSED] - setText(findTestObject("Login/Page_diagnostics/input_Password"), "Diagnostics123!"): Text 'Diagnostics123!' is set on object 'Object Repository/Login/Page_diagnostics/input_Password'

2020-12-18 18:03:34 - [MESSAGE][PASSED] - Text 'Diagnostics123!' is set on object 'Object Repository/Login/Page_diagnostics/input_Password'

2020-12-18 18:03:34 - [TEST_STEP][PASSED] - waitForElementPresent(findTestObject("Login/Page_diagnostics/input_Submit"), 0): Object 'Object Repository/Login/Page_diagnostics/input_Submit' is present

2020-12-18 18:03:34 - [MESSAGE][WARNING] - Timeout '0' is invalid. Using default page load timeout: '30'

2020-12-18 18:03:35 - [MESSAGE][PASSED] - Object 'Object Repository/Login/Page_diagnostics/input_Submit' is present

2020-12-18 18:03:35 - [TEST_STEP][PASSED] - click(findTestObject("Login/Page_diagnostics/input_Submit")): Object: 'Object Repository/Login/Page_diagnostics/input_Submit' is clicked on

2020-12-18 18:03:41 - [MESSAGE][PASSED] - Object: 'Object Repository/Login/Page_diagnostics/input_Submit' is clicked on

2020-12-18 18:03:41 - [MESSAGE][PASSED] - Call Test Case 'Test Cases/Custom Procurement Details/UTILITIES/LOGIN' successfully

2020-12-18 18:03:41 - [TEST_STEP][PASSED] - navigateToUrl("https://gdasandbox.test-arcadier.com/user/item/detail/gdaagencyfind/59fde34e-4dcb-44b5-bdcd-2bde962c0cb5"): Navigate to 'https://gdasandbox.test-arcadier.com/user/item/detail/gdaagencyfind/59fde34e-4dcb-44b5-bdcd-2bde962c0cb5' successfully

2020-12-18 18:03:43 - [MESSAGE][PASSED] - Navigate to 'https://gdasandbox.test-arcadier.com/user/item/detail/gdaagencyfind/59fde34e-4dcb-44b5-bdcd-2bde962c0cb5' successfully

2020-12-18 18:03:43 - [MESSAGE][PASSED] - Call Test Case 'Test Cases/Custom Procurement Details/UTILITIES/OPEN_BROWSER' successfully

2020-12-18 18:03:43 - [TEST_STEP][PASSED] - callTestCase(findTestCase("Custom Procurement Details/UTILITIES/PROCURE_PAGE"), [:], STOP_ON_FAILURE): Call Test Case 'Test Cases/Custom Procurement Details/UTILITIES/PROCURE_PAGE' successfully

2020-12-18 18:03:43 - [TEST_CASE][PASSED] - Test Cases/Custom Procurement Details/UTILITIES/PROCURE_PAGE: Test Cases/Custom Procurement Details/UTILITIES/PROCURE_PAGE

2020-12-18 18:03:43 - [TEST_STEP][PASSED] - click(findTestObject("Item Details/Page_diagnostics/a_PROCURE_DIRECTLY_FROM_SELLER")): Object: 'Object Repository/Item Details/Page_diagnostics/a_PROCURE_DIRECTLY_FROM_SELLER' is clicked on

2020-12-18 18:03:45 - [MESSAGE][PASSED] - Object: 'Object Repository/Item Details/Page_diagnostics/a_PROCURE_DIRECTLY_FROM_SELLER' is clicked on

2020-12-18 18:03:45 - [MESSAGE][PASSED] - Call Test Case 'Test Cases/Custom Procurement Details/UTILITIES/PROCURE_PAGE' successfully

2020-12-18 18:03:45 - [TEST_STEP][PASSED] - callTestCase(findTestCase("Custom Procurement Details/UTILITIES/CART_PAGE"), [:], STOP_ON_FAILURE): Call Test Case 'Test Cases/Custom Procurement Details/UTILITIES/CART_PAGE' successfully

2020-12-18 18:03:45 - [TEST_CASE][PASSED] - Test Cases/Custom Procurement Details/UTILITIES/CART_PAGE: Test Cases/Custom Procurement Details/UTILITIES/CART_PAGE

2020-12-18 18:03:45 - [TEST_STEP][PASSED] - navigateToUrl("https://gdasandbox.test-arcadier.com/user/order/cart"): Navigate to 'https://gdasandbox.test-arcadier.com/user/order/cart' successfully

2020-12-18 18:03:47 - [MESSAGE][PASSED] - Navigate to 'https://gdasandbox.test-arcadier.com/user/order/cart' successfully

2020-12-18 18:03:47 - [TEST_STEP][PASSED] - click(findTestObject("Checkout Page/Page_diagnostics/a_CHECKOUT")): Object: 'Object Repository/Checkout Page/Page_diagnostics/a_CHECKOUT' is clicked on

2020-12-18 18:03:51 - [MESSAGE][PASSED] - Object: 'Object Repository/Checkout Page/Page_diagnostics/a_CHECKOUT' is clicked on

2020-12-18 18:03:51 - [MESSAGE][PASSED] - Call Test Case 'Test Cases/Custom Procurement Details/UTILITIES/CART_PAGE' successfully

2020-12-18 18:03:51 - [TEST_STEP][PASSED] - callTestCase(findTestCase("Custom Procurement Details/UTILITIES/FORM_INPUT"), [:], STOP_ON_FAILURE): Call Test Case 'Test Cases/Custom Procurement Details/UTILITIES/FORM_INPUT' successfully

2020-12-18 18:03:51 - [TEST_CASE][PASSED] - Test Cases/Custom Procurement Details/UTILITIES/FORM_INPUT: Test Cases/Custom Procurement Details/UTILITIES/FORM_INPUT

2020-12-18 18:03:51 - [TEST_STEP][PASSED] - setText(findTestObject("Procurement Active1/Page_diagnostics/input_Company_Name"), "Intro Company"): Text 'Intro Company' is set on object 'Object Repository/Procurement Active1/Page_diagnostics/input_Company_Name'

2020-12-18 18:03:53 - [MESSAGE][PASSED] - Text 'Intro Company' is set on object 'Object Repository/Procurement Active1/Page_diagnostics/input_Company_Name'

2020-12-18 18:03:53 - [TEST_STEP][PASSED] - setText(findTestObject("Procurement Active1/Page_diagnostics/input_Person-in-charge"), "Admin"): Text 'Admin' is set on object 'Object Repository/Procurement Active1/Page_diagnostics/input_Person-in-charge'

2020-12-18 18:03:54 - [MESSAGE][PASSED] - Text 'Admin' is set on object 'Object Repository/Procurement Active1/Page_diagnostics/input_Person-in-charge'

2020-12-18 18:03:54 - [TEST_STEP][PASSED] - setText(findTestObject("Procurement Active1/Page_diagnostics/input_Notification_email"), "adminn@test.com"): Text 'adminn@test.com' is set on object 'Object Repository/Procurement Active1/Page_diagnostics/input_Notification_email'

2020-12-18 18:03:54 - [MESSAGE][PASSED] - Text 'adminn@test.com' is set on object 'Object Repository/Procurement Active1/Page_diagnostics/input_Notification_email'

2020-12-18 18:03:54 - [TEST_STEP][PASSED] - setText(findTestObject("Procurement Active1/Page_diagnostics/input_Contact_number"), "1234567890"): Text '1234567890' is set on object 'Object Repository/Procurement Active1/Page_diagnostics/input_Contact_number'

2020-12-18 18:03:55 - [MESSAGE][PASSED] - Text '1234567890' is set on object 'Object Repository/Procurement Active1/Page_diagnostics/input_Contact_number'

2020-12-18 18:03:55 - [TEST_STEP][PASSED] - click(findTestObject("Procurement Active1/Page_diagnostics/label_SELECT ADDRESS")): Object: 'Object Repository/Procurement Active1/Page_diagnostics/label_SELECT ADDRESS' is clicked on

2020-12-18 18:03:55 - [MESSAGE][PASSED] - Object: 'Object Repository/Procurement Active1/Page_diagnostics/label_SELECT ADDRESS' is clicked on

2020-12-18 18:03:55 - [TEST_STEP][PASSED] - click(findTestObject("Item Details/Page_diagnostics/a_Accept Cookies")): Object: 'Object Repository/Item Details/Page_diagnostics/a_Accept Cookies' is clicked on

2020-12-18 18:03:56 - [MESSAGE][PASSED] - Object: 'Object Repository/Item Details/Page_diagnostics/a_Accept Cookies' is clicked on

2020-12-18 18:03:56 - [TEST_STEP][PASSED] - click(findTestObject("Procurement Active1/Page_diagnostics/a_NEXT")): Object: 'Object Repository/Procurement Active1/Page_diagnostics/a_NEXT' is clicked on

2020-12-18 18:03:57 - [MESSAGE][PASSED] - Object: 'Object Repository/Procurement Active1/Page_diagnostics/a_NEXT' is clicked on

2020-12-18 18:03:57 - [MESSAGE][PASSED] - Call Test Case 'Test Cases/Custom Procurement Details/UTILITIES/FORM_INPUT' successfully

2020-12-18 18:03:57 - [TEST_STEP][PASSED] - verifyElementPresent(findTestObject("Procurement Active 2/Page_diagnostics/div_Active2"), 0): Object 'Object Repository/Procurement Active 2/Page_diagnostics/div_Active2' is present

2020-12-18 18:03:57 - [MESSAGE][WARNING] - Timeout '0' is invalid. Using default page load timeout: '30'

2020-12-18 18:04:00 - [MESSAGE][PASSED] - Object 'Object Repository/Procurement Active 2/Page_diagnostics/div_Active2' is present

2020-12-18 18:04:00 - [TEST_STEP][PASSED] - callTestCase(findTestCase("Custom Procurement Details/UTILITIES/CLOSE_BROWSER"), [:], STOP_ON_FAILURE): Call Test Case 'Test Cases/Custom Procurement Details/UTILITIES/CLOSE_BROWSER' successfully

2020-12-18 18:04:00 - [TEST_CASE][PASSED] - Test Cases/Custom Procurement Details/UTILITIES/CLOSE_BROWSER: Test Cases/Custom Procurement Details/UTILITIES/CLOSE_BROWSER

2020-12-18 18:04:00 - [TEST_STEP][PASSED] - closeBrowser(): Browser is closed

2020-12-18 18:04:01 - [MESSAGE][PASSED] - Browser is closed

2020-12-18 18:04:01 - [MESSAGE][PASSED] - Call Test Case 'Test Cases/Custom Procurement Details/UTILITIES/CLOSE_BROWSER' successfully]]></system-out>
         <system-err><![CDATA[]]></system-err>
      </testcase>
      <testcase name="Test Cases/Custom Procurement Details/TEST CASE/TC_DETAILS_UI_010" time="46.592" classname="Test Cases/Custom Procurement Details/TEST CASE/TC_DETAILS_UI_010" status="PASSED">
         <system-out><![CDATA[2020-12-18 18:04:01 - [TEST_CASE][PASSED] - Test Cases/Custom Procurement Details/TEST CASE/TC_DETAILS_UI_010: Test Cases/Custom Procurement Details/TEST CASE/TC_DETAILS_UI_010

2020-12-18 18:04:01 - [TEST_STEP][PASSED] - callTestCase(findTestCase("Custom Procurement Details/UTILITIES/OPEN_BROWSER"), [:], STOP_ON_FAILURE): Call Test Case 'Test Cases/Custom Procurement Details/UTILITIES/OPEN_BROWSER' successfully

2020-12-18 18:04:01 - [TEST_CASE][PASSED] - Test Cases/Custom Procurement Details/UTILITIES/OPEN_BROWSER: Test Cases/Custom Procurement Details/UTILITIES/OPEN_BROWSER

2020-12-18 18:04:01 - [TEST_STEP][PASSED] - openBrowser("https://gdasandbox.test-arcadier.com/buyer-signin"): Browser is opened with url: 'https://gdasandbox.test-arcadier.com/buyer-signin'

2020-12-18 18:04:01 - [MESSAGE][INFO] - Starting 'Chrome' driver

2020-12-18 18:04:01 - [MESSAGE][INFO] - Action delay is set to 0 milliseconds

2020-12-18 18:04:12 - [MESSAGE][PASSED] - Browser is opened with url: 'https://gdasandbox.test-arcadier.com/buyer-signin'

2020-12-18 18:04:12 - [TEST_STEP][PASSED] - maximizeWindow(): Current window maximized

2020-12-18 18:04:14 - [MESSAGE][PASSED] - Current window maximized

2020-12-18 18:04:14 - [TEST_STEP][PASSED] - callTestCase(findTestCase("Custom Procurement Details/UTILITIES/LOGIN"), [:], STOP_ON_FAILURE): Call Test Case 'Test Cases/Custom Procurement Details/UTILITIES/LOGIN' successfully

2020-12-18 18:04:14 - [TEST_CASE][PASSED] - Test Cases/Custom Procurement Details/UTILITIES/LOGIN: Test Cases/Custom Procurement Details/UTILITIES/LOGIN

2020-12-18 18:04:14 - [TEST_STEP][PASSED] - waitForElementPresent(findTestObject("Login/Page_diagnostics/a_Sign_in_as_Buyer"), 0): Object 'Object Repository/Login/Page_diagnostics/a_Sign_in_as_Buyer' is present

2020-12-18 18:04:14 - [MESSAGE][WARNING] - Timeout '0' is invalid. Using default page load timeout: '30'

2020-12-18 18:04:15 - [MESSAGE][PASSED] - Object 'Object Repository/Login/Page_diagnostics/a_Sign_in_as_Buyer' is present

2020-12-18 18:04:15 - [TEST_STEP][PASSED] - click(findTestObject("Login/Page_diagnostics/a_Sign_in_as_Buyer")): Object: 'Object Repository/Login/Page_diagnostics/a_Sign_in_as_Buyer' is clicked on

2020-12-18 18:04:15 - [MESSAGE][PASSED] - Object: 'Object Repository/Login/Page_diagnostics/a_Sign_in_as_Buyer' is clicked on

2020-12-18 18:04:15 - [TEST_STEP][PASSED] - waitForElementPresent(findTestObject("Login/Page_diagnostics/input_Username"), 0): Object 'Object Repository/Login/Page_diagnostics/input_Username' is present

2020-12-18 18:04:15 - [MESSAGE][WARNING] - Timeout '0' is invalid. Using default page load timeout: '30'

2020-12-18 18:04:16 - [MESSAGE][PASSED] - Object 'Object Repository/Login/Page_diagnostics/input_Username' is present

2020-12-18 18:04:16 - [TEST_STEP][PASSED] - setText(findTestObject("Login/Page_diagnostics/input_Username"), "admin"): Text 'admin' is set on object 'Object Repository/Login/Page_diagnostics/input_Username'

2020-12-18 18:04:16 - [MESSAGE][PASSED] - Text 'admin' is set on object 'Object Repository/Login/Page_diagnostics/input_Username'

2020-12-18 18:04:16 - [TEST_STEP][PASSED] - waitForElementPresent(findTestObject("Login/Page_diagnostics/input_Password"), 0): Object 'Object Repository/Login/Page_diagnostics/input_Password' is present

2020-12-18 18:04:17 - [MESSAGE][WARNING] - Timeout '0' is invalid. Using default page load timeout: '30'

2020-12-18 18:04:17 - [MESSAGE][PASSED] - Object 'Object Repository/Login/Page_diagnostics/input_Password' is present

2020-12-18 18:04:17 - [TEST_STEP][PASSED] - setText(findTestObject("Login/Page_diagnostics/input_Password"), "Diagnostics123!"): Text 'Diagnostics123!' is set on object 'Object Repository/Login/Page_diagnostics/input_Password'

2020-12-18 18:04:17 - [MESSAGE][PASSED] - Text 'Diagnostics123!' is set on object 'Object Repository/Login/Page_diagnostics/input_Password'

2020-12-18 18:04:17 - [TEST_STEP][PASSED] - waitForElementPresent(findTestObject("Login/Page_diagnostics/input_Submit"), 0): Object 'Object Repository/Login/Page_diagnostics/input_Submit' is present

2020-12-18 18:04:17 - [MESSAGE][WARNING] - Timeout '0' is invalid. Using default page load timeout: '30'

2020-12-18 18:04:18 - [MESSAGE][PASSED] - Object 'Object Repository/Login/Page_diagnostics/input_Submit' is present

2020-12-18 18:04:18 - [TEST_STEP][PASSED] - click(findTestObject("Login/Page_diagnostics/input_Submit")): Object: 'Object Repository/Login/Page_diagnostics/input_Submit' is clicked on

2020-12-18 18:04:28 - [MESSAGE][PASSED] - Object: 'Object Repository/Login/Page_diagnostics/input_Submit' is clicked on

2020-12-18 18:04:28 - [MESSAGE][PASSED] - Call Test Case 'Test Cases/Custom Procurement Details/UTILITIES/LOGIN' successfully

2020-12-18 18:04:28 - [TEST_STEP][PASSED] - navigateToUrl("https://gdasandbox.test-arcadier.com/user/item/detail/gdaagencyfind/59fde34e-4dcb-44b5-bdcd-2bde962c0cb5"): Navigate to 'https://gdasandbox.test-arcadier.com/user/item/detail/gdaagencyfind/59fde34e-4dcb-44b5-bdcd-2bde962c0cb5' successfully

2020-12-18 18:04:29 - [MESSAGE][PASSED] - Navigate to 'https://gdasandbox.test-arcadier.com/user/item/detail/gdaagencyfind/59fde34e-4dcb-44b5-bdcd-2bde962c0cb5' successfully

2020-12-18 18:04:29 - [MESSAGE][PASSED] - Call Test Case 'Test Cases/Custom Procurement Details/UTILITIES/OPEN_BROWSER' successfully

2020-12-18 18:04:29 - [TEST_STEP][PASSED] - callTestCase(findTestCase("Custom Procurement Details/UTILITIES/PROCURE_PAGE"), [:], STOP_ON_FAILURE): Call Test Case 'Test Cases/Custom Procurement Details/UTILITIES/PROCURE_PAGE' successfully

2020-12-18 18:04:29 - [TEST_CASE][PASSED] - Test Cases/Custom Procurement Details/UTILITIES/PROCURE_PAGE: Test Cases/Custom Procurement Details/UTILITIES/PROCURE_PAGE

2020-12-18 18:04:29 - [TEST_STEP][PASSED] - click(findTestObject("Item Details/Page_diagnostics/a_PROCURE_DIRECTLY_FROM_SELLER")): Object: 'Object Repository/Item Details/Page_diagnostics/a_PROCURE_DIRECTLY_FROM_SELLER' is clicked on

2020-12-18 18:04:32 - [MESSAGE][PASSED] - Object: 'Object Repository/Item Details/Page_diagnostics/a_PROCURE_DIRECTLY_FROM_SELLER' is clicked on

2020-12-18 18:04:32 - [MESSAGE][PASSED] - Call Test Case 'Test Cases/Custom Procurement Details/UTILITIES/PROCURE_PAGE' successfully

2020-12-18 18:04:32 - [TEST_STEP][PASSED] - callTestCase(findTestCase("Custom Procurement Details/UTILITIES/CART_PAGE"), [:], STOP_ON_FAILURE): Call Test Case 'Test Cases/Custom Procurement Details/UTILITIES/CART_PAGE' successfully

2020-12-18 18:04:32 - [TEST_CASE][PASSED] - Test Cases/Custom Procurement Details/UTILITIES/CART_PAGE: Test Cases/Custom Procurement Details/UTILITIES/CART_PAGE

2020-12-18 18:04:32 - [TEST_STEP][PASSED] - navigateToUrl("https://gdasandbox.test-arcadier.com/user/order/cart"): Navigate to 'https://gdasandbox.test-arcadier.com/user/order/cart' successfully

2020-12-18 18:04:34 - [MESSAGE][PASSED] - Navigate to 'https://gdasandbox.test-arcadier.com/user/order/cart' successfully

2020-12-18 18:04:34 - [TEST_STEP][PASSED] - click(findTestObject("Checkout Page/Page_diagnostics/a_CHECKOUT")): Object: 'Object Repository/Checkout Page/Page_diagnostics/a_CHECKOUT' is clicked on

2020-12-18 18:04:37 - [MESSAGE][PASSED] - Object: 'Object Repository/Checkout Page/Page_diagnostics/a_CHECKOUT' is clicked on

2020-12-18 18:04:37 - [MESSAGE][PASSED] - Call Test Case 'Test Cases/Custom Procurement Details/UTILITIES/CART_PAGE' successfully

2020-12-18 18:04:37 - [TEST_STEP][PASSED] - callTestCase(findTestCase("Custom Procurement Details/UTILITIES/FORM_INPUT"), [:], STOP_ON_FAILURE): Call Test Case 'Test Cases/Custom Procurement Details/UTILITIES/FORM_INPUT' successfully

2020-12-18 18:04:37 - [TEST_CASE][PASSED] - Test Cases/Custom Procurement Details/UTILITIES/FORM_INPUT: Test Cases/Custom Procurement Details/UTILITIES/FORM_INPUT

2020-12-18 18:04:37 - [TEST_STEP][PASSED] - setText(findTestObject("Procurement Active1/Page_diagnostics/input_Company_Name"), "Intro Company"): Text 'Intro Company' is set on object 'Object Repository/Procurement Active1/Page_diagnostics/input_Company_Name'

2020-12-18 18:04:39 - [MESSAGE][PASSED] - Text 'Intro Company' is set on object 'Object Repository/Procurement Active1/Page_diagnostics/input_Company_Name'

2020-12-18 18:04:39 - [TEST_STEP][PASSED] - setText(findTestObject("Procurement Active1/Page_diagnostics/input_Person-in-charge"), "Admin"): Text 'Admin' is set on object 'Object Repository/Procurement Active1/Page_diagnostics/input_Person-in-charge'

2020-12-18 18:04:40 - [MESSAGE][PASSED] - Text 'Admin' is set on object 'Object Repository/Procurement Active1/Page_diagnostics/input_Person-in-charge'

2020-12-18 18:04:40 - [TEST_STEP][PASSED] - setText(findTestObject("Procurement Active1/Page_diagnostics/input_Notification_email"), "adminn@test.com"): Text 'adminn@test.com' is set on object 'Object Repository/Procurement Active1/Page_diagnostics/input_Notification_email'

2020-12-18 18:04:41 - [MESSAGE][PASSED] - Text 'adminn@test.com' is set on object 'Object Repository/Procurement Active1/Page_diagnostics/input_Notification_email'

2020-12-18 18:04:41 - [TEST_STEP][PASSED] - setText(findTestObject("Procurement Active1/Page_diagnostics/input_Contact_number"), "1234567890"): Text '1234567890' is set on object 'Object Repository/Procurement Active1/Page_diagnostics/input_Contact_number'

2020-12-18 18:04:42 - [MESSAGE][PASSED] - Text '1234567890' is set on object 'Object Repository/Procurement Active1/Page_diagnostics/input_Contact_number'

2020-12-18 18:04:42 - [TEST_STEP][PASSED] - click(findTestObject("Procurement Active1/Page_diagnostics/label_SELECT ADDRESS")): Object: 'Object Repository/Procurement Active1/Page_diagnostics/label_SELECT ADDRESS' is clicked on

2020-12-18 18:04:42 - [MESSAGE][PASSED] - Object: 'Object Repository/Procurement Active1/Page_diagnostics/label_SELECT ADDRESS' is clicked on

2020-12-18 18:04:42 - [TEST_STEP][PASSED] - click(findTestObject("Item Details/Page_diagnostics/a_Accept Cookies")): Object: 'Object Repository/Item Details/Page_diagnostics/a_Accept Cookies' is clicked on

2020-12-18 18:04:42 - [MESSAGE][PASSED] - Object: 'Object Repository/Item Details/Page_diagnostics/a_Accept Cookies' is clicked on

2020-12-18 18:04:42 - [TEST_STEP][PASSED] - click(findTestObject("Procurement Active1/Page_diagnostics/a_NEXT")): Object: 'Object Repository/Procurement Active1/Page_diagnostics/a_NEXT' is clicked on

2020-12-18 18:04:44 - [MESSAGE][PASSED] - Object: 'Object Repository/Procurement Active1/Page_diagnostics/a_NEXT' is clicked on

2020-12-18 18:04:44 - [MESSAGE][PASSED] - Call Test Case 'Test Cases/Custom Procurement Details/UTILITIES/FORM_INPUT' successfully

2020-12-18 18:04:44 - [TEST_STEP][PASSED] - verifyElementPresent(findTestObject("Procurement Active 2/Page_diagnostics/span_Progress_dot"), 0): Object 'Object Repository/Procurement Active 2/Page_diagnostics/span_Progress_dot' is present

2020-12-18 18:04:44 - [MESSAGE][WARNING] - Timeout '0' is invalid. Using default page load timeout: '30'

2020-12-18 18:04:47 - [MESSAGE][PASSED] - Object 'Object Repository/Procurement Active 2/Page_diagnostics/span_Progress_dot' is present

2020-12-18 18:04:47 - [TEST_STEP][PASSED] - callTestCase(findTestCase("Custom Procurement Details/UTILITIES/CLOSE_BROWSER"), [:], STOP_ON_FAILURE): Call Test Case 'Test Cases/Custom Procurement Details/UTILITIES/CLOSE_BROWSER' successfully

2020-12-18 18:04:47 - [TEST_CASE][PASSED] - Test Cases/Custom Procurement Details/UTILITIES/CLOSE_BROWSER: Test Cases/Custom Procurement Details/UTILITIES/CLOSE_BROWSER

2020-12-18 18:04:47 - [TEST_STEP][PASSED] - closeBrowser(): Browser is closed

2020-12-18 18:04:48 - [MESSAGE][PASSED] - Browser is closed

2020-12-18 18:04:48 - [MESSAGE][PASSED] - Call Test Case 'Test Cases/Custom Procurement Details/UTILITIES/CLOSE_BROWSER' successfully]]></system-out>
         <system-err><![CDATA[]]></system-err>
      </testcase>
      <testcase name="Test Cases/Custom Procurement Details/TEST CASE/TC_DETAILS_UI_011" time="44.072" classname="Test Cases/Custom Procurement Details/TEST CASE/TC_DETAILS_UI_011" status="PASSED">
         <system-out><![CDATA[2020-12-18 18:04:48 - [TEST_CASE][PASSED] - Test Cases/Custom Procurement Details/TEST CASE/TC_DETAILS_UI_011: Test Cases/Custom Procurement Details/TEST CASE/TC_DETAILS_UI_011

2020-12-18 18:04:48 - [TEST_STEP][PASSED] - callTestCase(findTestCase("Custom Procurement Details/UTILITIES/OPEN_BROWSER"), [:], STOP_ON_FAILURE): Call Test Case 'Test Cases/Custom Procurement Details/UTILITIES/OPEN_BROWSER' successfully

2020-12-18 18:04:48 - [TEST_CASE][PASSED] - Test Cases/Custom Procurement Details/UTILITIES/OPEN_BROWSER: Test Cases/Custom Procurement Details/UTILITIES/OPEN_BROWSER

2020-12-18 18:04:48 - [TEST_STEP][PASSED] - openBrowser("https://gdasandbox.test-arcadier.com/buyer-signin"): Browser is opened with url: 'https://gdasandbox.test-arcadier.com/buyer-signin'

2020-12-18 18:04:48 - [MESSAGE][INFO] - Starting 'Chrome' driver

2020-12-18 18:04:48 - [MESSAGE][INFO] - Action delay is set to 0 milliseconds

2020-12-18 18:04:58 - [MESSAGE][PASSED] - Browser is opened with url: 'https://gdasandbox.test-arcadier.com/buyer-signin'

2020-12-18 18:04:58 - [TEST_STEP][PASSED] - maximizeWindow(): Current window maximized

2020-12-18 18:05:00 - [MESSAGE][PASSED] - Current window maximized

2020-12-18 18:05:00 - [TEST_STEP][PASSED] - callTestCase(findTestCase("Custom Procurement Details/UTILITIES/LOGIN"), [:], STOP_ON_FAILURE): Call Test Case 'Test Cases/Custom Procurement Details/UTILITIES/LOGIN' successfully

2020-12-18 18:05:00 - [TEST_CASE][PASSED] - Test Cases/Custom Procurement Details/UTILITIES/LOGIN: Test Cases/Custom Procurement Details/UTILITIES/LOGIN

2020-12-18 18:05:00 - [TEST_STEP][PASSED] - waitForElementPresent(findTestObject("Login/Page_diagnostics/a_Sign_in_as_Buyer"), 0): Object 'Object Repository/Login/Page_diagnostics/a_Sign_in_as_Buyer' is present

2020-12-18 18:05:00 - [MESSAGE][WARNING] - Timeout '0' is invalid. Using default page load timeout: '30'

2020-12-18 18:05:01 - [MESSAGE][PASSED] - Object 'Object Repository/Login/Page_diagnostics/a_Sign_in_as_Buyer' is present

2020-12-18 18:05:01 - [TEST_STEP][PASSED] - click(findTestObject("Login/Page_diagnostics/a_Sign_in_as_Buyer")): Object: 'Object Repository/Login/Page_diagnostics/a_Sign_in_as_Buyer' is clicked on

2020-12-18 18:05:02 - [MESSAGE][PASSED] - Object: 'Object Repository/Login/Page_diagnostics/a_Sign_in_as_Buyer' is clicked on

2020-12-18 18:05:02 - [TEST_STEP][PASSED] - waitForElementPresent(findTestObject("Login/Page_diagnostics/input_Username"), 0): Object 'Object Repository/Login/Page_diagnostics/input_Username' is present

2020-12-18 18:05:02 - [MESSAGE][WARNING] - Timeout '0' is invalid. Using default page load timeout: '30'

2020-12-18 18:05:02 - [MESSAGE][PASSED] - Object 'Object Repository/Login/Page_diagnostics/input_Username' is present

2020-12-18 18:05:02 - [TEST_STEP][PASSED] - setText(findTestObject("Login/Page_diagnostics/input_Username"), "admin"): Text 'admin' is set on object 'Object Repository/Login/Page_diagnostics/input_Username'

2020-12-18 18:05:03 - [MESSAGE][PASSED] - Text 'admin' is set on object 'Object Repository/Login/Page_diagnostics/input_Username'

2020-12-18 18:05:03 - [TEST_STEP][PASSED] - waitForElementPresent(findTestObject("Login/Page_diagnostics/input_Password"), 0): Object 'Object Repository/Login/Page_diagnostics/input_Password' is present

2020-12-18 18:05:03 - [MESSAGE][WARNING] - Timeout '0' is invalid. Using default page load timeout: '30'

2020-12-18 18:05:03 - [MESSAGE][PASSED] - Object 'Object Repository/Login/Page_diagnostics/input_Password' is present

2020-12-18 18:05:03 - [TEST_STEP][PASSED] - setText(findTestObject("Login/Page_diagnostics/input_Password"), "Diagnostics123!"): Text 'Diagnostics123!' is set on object 'Object Repository/Login/Page_diagnostics/input_Password'

2020-12-18 18:05:04 - [MESSAGE][PASSED] - Text 'Diagnostics123!' is set on object 'Object Repository/Login/Page_diagnostics/input_Password'

2020-12-18 18:05:04 - [TEST_STEP][PASSED] - waitForElementPresent(findTestObject("Login/Page_diagnostics/input_Submit"), 0): Object 'Object Repository/Login/Page_diagnostics/input_Submit' is present

2020-12-18 18:05:04 - [MESSAGE][WARNING] - Timeout '0' is invalid. Using default page load timeout: '30'

2020-12-18 18:05:04 - [MESSAGE][PASSED] - Object 'Object Repository/Login/Page_diagnostics/input_Submit' is present

2020-12-18 18:05:04 - [TEST_STEP][PASSED] - click(findTestObject("Login/Page_diagnostics/input_Submit")): Object: 'Object Repository/Login/Page_diagnostics/input_Submit' is clicked on

2020-12-18 18:05:11 - [MESSAGE][PASSED] - Object: 'Object Repository/Login/Page_diagnostics/input_Submit' is clicked on

2020-12-18 18:05:11 - [MESSAGE][PASSED] - Call Test Case 'Test Cases/Custom Procurement Details/UTILITIES/LOGIN' successfully

2020-12-18 18:05:11 - [TEST_STEP][PASSED] - navigateToUrl("https://gdasandbox.test-arcadier.com/user/item/detail/gdaagencyfind/59fde34e-4dcb-44b5-bdcd-2bde962c0cb5"): Navigate to 'https://gdasandbox.test-arcadier.com/user/item/detail/gdaagencyfind/59fde34e-4dcb-44b5-bdcd-2bde962c0cb5' successfully

2020-12-18 18:05:12 - [MESSAGE][PASSED] - Navigate to 'https://gdasandbox.test-arcadier.com/user/item/detail/gdaagencyfind/59fde34e-4dcb-44b5-bdcd-2bde962c0cb5' successfully

2020-12-18 18:05:12 - [MESSAGE][PASSED] - Call Test Case 'Test Cases/Custom Procurement Details/UTILITIES/OPEN_BROWSER' successfully

2020-12-18 18:05:12 - [TEST_STEP][PASSED] - callTestCase(findTestCase("Custom Procurement Details/UTILITIES/PROCURE_PAGE"), [:], STOP_ON_FAILURE): Call Test Case 'Test Cases/Custom Procurement Details/UTILITIES/PROCURE_PAGE' successfully

2020-12-18 18:05:12 - [TEST_CASE][PASSED] - Test Cases/Custom Procurement Details/UTILITIES/PROCURE_PAGE: Test Cases/Custom Procurement Details/UTILITIES/PROCURE_PAGE

2020-12-18 18:05:12 - [TEST_STEP][PASSED] - click(findTestObject("Item Details/Page_diagnostics/a_PROCURE_DIRECTLY_FROM_SELLER")): Object: 'Object Repository/Item Details/Page_diagnostics/a_PROCURE_DIRECTLY_FROM_SELLER' is clicked on

2020-12-18 18:05:15 - [MESSAGE][PASSED] - Object: 'Object Repository/Item Details/Page_diagnostics/a_PROCURE_DIRECTLY_FROM_SELLER' is clicked on

2020-12-18 18:05:15 - [MESSAGE][PASSED] - Call Test Case 'Test Cases/Custom Procurement Details/UTILITIES/PROCURE_PAGE' successfully

2020-12-18 18:05:15 - [TEST_STEP][PASSED] - callTestCase(findTestCase("Custom Procurement Details/UTILITIES/CART_PAGE"), [:], STOP_ON_FAILURE): Call Test Case 'Test Cases/Custom Procurement Details/UTILITIES/CART_PAGE' successfully

2020-12-18 18:05:15 - [TEST_CASE][PASSED] - Test Cases/Custom Procurement Details/UTILITIES/CART_PAGE: Test Cases/Custom Procurement Details/UTILITIES/CART_PAGE

2020-12-18 18:05:15 - [TEST_STEP][PASSED] - navigateToUrl("https://gdasandbox.test-arcadier.com/user/order/cart"): Navigate to 'https://gdasandbox.test-arcadier.com/user/order/cart' successfully

2020-12-18 18:05:16 - [MESSAGE][PASSED] - Navigate to 'https://gdasandbox.test-arcadier.com/user/order/cart' successfully

2020-12-18 18:05:16 - [TEST_STEP][PASSED] - click(findTestObject("Checkout Page/Page_diagnostics/a_CHECKOUT")): Object: 'Object Repository/Checkout Page/Page_diagnostics/a_CHECKOUT' is clicked on

2020-12-18 18:05:20 - [MESSAGE][PASSED] - Object: 'Object Repository/Checkout Page/Page_diagnostics/a_CHECKOUT' is clicked on

2020-12-18 18:05:20 - [MESSAGE][PASSED] - Call Test Case 'Test Cases/Custom Procurement Details/UTILITIES/CART_PAGE' successfully

2020-12-18 18:05:20 - [TEST_STEP][PASSED] - callTestCase(findTestCase("Custom Procurement Details/UTILITIES/FORM_INPUT"), [:], STOP_ON_FAILURE): Call Test Case 'Test Cases/Custom Procurement Details/UTILITIES/FORM_INPUT' successfully

2020-12-18 18:05:20 - [TEST_CASE][PASSED] - Test Cases/Custom Procurement Details/UTILITIES/FORM_INPUT: Test Cases/Custom Procurement Details/UTILITIES/FORM_INPUT

2020-12-18 18:05:20 - [TEST_STEP][PASSED] - setText(findTestObject("Procurement Active1/Page_diagnostics/input_Company_Name"), "Intro Company"): Text 'Intro Company' is set on object 'Object Repository/Procurement Active1/Page_diagnostics/input_Company_Name'

2020-12-18 18:05:22 - [MESSAGE][PASSED] - Text 'Intro Company' is set on object 'Object Repository/Procurement Active1/Page_diagnostics/input_Company_Name'

2020-12-18 18:05:22 - [TEST_STEP][PASSED] - setText(findTestObject("Procurement Active1/Page_diagnostics/input_Person-in-charge"), "Admin"): Text 'Admin' is set on object 'Object Repository/Procurement Active1/Page_diagnostics/input_Person-in-charge'

2020-12-18 18:05:23 - [MESSAGE][PASSED] - Text 'Admin' is set on object 'Object Repository/Procurement Active1/Page_diagnostics/input_Person-in-charge'

2020-12-18 18:05:23 - [TEST_STEP][PASSED] - setText(findTestObject("Procurement Active1/Page_diagnostics/input_Notification_email"), "adminn@test.com"): Text 'adminn@test.com' is set on object 'Object Repository/Procurement Active1/Page_diagnostics/input_Notification_email'

2020-12-18 18:05:24 - [MESSAGE][PASSED] - Text 'adminn@test.com' is set on object 'Object Repository/Procurement Active1/Page_diagnostics/input_Notification_email'

2020-12-18 18:05:24 - [TEST_STEP][PASSED] - setText(findTestObject("Procurement Active1/Page_diagnostics/input_Contact_number"), "1234567890"): Text '1234567890' is set on object 'Object Repository/Procurement Active1/Page_diagnostics/input_Contact_number'

2020-12-18 18:05:24 - [MESSAGE][PASSED] - Text '1234567890' is set on object 'Object Repository/Procurement Active1/Page_diagnostics/input_Contact_number'

2020-12-18 18:05:24 - [TEST_STEP][PASSED] - click(findTestObject("Procurement Active1/Page_diagnostics/label_SELECT ADDRESS")): Object: 'Object Repository/Procurement Active1/Page_diagnostics/label_SELECT ADDRESS' is clicked on

2020-12-18 18:05:24 - [MESSAGE][PASSED] - Object: 'Object Repository/Procurement Active1/Page_diagnostics/label_SELECT ADDRESS' is clicked on

2020-12-18 18:05:24 - [TEST_STEP][PASSED] - click(findTestObject("Item Details/Page_diagnostics/a_Accept Cookies")): Object: 'Object Repository/Item Details/Page_diagnostics/a_Accept Cookies' is clicked on

2020-12-18 18:05:25 - [MESSAGE][PASSED] - Object: 'Object Repository/Item Details/Page_diagnostics/a_Accept Cookies' is clicked on

2020-12-18 18:05:25 - [TEST_STEP][PASSED] - click(findTestObject("Procurement Active1/Page_diagnostics/a_NEXT")): Object: 'Object Repository/Procurement Active1/Page_diagnostics/a_NEXT' is clicked on

2020-12-18 18:05:26 - [MESSAGE][PASSED] - Object: 'Object Repository/Procurement Active1/Page_diagnostics/a_NEXT' is clicked on

2020-12-18 18:05:26 - [MESSAGE][PASSED] - Call Test Case 'Test Cases/Custom Procurement Details/UTILITIES/FORM_INPUT' successfully

2020-12-18 18:05:26 - [TEST_STEP][PASSED] - verifyElementPresent(findTestObject("Procurement Active 2/Page_diagnostics/span_REVIEW"), 0): Object 'Object Repository/Procurement Active 2/Page_diagnostics/span_REVIEW' is present

2020-12-18 18:05:26 - [MESSAGE][WARNING] - Timeout '0' is invalid. Using default page load timeout: '30'

2020-12-18 18:05:31 - [MESSAGE][PASSED] - Object 'Object Repository/Procurement Active 2/Page_diagnostics/span_REVIEW' is present

2020-12-18 18:05:31 - [TEST_STEP][PASSED] - callTestCase(findTestCase("Custom Procurement Details/UTILITIES/CLOSE_BROWSER"), [:], STOP_ON_FAILURE): Call Test Case 'Test Cases/Custom Procurement Details/UTILITIES/CLOSE_BROWSER' successfully

2020-12-18 18:05:31 - [TEST_CASE][PASSED] - Test Cases/Custom Procurement Details/UTILITIES/CLOSE_BROWSER: Test Cases/Custom Procurement Details/UTILITIES/CLOSE_BROWSER

2020-12-18 18:05:31 - [TEST_STEP][PASSED] - closeBrowser(): Browser is closed

2020-12-18 18:05:32 - [MESSAGE][PASSED] - Browser is closed

2020-12-18 18:05:32 - [MESSAGE][PASSED] - Call Test Case 'Test Cases/Custom Procurement Details/UTILITIES/CLOSE_BROWSER' successfully]]></system-out>
         <system-err><![CDATA[]]></system-err>
      </testcase>
      <testcase name="Test Cases/Custom Procurement Details/TEST CASE/TC_DETAILS_UI_012" time="44.418" classname="Test Cases/Custom Procurement Details/TEST CASE/TC_DETAILS_UI_012" status="PASSED">
         <system-out><![CDATA[2020-12-18 18:05:32 - [TEST_CASE][PASSED] - Test Cases/Custom Procurement Details/TEST CASE/TC_DETAILS_UI_012: Test Cases/Custom Procurement Details/TEST CASE/TC_DETAILS_UI_012

2020-12-18 18:05:32 - [TEST_STEP][PASSED] - callTestCase(findTestCase("Custom Procurement Details/UTILITIES/OPEN_BROWSER"), [:], STOP_ON_FAILURE): Call Test Case 'Test Cases/Custom Procurement Details/UTILITIES/OPEN_BROWSER' successfully

2020-12-18 18:05:32 - [TEST_CASE][PASSED] - Test Cases/Custom Procurement Details/UTILITIES/OPEN_BROWSER: Test Cases/Custom Procurement Details/UTILITIES/OPEN_BROWSER

2020-12-18 18:05:32 - [TEST_STEP][PASSED] - openBrowser("https://gdasandbox.test-arcadier.com/buyer-signin"): Browser is opened with url: 'https://gdasandbox.test-arcadier.com/buyer-signin'

2020-12-18 18:05:32 - [MESSAGE][INFO] - Starting 'Chrome' driver

2020-12-18 18:05:32 - [MESSAGE][INFO] - Action delay is set to 0 milliseconds

2020-12-18 18:05:44 - [MESSAGE][PASSED] - Browser is opened with url: 'https://gdasandbox.test-arcadier.com/buyer-signin'

2020-12-18 18:05:44 - [TEST_STEP][PASSED] - maximizeWindow(): Current window maximized

2020-12-18 18:05:46 - [MESSAGE][PASSED] - Current window maximized

2020-12-18 18:05:46 - [TEST_STEP][PASSED] - callTestCase(findTestCase("Custom Procurement Details/UTILITIES/LOGIN"), [:], STOP_ON_FAILURE): Call Test Case 'Test Cases/Custom Procurement Details/UTILITIES/LOGIN' successfully

2020-12-18 18:05:46 - [TEST_CASE][PASSED] - Test Cases/Custom Procurement Details/UTILITIES/LOGIN: Test Cases/Custom Procurement Details/UTILITIES/LOGIN

2020-12-18 18:05:46 - [TEST_STEP][PASSED] - waitForElementPresent(findTestObject("Login/Page_diagnostics/a_Sign_in_as_Buyer"), 0): Object 'Object Repository/Login/Page_diagnostics/a_Sign_in_as_Buyer' is present

2020-12-18 18:05:46 - [MESSAGE][WARNING] - Timeout '0' is invalid. Using default page load timeout: '30'

2020-12-18 18:05:47 - [MESSAGE][PASSED] - Object 'Object Repository/Login/Page_diagnostics/a_Sign_in_as_Buyer' is present

2020-12-18 18:05:47 - [TEST_STEP][PASSED] - click(findTestObject("Login/Page_diagnostics/a_Sign_in_as_Buyer")): Object: 'Object Repository/Login/Page_diagnostics/a_Sign_in_as_Buyer' is clicked on

2020-12-18 18:05:47 - [MESSAGE][PASSED] - Object: 'Object Repository/Login/Page_diagnostics/a_Sign_in_as_Buyer' is clicked on

2020-12-18 18:05:47 - [TEST_STEP][PASSED] - waitForElementPresent(findTestObject("Login/Page_diagnostics/input_Username"), 0): Object 'Object Repository/Login/Page_diagnostics/input_Username' is present

2020-12-18 18:05:47 - [MESSAGE][WARNING] - Timeout '0' is invalid. Using default page load timeout: '30'

2020-12-18 18:05:48 - [MESSAGE][PASSED] - Object 'Object Repository/Login/Page_diagnostics/input_Username' is present

2020-12-18 18:05:48 - [TEST_STEP][PASSED] - setText(findTestObject("Login/Page_diagnostics/input_Username"), "admin"): Text 'admin' is set on object 'Object Repository/Login/Page_diagnostics/input_Username'

2020-12-18 18:05:48 - [MESSAGE][PASSED] - Text 'admin' is set on object 'Object Repository/Login/Page_diagnostics/input_Username'

2020-12-18 18:05:48 - [TEST_STEP][PASSED] - waitForElementPresent(findTestObject("Login/Page_diagnostics/input_Password"), 0): Object 'Object Repository/Login/Page_diagnostics/input_Password' is present

2020-12-18 18:05:49 - [MESSAGE][WARNING] - Timeout '0' is invalid. Using default page load timeout: '30'

2020-12-18 18:05:49 - [MESSAGE][PASSED] - Object 'Object Repository/Login/Page_diagnostics/input_Password' is present

2020-12-18 18:05:49 - [TEST_STEP][PASSED] - setText(findTestObject("Login/Page_diagnostics/input_Password"), "Diagnostics123!"): Text 'Diagnostics123!' is set on object 'Object Repository/Login/Page_diagnostics/input_Password'

2020-12-18 18:05:49 - [MESSAGE][PASSED] - Text 'Diagnostics123!' is set on object 'Object Repository/Login/Page_diagnostics/input_Password'

2020-12-18 18:05:49 - [TEST_STEP][PASSED] - waitForElementPresent(findTestObject("Login/Page_diagnostics/input_Submit"), 0): Object 'Object Repository/Login/Page_diagnostics/input_Submit' is present

2020-12-18 18:05:49 - [MESSAGE][WARNING] - Timeout '0' is invalid. Using default page load timeout: '30'

2020-12-18 18:05:50 - [MESSAGE][PASSED] - Object 'Object Repository/Login/Page_diagnostics/input_Submit' is present

2020-12-18 18:05:50 - [TEST_STEP][PASSED] - click(findTestObject("Login/Page_diagnostics/input_Submit")): Object: 'Object Repository/Login/Page_diagnostics/input_Submit' is clicked on

2020-12-18 18:05:56 - [MESSAGE][PASSED] - Object: 'Object Repository/Login/Page_diagnostics/input_Submit' is clicked on

2020-12-18 18:05:56 - [MESSAGE][PASSED] - Call Test Case 'Test Cases/Custom Procurement Details/UTILITIES/LOGIN' successfully

2020-12-18 18:05:56 - [TEST_STEP][PASSED] - navigateToUrl("https://gdasandbox.test-arcadier.com/user/item/detail/gdaagencyfind/59fde34e-4dcb-44b5-bdcd-2bde962c0cb5"): Navigate to 'https://gdasandbox.test-arcadier.com/user/item/detail/gdaagencyfind/59fde34e-4dcb-44b5-bdcd-2bde962c0cb5' successfully

2020-12-18 18:05:58 - [MESSAGE][PASSED] - Navigate to 'https://gdasandbox.test-arcadier.com/user/item/detail/gdaagencyfind/59fde34e-4dcb-44b5-bdcd-2bde962c0cb5' successfully

2020-12-18 18:05:58 - [MESSAGE][PASSED] - Call Test Case 'Test Cases/Custom Procurement Details/UTILITIES/OPEN_BROWSER' successfully

2020-12-18 18:05:58 - [TEST_STEP][PASSED] - callTestCase(findTestCase("Custom Procurement Details/UTILITIES/PROCURE_PAGE"), [:], STOP_ON_FAILURE): Call Test Case 'Test Cases/Custom Procurement Details/UTILITIES/PROCURE_PAGE' successfully

2020-12-18 18:05:58 - [TEST_CASE][PASSED] - Test Cases/Custom Procurement Details/UTILITIES/PROCURE_PAGE: Test Cases/Custom Procurement Details/UTILITIES/PROCURE_PAGE

2020-12-18 18:05:58 - [TEST_STEP][PASSED] - click(findTestObject("Item Details/Page_diagnostics/a_PROCURE_DIRECTLY_FROM_SELLER")): Object: 'Object Repository/Item Details/Page_diagnostics/a_PROCURE_DIRECTLY_FROM_SELLER' is clicked on

2020-12-18 18:06:00 - [MESSAGE][PASSED] - Object: 'Object Repository/Item Details/Page_diagnostics/a_PROCURE_DIRECTLY_FROM_SELLER' is clicked on

2020-12-18 18:06:00 - [MESSAGE][PASSED] - Call Test Case 'Test Cases/Custom Procurement Details/UTILITIES/PROCURE_PAGE' successfully

2020-12-18 18:06:00 - [TEST_STEP][PASSED] - callTestCase(findTestCase("Custom Procurement Details/UTILITIES/CART_PAGE"), [:], STOP_ON_FAILURE): Call Test Case 'Test Cases/Custom Procurement Details/UTILITIES/CART_PAGE' successfully

2020-12-18 18:06:00 - [TEST_CASE][PASSED] - Test Cases/Custom Procurement Details/UTILITIES/CART_PAGE: Test Cases/Custom Procurement Details/UTILITIES/CART_PAGE

2020-12-18 18:06:00 - [TEST_STEP][PASSED] - navigateToUrl("https://gdasandbox.test-arcadier.com/user/order/cart"): Navigate to 'https://gdasandbox.test-arcadier.com/user/order/cart' successfully

2020-12-18 18:06:02 - [MESSAGE][PASSED] - Navigate to 'https://gdasandbox.test-arcadier.com/user/order/cart' successfully

2020-12-18 18:06:02 - [TEST_STEP][PASSED] - click(findTestObject("Checkout Page/Page_diagnostics/a_CHECKOUT")): Object: 'Object Repository/Checkout Page/Page_diagnostics/a_CHECKOUT' is clicked on

2020-12-18 18:06:05 - [MESSAGE][PASSED] - Object: 'Object Repository/Checkout Page/Page_diagnostics/a_CHECKOUT' is clicked on

2020-12-18 18:06:05 - [MESSAGE][PASSED] - Call Test Case 'Test Cases/Custom Procurement Details/UTILITIES/CART_PAGE' successfully

2020-12-18 18:06:05 - [TEST_STEP][PASSED] - callTestCase(findTestCase("Custom Procurement Details/UTILITIES/FORM_INPUT"), [:], STOP_ON_FAILURE): Call Test Case 'Test Cases/Custom Procurement Details/UTILITIES/FORM_INPUT' successfully

2020-12-18 18:06:05 - [TEST_CASE][PASSED] - Test Cases/Custom Procurement Details/UTILITIES/FORM_INPUT: Test Cases/Custom Procurement Details/UTILITIES/FORM_INPUT

2020-12-18 18:06:05 - [TEST_STEP][PASSED] - setText(findTestObject("Procurement Active1/Page_diagnostics/input_Company_Name"), "Intro Company"): Text 'Intro Company' is set on object 'Object Repository/Procurement Active1/Page_diagnostics/input_Company_Name'

2020-12-18 18:06:08 - [MESSAGE][PASSED] - Text 'Intro Company' is set on object 'Object Repository/Procurement Active1/Page_diagnostics/input_Company_Name'

2020-12-18 18:06:08 - [TEST_STEP][PASSED] - setText(findTestObject("Procurement Active1/Page_diagnostics/input_Person-in-charge"), "Admin"): Text 'Admin' is set on object 'Object Repository/Procurement Active1/Page_diagnostics/input_Person-in-charge'

2020-12-18 18:06:09 - [MESSAGE][PASSED] - Text 'Admin' is set on object 'Object Repository/Procurement Active1/Page_diagnostics/input_Person-in-charge'

2020-12-18 18:06:09 - [TEST_STEP][PASSED] - setText(findTestObject("Procurement Active1/Page_diagnostics/input_Notification_email"), "adminn@test.com"): Text 'adminn@test.com' is set on object 'Object Repository/Procurement Active1/Page_diagnostics/input_Notification_email'

2020-12-18 18:06:10 - [MESSAGE][PASSED] - Text 'adminn@test.com' is set on object 'Object Repository/Procurement Active1/Page_diagnostics/input_Notification_email'

2020-12-18 18:06:10 - [TEST_STEP][PASSED] - setText(findTestObject("Procurement Active1/Page_diagnostics/input_Contact_number"), "1234567890"): Text '1234567890' is set on object 'Object Repository/Procurement Active1/Page_diagnostics/input_Contact_number'

2020-12-18 18:06:10 - [MESSAGE][PASSED] - Text '1234567890' is set on object 'Object Repository/Procurement Active1/Page_diagnostics/input_Contact_number'

2020-12-18 18:06:10 - [TEST_STEP][PASSED] - click(findTestObject("Procurement Active1/Page_diagnostics/label_SELECT ADDRESS")): Object: 'Object Repository/Procurement Active1/Page_diagnostics/label_SELECT ADDRESS' is clicked on

2020-12-18 18:06:10 - [MESSAGE][PASSED] - Object: 'Object Repository/Procurement Active1/Page_diagnostics/label_SELECT ADDRESS' is clicked on

2020-12-18 18:06:10 - [TEST_STEP][PASSED] - click(findTestObject("Item Details/Page_diagnostics/a_Accept Cookies")): Object: 'Object Repository/Item Details/Page_diagnostics/a_Accept Cookies' is clicked on

2020-12-18 18:06:11 - [MESSAGE][PASSED] - Object: 'Object Repository/Item Details/Page_diagnostics/a_Accept Cookies' is clicked on

2020-12-18 18:06:11 - [TEST_STEP][PASSED] - click(findTestObject("Procurement Active1/Page_diagnostics/a_NEXT")): Object: 'Object Repository/Procurement Active1/Page_diagnostics/a_NEXT' is clicked on

2020-12-18 18:06:12 - [MESSAGE][PASSED] - Object: 'Object Repository/Procurement Active1/Page_diagnostics/a_NEXT' is clicked on

2020-12-18 18:06:12 - [MESSAGE][PASSED] - Call Test Case 'Test Cases/Custom Procurement Details/UTILITIES/FORM_INPUT' successfully

2020-12-18 18:06:12 - [TEST_STEP][PASSED] - verifyElementPresent(findTestObject("Procurement Active 2/Page_diagnostics/h3_Seller"), 0): Object 'Object Repository/Procurement Active 2/Page_diagnostics/h3_Seller' is present

2020-12-18 18:06:12 - [MESSAGE][WARNING] - Timeout '0' is invalid. Using default page load timeout: '30'

2020-12-18 18:06:16 - [MESSAGE][PASSED] - Object 'Object Repository/Procurement Active 2/Page_diagnostics/h3_Seller' is present

2020-12-18 18:06:16 - [TEST_STEP][PASSED] - callTestCase(findTestCase("Custom Procurement Details/UTILITIES/CLOSE_BROWSER"), [:], STOP_ON_FAILURE): Call Test Case 'Test Cases/Custom Procurement Details/UTILITIES/CLOSE_BROWSER' successfully

2020-12-18 18:06:16 - [TEST_CASE][PASSED] - Test Cases/Custom Procurement Details/UTILITIES/CLOSE_BROWSER: Test Cases/Custom Procurement Details/UTILITIES/CLOSE_BROWSER

2020-12-18 18:06:16 - [TEST_STEP][PASSED] - closeBrowser(): Browser is closed

2020-12-18 18:06:16 - [MESSAGE][PASSED] - Browser is closed

2020-12-18 18:06:16 - [MESSAGE][PASSED] - Call Test Case 'Test Cases/Custom Procurement Details/UTILITIES/CLOSE_BROWSER' successfully]]></system-out>
         <system-err><![CDATA[]]></system-err>
      </testcase>
      <testcase name="Test Cases/Custom Procurement Details/TEST CASE/TC_DETAILS_UI_013" time="42.346" classname="Test Cases/Custom Procurement Details/TEST CASE/TC_DETAILS_UI_013" status="PASSED">
         <system-out><![CDATA[2020-12-18 18:06:16 - [TEST_CASE][PASSED] - Test Cases/Custom Procurement Details/TEST CASE/TC_DETAILS_UI_013: Test Cases/Custom Procurement Details/TEST CASE/TC_DETAILS_UI_013

2020-12-18 18:06:16 - [TEST_STEP][PASSED] - callTestCase(findTestCase("Custom Procurement Details/UTILITIES/OPEN_BROWSER"), [:], STOP_ON_FAILURE): Call Test Case 'Test Cases/Custom Procurement Details/UTILITIES/OPEN_BROWSER' successfully

2020-12-18 18:06:16 - [TEST_CASE][PASSED] - Test Cases/Custom Procurement Details/UTILITIES/OPEN_BROWSER: Test Cases/Custom Procurement Details/UTILITIES/OPEN_BROWSER

2020-12-18 18:06:16 - [TEST_STEP][PASSED] - openBrowser("https://gdasandbox.test-arcadier.com/buyer-signin"): Browser is opened with url: 'https://gdasandbox.test-arcadier.com/buyer-signin'

2020-12-18 18:06:16 - [MESSAGE][INFO] - Starting 'Chrome' driver

2020-12-18 18:06:16 - [MESSAGE][INFO] - Action delay is set to 0 milliseconds

2020-12-18 18:06:27 - [MESSAGE][PASSED] - Browser is opened with url: 'https://gdasandbox.test-arcadier.com/buyer-signin'

2020-12-18 18:06:27 - [TEST_STEP][PASSED] - maximizeWindow(): Current window maximized

2020-12-18 18:06:29 - [MESSAGE][PASSED] - Current window maximized

2020-12-18 18:06:29 - [TEST_STEP][PASSED] - callTestCase(findTestCase("Custom Procurement Details/UTILITIES/LOGIN"), [:], STOP_ON_FAILURE): Call Test Case 'Test Cases/Custom Procurement Details/UTILITIES/LOGIN' successfully

2020-12-18 18:06:29 - [TEST_CASE][PASSED] - Test Cases/Custom Procurement Details/UTILITIES/LOGIN: Test Cases/Custom Procurement Details/UTILITIES/LOGIN

2020-12-18 18:06:29 - [TEST_STEP][PASSED] - waitForElementPresent(findTestObject("Login/Page_diagnostics/a_Sign_in_as_Buyer"), 0): Object 'Object Repository/Login/Page_diagnostics/a_Sign_in_as_Buyer' is present

2020-12-18 18:06:29 - [MESSAGE][WARNING] - Timeout '0' is invalid. Using default page load timeout: '30'

2020-12-18 18:06:29 - [MESSAGE][PASSED] - Object 'Object Repository/Login/Page_diagnostics/a_Sign_in_as_Buyer' is present

2020-12-18 18:06:29 - [TEST_STEP][PASSED] - click(findTestObject("Login/Page_diagnostics/a_Sign_in_as_Buyer")): Object: 'Object Repository/Login/Page_diagnostics/a_Sign_in_as_Buyer' is clicked on

2020-12-18 18:06:30 - [MESSAGE][PASSED] - Object: 'Object Repository/Login/Page_diagnostics/a_Sign_in_as_Buyer' is clicked on

2020-12-18 18:06:30 - [TEST_STEP][PASSED] - waitForElementPresent(findTestObject("Login/Page_diagnostics/input_Username"), 0): Object 'Object Repository/Login/Page_diagnostics/input_Username' is present

2020-12-18 18:06:30 - [MESSAGE][WARNING] - Timeout '0' is invalid. Using default page load timeout: '30'

2020-12-18 18:06:31 - [MESSAGE][PASSED] - Object 'Object Repository/Login/Page_diagnostics/input_Username' is present

2020-12-18 18:06:31 - [TEST_STEP][PASSED] - setText(findTestObject("Login/Page_diagnostics/input_Username"), "admin"): Text 'admin' is set on object 'Object Repository/Login/Page_diagnostics/input_Username'

2020-12-18 18:06:31 - [MESSAGE][PASSED] - Text 'admin' is set on object 'Object Repository/Login/Page_diagnostics/input_Username'

2020-12-18 18:06:31 - [TEST_STEP][PASSED] - waitForElementPresent(findTestObject("Login/Page_diagnostics/input_Password"), 0): Object 'Object Repository/Login/Page_diagnostics/input_Password' is present

2020-12-18 18:06:31 - [MESSAGE][WARNING] - Timeout '0' is invalid. Using default page load timeout: '30'

2020-12-18 18:06:32 - [MESSAGE][PASSED] - Object 'Object Repository/Login/Page_diagnostics/input_Password' is present

2020-12-18 18:06:32 - [TEST_STEP][PASSED] - setText(findTestObject("Login/Page_diagnostics/input_Password"), "Diagnostics123!"): Text 'Diagnostics123!' is set on object 'Object Repository/Login/Page_diagnostics/input_Password'

2020-12-18 18:06:32 - [MESSAGE][PASSED] - Text 'Diagnostics123!' is set on object 'Object Repository/Login/Page_diagnostics/input_Password'

2020-12-18 18:06:32 - [TEST_STEP][PASSED] - waitForElementPresent(findTestObject("Login/Page_diagnostics/input_Submit"), 0): Object 'Object Repository/Login/Page_diagnostics/input_Submit' is present

2020-12-18 18:06:32 - [MESSAGE][WARNING] - Timeout '0' is invalid. Using default page load timeout: '30'

2020-12-18 18:06:32 - [MESSAGE][PASSED] - Object 'Object Repository/Login/Page_diagnostics/input_Submit' is present

2020-12-18 18:06:32 - [TEST_STEP][PASSED] - click(findTestObject("Login/Page_diagnostics/input_Submit")): Object: 'Object Repository/Login/Page_diagnostics/input_Submit' is clicked on

2020-12-18 18:06:39 - [MESSAGE][PASSED] - Object: 'Object Repository/Login/Page_diagnostics/input_Submit' is clicked on

2020-12-18 18:06:39 - [MESSAGE][PASSED] - Call Test Case 'Test Cases/Custom Procurement Details/UTILITIES/LOGIN' successfully

2020-12-18 18:06:39 - [TEST_STEP][PASSED] - navigateToUrl("https://gdasandbox.test-arcadier.com/user/item/detail/gdaagencyfind/59fde34e-4dcb-44b5-bdcd-2bde962c0cb5"): Navigate to 'https://gdasandbox.test-arcadier.com/user/item/detail/gdaagencyfind/59fde34e-4dcb-44b5-bdcd-2bde962c0cb5' successfully

2020-12-18 18:06:40 - [MESSAGE][PASSED] - Navigate to 'https://gdasandbox.test-arcadier.com/user/item/detail/gdaagencyfind/59fde34e-4dcb-44b5-bdcd-2bde962c0cb5' successfully

2020-12-18 18:06:40 - [MESSAGE][PASSED] - Call Test Case 'Test Cases/Custom Procurement Details/UTILITIES/OPEN_BROWSER' successfully

2020-12-18 18:06:40 - [TEST_STEP][PASSED] - callTestCase(findTestCase("Custom Procurement Details/UTILITIES/PROCURE_PAGE"), [:], STOP_ON_FAILURE): Call Test Case 'Test Cases/Custom Procurement Details/UTILITIES/PROCURE_PAGE' successfully

2020-12-18 18:06:40 - [TEST_CASE][PASSED] - Test Cases/Custom Procurement Details/UTILITIES/PROCURE_PAGE: Test Cases/Custom Procurement Details/UTILITIES/PROCURE_PAGE

2020-12-18 18:06:40 - [TEST_STEP][PASSED] - click(findTestObject("Item Details/Page_diagnostics/a_PROCURE_DIRECTLY_FROM_SELLER")): Object: 'Object Repository/Item Details/Page_diagnostics/a_PROCURE_DIRECTLY_FROM_SELLER' is clicked on

2020-12-18 18:06:43 - [MESSAGE][PASSED] - Object: 'Object Repository/Item Details/Page_diagnostics/a_PROCURE_DIRECTLY_FROM_SELLER' is clicked on

2020-12-18 18:06:43 - [MESSAGE][PASSED] - Call Test Case 'Test Cases/Custom Procurement Details/UTILITIES/PROCURE_PAGE' successfully

2020-12-18 18:06:43 - [TEST_STEP][PASSED] - callTestCase(findTestCase("Custom Procurement Details/UTILITIES/CART_PAGE"), [:], STOP_ON_FAILURE): Call Test Case 'Test Cases/Custom Procurement Details/UTILITIES/CART_PAGE' successfully

2020-12-18 18:06:43 - [TEST_CASE][PASSED] - Test Cases/Custom Procurement Details/UTILITIES/CART_PAGE: Test Cases/Custom Procurement Details/UTILITIES/CART_PAGE

2020-12-18 18:06:43 - [TEST_STEP][PASSED] - navigateToUrl("https://gdasandbox.test-arcadier.com/user/order/cart"): Navigate to 'https://gdasandbox.test-arcadier.com/user/order/cart' successfully

2020-12-18 18:06:44 - [MESSAGE][PASSED] - Navigate to 'https://gdasandbox.test-arcadier.com/user/order/cart' successfully

2020-12-18 18:06:44 - [TEST_STEP][PASSED] - click(findTestObject("Checkout Page/Page_diagnostics/a_CHECKOUT")): Object: 'Object Repository/Checkout Page/Page_diagnostics/a_CHECKOUT' is clicked on

2020-12-18 18:06:48 - [MESSAGE][PASSED] - Object: 'Object Repository/Checkout Page/Page_diagnostics/a_CHECKOUT' is clicked on

2020-12-18 18:06:48 - [MESSAGE][PASSED] - Call Test Case 'Test Cases/Custom Procurement Details/UTILITIES/CART_PAGE' successfully

2020-12-18 18:06:48 - [TEST_STEP][PASSED] - callTestCase(findTestCase("Custom Procurement Details/UTILITIES/FORM_INPUT"), [:], STOP_ON_FAILURE): Call Test Case 'Test Cases/Custom Procurement Details/UTILITIES/FORM_INPUT' successfully

2020-12-18 18:06:48 - [TEST_CASE][PASSED] - Test Cases/Custom Procurement Details/UTILITIES/FORM_INPUT: Test Cases/Custom Procurement Details/UTILITIES/FORM_INPUT

2020-12-18 18:06:48 - [TEST_STEP][PASSED] - setText(findTestObject("Procurement Active1/Page_diagnostics/input_Company_Name"), "Intro Company"): Text 'Intro Company' is set on object 'Object Repository/Procurement Active1/Page_diagnostics/input_Company_Name'

2020-12-18 18:06:50 - [MESSAGE][PASSED] - Text 'Intro Company' is set on object 'Object Repository/Procurement Active1/Page_diagnostics/input_Company_Name'

2020-12-18 18:06:50 - [TEST_STEP][PASSED] - setText(findTestObject("Procurement Active1/Page_diagnostics/input_Person-in-charge"), "Admin"): Text 'Admin' is set on object 'Object Repository/Procurement Active1/Page_diagnostics/input_Person-in-charge'

2020-12-18 18:06:51 - [MESSAGE][PASSED] - Text 'Admin' is set on object 'Object Repository/Procurement Active1/Page_diagnostics/input_Person-in-charge'

2020-12-18 18:06:51 - [TEST_STEP][PASSED] - setText(findTestObject("Procurement Active1/Page_diagnostics/input_Notification_email"), "adminn@test.com"): Text 'adminn@test.com' is set on object 'Object Repository/Procurement Active1/Page_diagnostics/input_Notification_email'

2020-12-18 18:06:52 - [MESSAGE][PASSED] - Text 'adminn@test.com' is set on object 'Object Repository/Procurement Active1/Page_diagnostics/input_Notification_email'

2020-12-18 18:06:52 - [TEST_STEP][PASSED] - setText(findTestObject("Procurement Active1/Page_diagnostics/input_Contact_number"), "1234567890"): Text '1234567890' is set on object 'Object Repository/Procurement Active1/Page_diagnostics/input_Contact_number'

2020-12-18 18:06:52 - [MESSAGE][PASSED] - Text '1234567890' is set on object 'Object Repository/Procurement Active1/Page_diagnostics/input_Contact_number'

2020-12-18 18:06:52 - [TEST_STEP][PASSED] - click(findTestObject("Procurement Active1/Page_diagnostics/label_SELECT ADDRESS")): Object: 'Object Repository/Procurement Active1/Page_diagnostics/label_SELECT ADDRESS' is clicked on

2020-12-18 18:06:53 - [MESSAGE][PASSED] - Object: 'Object Repository/Procurement Active1/Page_diagnostics/label_SELECT ADDRESS' is clicked on

2020-12-18 18:06:53 - [TEST_STEP][PASSED] - click(findTestObject("Item Details/Page_diagnostics/a_Accept Cookies")): Object: 'Object Repository/Item Details/Page_diagnostics/a_Accept Cookies' is clicked on

2020-12-18 18:06:53 - [MESSAGE][PASSED] - Object: 'Object Repository/Item Details/Page_diagnostics/a_Accept Cookies' is clicked on

2020-12-18 18:06:53 - [TEST_STEP][PASSED] - click(findTestObject("Procurement Active1/Page_diagnostics/a_NEXT")): Object: 'Object Repository/Procurement Active1/Page_diagnostics/a_NEXT' is clicked on

2020-12-18 18:06:54 - [MESSAGE][PASSED] - Object: 'Object Repository/Procurement Active1/Page_diagnostics/a_NEXT' is clicked on

2020-12-18 18:06:54 - [MESSAGE][PASSED] - Call Test Case 'Test Cases/Custom Procurement Details/UTILITIES/FORM_INPUT' successfully

2020-12-18 18:06:54 - [TEST_STEP][PASSED] - verifyElementPresent(findTestObject("Procurement Active 2/Page_diagnostics/h4_Item_Name"), 0): Object 'Object Repository/Procurement Active 2/Page_diagnostics/h4_Item_Name' is present

2020-12-18 18:06:54 - [MESSAGE][WARNING] - Timeout '0' is invalid. Using default page load timeout: '30'

2020-12-18 18:06:58 - [MESSAGE][PASSED] - Object 'Object Repository/Procurement Active 2/Page_diagnostics/h4_Item_Name' is present

2020-12-18 18:06:58 - [TEST_STEP][PASSED] - callTestCase(findTestCase("Custom Procurement Details/UTILITIES/CLOSE_BROWSER"), [:], STOP_ON_FAILURE): Call Test Case 'Test Cases/Custom Procurement Details/UTILITIES/CLOSE_BROWSER' successfully

2020-12-18 18:06:58 - [TEST_CASE][PASSED] - Test Cases/Custom Procurement Details/UTILITIES/CLOSE_BROWSER: Test Cases/Custom Procurement Details/UTILITIES/CLOSE_BROWSER

2020-12-18 18:06:58 - [TEST_STEP][PASSED] - closeBrowser(): Browser is closed

2020-12-18 18:06:59 - [MESSAGE][PASSED] - Browser is closed

2020-12-18 18:06:59 - [MESSAGE][PASSED] - Call Test Case 'Test Cases/Custom Procurement Details/UTILITIES/CLOSE_BROWSER' successfully]]></system-out>
         <system-err><![CDATA[]]></system-err>
      </testcase>
      <testcase name="Test Cases/Custom Procurement Details/TEST CASE/TC_DETAILS_UI_014" time="69.72" classname="Test Cases/Custom Procurement Details/TEST CASE/TC_DETAILS_UI_014" status="FAILED">
         <failure type="FAILED" message="Test Cases/Custom Procurement Details/TEST CASE/TC_DETAILS_UI_014 FAILED.
Reason:
com.kms.katalon.core.exception.StepFailedException: Unable to verify object 'Object Repository/Procurement Active 2/Page_diagnostics/h4_Price' is present
	at com.kms.katalon.core.webui.keyword.internal.WebUIKeywordMain.stepFailed(WebUIKeywordMain.groovy:64)
	at com.kms.katalon.core.webui.keyword.internal.WebUIKeywordMain.runKeyword(WebUIKeywordMain.groovy:26)
	at com.kms.katalon.core.webui.keyword.builtin.VerifyElementPresentKeyword.verifyElementPresent(VerifyElementPresentKeyword.groovy:92)
	at com.kms.katalon.core.webui.keyword.builtin.VerifyElementPresentKeyword.execute(VerifyElementPresentKeyword.groovy:68)
	at com.kms.katalon.core.keyword.internal.KeywordExecutor.executeKeywordForPlatform(KeywordExecutor.groovy:73)
	at com.kms.katalon.core.webui.keyword.WebUiBuiltInKeywords.verifyElementPresent(WebUiBuiltInKeywords.groovy:1461)
	at com.kms.katalon.core.webui.keyword.WebUiBuiltInKeywords$verifyElementPresent$5.call(Unknown Source)
	at TC_DETAILS_UI_014.run(TC_DETAILS_UI_014:26)
	at com.kms.katalon.core.main.ScriptEngine.run(ScriptEngine.java:194)
	at com.kms.katalon.core.main.ScriptEngine.runScriptAsRawText(ScriptEngine.java:119)
	at com.kms.katalon.core.main.TestCaseExecutor.runScript(TestCaseExecutor.java:339)
	at com.kms.katalon.core.main.TestCaseExecutor.doExecute(TestCaseExecutor.java:330)
	at com.kms.katalon.core.main.TestCaseExecutor.processExecutionPhase(TestCaseExecutor.java:309)
	at com.kms.katalon.core.main.TestCaseExecutor.accessMainPhase(TestCaseExecutor.java:301)
	at com.kms.katalon.core.main.TestCaseExecutor.execute(TestCaseExecutor.java:235)
	at com.kms.katalon.core.main.TestSuiteExecutor.accessTestCaseMainPhase(TestSuiteExecutor.java:191)
	at com.kms.katalon.core.main.TestSuiteExecutor.accessTestSuiteMainPhase(TestSuiteExecutor.java:141)
	at com.kms.katalon.core.main.TestSuiteExecutor.execute(TestSuiteExecutor.java:90)
	at com.kms.katalon.core.main.TestCaseMain.startTestSuite(TestCaseMain.java:157)
	at com.kms.katalon.core.main.TestCaseMain$startTestSuite$0.call(Unknown Source)
	at TempTestSuite1608285493004.run(TempTestSuite1608285493004.groovy:39)
Caused by: com.kms.katalon.core.exception.StepFailedException: com.kms.katalon.core.webui.exception.WebElementNotFoundException: Web element with id: 'Object Repository/Procurement Active 2/Page_diagnostics/h4_Price' located by '(.//*[normalize-space(text()) and normalize-space(.)='QTY: 1'])[1]/following::h4[1]' not found
	at com.kms.katalon.core.webui.keyword.internal.WebUIKeywordMain.stepFailed(WebUIKeywordMain.groovy:64)
	at com.kms.katalon.core.webui.keyword.builtin.VerifyElementPresentKeyword$_verifyElementPresent_closure1.doCall(VerifyElementPresentKeyword.groovy:85)
	at com.kms.katalon.core.webui.keyword.builtin.VerifyElementPresentKeyword$_verifyElementPresent_closure1.call(VerifyElementPresentKeyword.groovy)
	at com.kms.katalon.core.webui.keyword.internal.WebUIKeywordMain.runKeyword(WebUIKeywordMain.groovy:20)
	... 19 more
"/>
         <system-out><![CDATA[2020-12-18 18:06:59 - [TEST_CASE][FAILED] - Test Cases/Custom Procurement Details/TEST CASE/TC_DETAILS_UI_014: Test Cases/Custom Procurement Details/TEST CASE/TC_DETAILS_UI_014 FAILED.
Reason:
com.kms.katalon.core.exception.StepFailedException: Unable to verify object 'Object Repository/Procurement Active 2/Page_diagnostics/h4_Price' is present
	at com.kms.katalon.core.webui.keyword.internal.WebUIKeywordMain.stepFailed(WebUIKeywordMain.groovy:64)
	at com.kms.katalon.core.webui.keyword.internal.WebUIKeywordMain.runKeyword(WebUIKeywordMain.groovy:26)
	at com.kms.katalon.core.webui.keyword.builtin.VerifyElementPresentKeyword.verifyElementPresent(VerifyElementPresentKeyword.groovy:92)
	at com.kms.katalon.core.webui.keyword.builtin.VerifyElementPresentKeyword.execute(VerifyElementPresentKeyword.groovy:68)
	at com.kms.katalon.core.keyword.internal.KeywordExecutor.executeKeywordForPlatform(KeywordExecutor.groovy:73)
	at com.kms.katalon.core.webui.keyword.WebUiBuiltInKeywords.verifyElementPresent(WebUiBuiltInKeywords.groovy:1461)
	at com.kms.katalon.core.webui.keyword.WebUiBuiltInKeywords$verifyElementPresent$5.call(Unknown Source)
	at TC_DETAILS_UI_014.run(TC_DETAILS_UI_014:26)
	at com.kms.katalon.core.main.ScriptEngine.run(ScriptEngine.java:194)
	at com.kms.katalon.core.main.ScriptEngine.runScriptAsRawText(ScriptEngine.java:119)
	at com.kms.katalon.core.main.TestCaseExecutor.runScript(TestCaseExecutor.java:339)
	at com.kms.katalon.core.main.TestCaseExecutor.doExecute(TestCaseExecutor.java:330)
	at com.kms.katalon.core.main.TestCaseExecutor.processExecutionPhase(TestCaseExecutor.java:309)
	at com.kms.katalon.core.main.TestCaseExecutor.accessMainPhase(TestCaseExecutor.java:301)
	at com.kms.katalon.core.main.TestCaseExecutor.execute(TestCaseExecutor.java:235)
	at com.kms.katalon.core.main.TestSuiteExecutor.accessTestCaseMainPhase(TestSuiteExecutor.java:191)
	at com.kms.katalon.core.main.TestSuiteExecutor.accessTestSuiteMainPhase(TestSuiteExecutor.java:141)
	at com.kms.katalon.core.main.TestSuiteExecutor.execute(TestSuiteExecutor.java:90)
	at com.kms.katalon.core.main.TestCaseMain.startTestSuite(TestCaseMain.java:157)
	at com.kms.katalon.core.main.TestCaseMain$startTestSuite$0.call(Unknown Source)
	at TempTestSuite1608285493004.run(TempTestSuite1608285493004.groovy:39)
Caused by: com.kms.katalon.core.exception.StepFailedException: com.kms.katalon.core.webui.exception.WebElementNotFoundException: Web element with id: 'Object Repository/Procurement Active 2/Page_diagnostics/h4_Price' located by '(.//*[normalize-space(text()) and normalize-space(.)='QTY: 1'])[1]/following::h4[1]' not found
	at com.kms.katalon.core.webui.keyword.internal.WebUIKeywordMain.stepFailed(WebUIKeywordMain.groovy:64)
	at com.kms.katalon.core.webui.keyword.builtin.VerifyElementPresentKeyword$_verifyElementPresent_closure1.doCall(VerifyElementPresentKeyword.groovy:85)
	at com.kms.katalon.core.webui.keyword.builtin.VerifyElementPresentKeyword$_verifyElementPresent_closure1.call(VerifyElementPresentKeyword.groovy)
	at com.kms.katalon.core.webui.keyword.internal.WebUIKeywordMain.runKeyword(WebUIKeywordMain.groovy:20)
	... 19 more


2020-12-18 18:06:59 - [TEST_STEP][PASSED] - callTestCase(findTestCase("Custom Procurement Details/UTILITIES/OPEN_BROWSER"), [:], STOP_ON_FAILURE): Call Test Case 'Test Cases/Custom Procurement Details/UTILITIES/OPEN_BROWSER' successfully

2020-12-18 18:06:59 - [TEST_CASE][PASSED] - Test Cases/Custom Procurement Details/UTILITIES/OPEN_BROWSER: Test Cases/Custom Procurement Details/UTILITIES/OPEN_BROWSER

2020-12-18 18:06:59 - [TEST_STEP][PASSED] - openBrowser("https://gdasandbox.test-arcadier.com/buyer-signin"): Browser is opened with url: 'https://gdasandbox.test-arcadier.com/buyer-signin'

2020-12-18 18:06:59 - [MESSAGE][INFO] - Starting 'Chrome' driver

2020-12-18 18:06:59 - [MESSAGE][INFO] - Action delay is set to 0 milliseconds

2020-12-18 18:07:09 - [MESSAGE][PASSED] - Browser is opened with url: 'https://gdasandbox.test-arcadier.com/buyer-signin'

2020-12-18 18:07:09 - [TEST_STEP][PASSED] - maximizeWindow(): Current window maximized

2020-12-18 18:07:11 - [MESSAGE][PASSED] - Current window maximized

2020-12-18 18:07:11 - [TEST_STEP][PASSED] - callTestCase(findTestCase("Custom Procurement Details/UTILITIES/LOGIN"), [:], STOP_ON_FAILURE): Call Test Case 'Test Cases/Custom Procurement Details/UTILITIES/LOGIN' successfully

2020-12-18 18:07:11 - [TEST_CASE][PASSED] - Test Cases/Custom Procurement Details/UTILITIES/LOGIN: Test Cases/Custom Procurement Details/UTILITIES/LOGIN

2020-12-18 18:07:11 - [TEST_STEP][PASSED] - waitForElementPresent(findTestObject("Login/Page_diagnostics/a_Sign_in_as_Buyer"), 0): Object 'Object Repository/Login/Page_diagnostics/a_Sign_in_as_Buyer' is present

2020-12-18 18:07:11 - [MESSAGE][WARNING] - Timeout '0' is invalid. Using default page load timeout: '30'

2020-12-18 18:07:12 - [MESSAGE][PASSED] - Object 'Object Repository/Login/Page_diagnostics/a_Sign_in_as_Buyer' is present

2020-12-18 18:07:12 - [TEST_STEP][PASSED] - click(findTestObject("Login/Page_diagnostics/a_Sign_in_as_Buyer")): Object: 'Object Repository/Login/Page_diagnostics/a_Sign_in_as_Buyer' is clicked on

2020-12-18 18:07:12 - [MESSAGE][PASSED] - Object: 'Object Repository/Login/Page_diagnostics/a_Sign_in_as_Buyer' is clicked on

2020-12-18 18:07:12 - [TEST_STEP][PASSED] - waitForElementPresent(findTestObject("Login/Page_diagnostics/input_Username"), 0): Object 'Object Repository/Login/Page_diagnostics/input_Username' is present

2020-12-18 18:07:12 - [MESSAGE][WARNING] - Timeout '0' is invalid. Using default page load timeout: '30'

2020-12-18 18:07:13 - [MESSAGE][PASSED] - Object 'Object Repository/Login/Page_diagnostics/input_Username' is present

2020-12-18 18:07:13 - [TEST_STEP][PASSED] - setText(findTestObject("Login/Page_diagnostics/input_Username"), "admin"): Text 'admin' is set on object 'Object Repository/Login/Page_diagnostics/input_Username'

2020-12-18 18:07:13 - [MESSAGE][PASSED] - Text 'admin' is set on object 'Object Repository/Login/Page_diagnostics/input_Username'

2020-12-18 18:07:13 - [TEST_STEP][PASSED] - waitForElementPresent(findTestObject("Login/Page_diagnostics/input_Password"), 0): Object 'Object Repository/Login/Page_diagnostics/input_Password' is present

2020-12-18 18:07:13 - [MESSAGE][WARNING] - Timeout '0' is invalid. Using default page load timeout: '30'

2020-12-18 18:07:14 - [MESSAGE][PASSED] - Object 'Object Repository/Login/Page_diagnostics/input_Password' is present

2020-12-18 18:07:14 - [TEST_STEP][PASSED] - setText(findTestObject("Login/Page_diagnostics/input_Password"), "Diagnostics123!"): Text 'Diagnostics123!' is set on object 'Object Repository/Login/Page_diagnostics/input_Password'

2020-12-18 18:07:14 - [MESSAGE][PASSED] - Text 'Diagnostics123!' is set on object 'Object Repository/Login/Page_diagnostics/input_Password'

2020-12-18 18:07:14 - [TEST_STEP][PASSED] - waitForElementPresent(findTestObject("Login/Page_diagnostics/input_Submit"), 0): Object 'Object Repository/Login/Page_diagnostics/input_Submit' is present

2020-12-18 18:07:14 - [MESSAGE][WARNING] - Timeout '0' is invalid. Using default page load timeout: '30'

2020-12-18 18:07:14 - [MESSAGE][PASSED] - Object 'Object Repository/Login/Page_diagnostics/input_Submit' is present

2020-12-18 18:07:14 - [TEST_STEP][PASSED] - click(findTestObject("Login/Page_diagnostics/input_Submit")): Object: 'Object Repository/Login/Page_diagnostics/input_Submit' is clicked on

2020-12-18 18:07:21 - [MESSAGE][PASSED] - Object: 'Object Repository/Login/Page_diagnostics/input_Submit' is clicked on

2020-12-18 18:07:21 - [MESSAGE][PASSED] - Call Test Case 'Test Cases/Custom Procurement Details/UTILITIES/LOGIN' successfully

2020-12-18 18:07:21 - [TEST_STEP][PASSED] - navigateToUrl("https://gdasandbox.test-arcadier.com/user/item/detail/gdaagencyfind/59fde34e-4dcb-44b5-bdcd-2bde962c0cb5"): Navigate to 'https://gdasandbox.test-arcadier.com/user/item/detail/gdaagencyfind/59fde34e-4dcb-44b5-bdcd-2bde962c0cb5' successfully

2020-12-18 18:07:23 - [MESSAGE][PASSED] - Navigate to 'https://gdasandbox.test-arcadier.com/user/item/detail/gdaagencyfind/59fde34e-4dcb-44b5-bdcd-2bde962c0cb5' successfully

2020-12-18 18:07:23 - [MESSAGE][PASSED] - Call Test Case 'Test Cases/Custom Procurement Details/UTILITIES/OPEN_BROWSER' successfully

2020-12-18 18:07:23 - [TEST_STEP][PASSED] - callTestCase(findTestCase("Custom Procurement Details/UTILITIES/PROCURE_PAGE"), [:], STOP_ON_FAILURE): Call Test Case 'Test Cases/Custom Procurement Details/UTILITIES/PROCURE_PAGE' successfully

2020-12-18 18:07:23 - [TEST_CASE][PASSED] - Test Cases/Custom Procurement Details/UTILITIES/PROCURE_PAGE: Test Cases/Custom Procurement Details/UTILITIES/PROCURE_PAGE

2020-12-18 18:07:23 - [TEST_STEP][PASSED] - click(findTestObject("Item Details/Page_diagnostics/a_PROCURE_DIRECTLY_FROM_SELLER")): Object: 'Object Repository/Item Details/Page_diagnostics/a_PROCURE_DIRECTLY_FROM_SELLER' is clicked on

2020-12-18 18:07:25 - [MESSAGE][PASSED] - Object: 'Object Repository/Item Details/Page_diagnostics/a_PROCURE_DIRECTLY_FROM_SELLER' is clicked on

2020-12-18 18:07:25 - [MESSAGE][PASSED] - Call Test Case 'Test Cases/Custom Procurement Details/UTILITIES/PROCURE_PAGE' successfully

2020-12-18 18:07:25 - [TEST_STEP][PASSED] - callTestCase(findTestCase("Custom Procurement Details/UTILITIES/CART_PAGE"), [:], STOP_ON_FAILURE): Call Test Case 'Test Cases/Custom Procurement Details/UTILITIES/CART_PAGE' successfully

2020-12-18 18:07:25 - [TEST_CASE][PASSED] - Test Cases/Custom Procurement Details/UTILITIES/CART_PAGE: Test Cases/Custom Procurement Details/UTILITIES/CART_PAGE

2020-12-18 18:07:25 - [TEST_STEP][PASSED] - navigateToUrl("https://gdasandbox.test-arcadier.com/user/order/cart"): Navigate to 'https://gdasandbox.test-arcadier.com/user/order/cart' successfully

2020-12-18 18:07:27 - [MESSAGE][PASSED] - Navigate to 'https://gdasandbox.test-arcadier.com/user/order/cart' successfully

2020-12-18 18:07:27 - [TEST_STEP][PASSED] - click(findTestObject("Checkout Page/Page_diagnostics/a_CHECKOUT")): Object: 'Object Repository/Checkout Page/Page_diagnostics/a_CHECKOUT' is clicked on

2020-12-18 18:07:30 - [MESSAGE][PASSED] - Object: 'Object Repository/Checkout Page/Page_diagnostics/a_CHECKOUT' is clicked on

2020-12-18 18:07:30 - [MESSAGE][PASSED] - Call Test Case 'Test Cases/Custom Procurement Details/UTILITIES/CART_PAGE' successfully

2020-12-18 18:07:30 - [TEST_STEP][PASSED] - callTestCase(findTestCase("Custom Procurement Details/UTILITIES/FORM_INPUT"), [:], STOP_ON_FAILURE): Call Test Case 'Test Cases/Custom Procurement Details/UTILITIES/FORM_INPUT' successfully

2020-12-18 18:07:31 - [TEST_CASE][PASSED] - Test Cases/Custom Procurement Details/UTILITIES/FORM_INPUT: Test Cases/Custom Procurement Details/UTILITIES/FORM_INPUT

2020-12-18 18:07:31 - [TEST_STEP][PASSED] - setText(findTestObject("Procurement Active1/Page_diagnostics/input_Company_Name"), "Intro Company"): Text 'Intro Company' is set on object 'Object Repository/Procurement Active1/Page_diagnostics/input_Company_Name'

2020-12-18 18:07:32 - [MESSAGE][PASSED] - Text 'Intro Company' is set on object 'Object Repository/Procurement Active1/Page_diagnostics/input_Company_Name'

2020-12-18 18:07:32 - [TEST_STEP][PASSED] - setText(findTestObject("Procurement Active1/Page_diagnostics/input_Person-in-charge"), "Admin"): Text 'Admin' is set on object 'Object Repository/Procurement Active1/Page_diagnostics/input_Person-in-charge'

2020-12-18 18:07:33 - [MESSAGE][PASSED] - Text 'Admin' is set on object 'Object Repository/Procurement Active1/Page_diagnostics/input_Person-in-charge'

2020-12-18 18:07:33 - [TEST_STEP][PASSED] - setText(findTestObject("Procurement Active1/Page_diagnostics/input_Notification_email"), "adminn@test.com"): Text 'adminn@test.com' is set on object 'Object Repository/Procurement Active1/Page_diagnostics/input_Notification_email'

2020-12-18 18:07:34 - [MESSAGE][PASSED] - Text 'adminn@test.com' is set on object 'Object Repository/Procurement Active1/Page_diagnostics/input_Notification_email'

2020-12-18 18:07:34 - [TEST_STEP][PASSED] - setText(findTestObject("Procurement Active1/Page_diagnostics/input_Contact_number"), "1234567890"): Text '1234567890' is set on object 'Object Repository/Procurement Active1/Page_diagnostics/input_Contact_number'

2020-12-18 18:07:35 - [MESSAGE][PASSED] - Text '1234567890' is set on object 'Object Repository/Procurement Active1/Page_diagnostics/input_Contact_number'

2020-12-18 18:07:35 - [TEST_STEP][PASSED] - click(findTestObject("Procurement Active1/Page_diagnostics/label_SELECT ADDRESS")): Object: 'Object Repository/Procurement Active1/Page_diagnostics/label_SELECT ADDRESS' is clicked on

2020-12-18 18:07:35 - [MESSAGE][PASSED] - Object: 'Object Repository/Procurement Active1/Page_diagnostics/label_SELECT ADDRESS' is clicked on

2020-12-18 18:07:35 - [TEST_STEP][PASSED] - click(findTestObject("Item Details/Page_diagnostics/a_Accept Cookies")): Object: 'Object Repository/Item Details/Page_diagnostics/a_Accept Cookies' is clicked on

2020-12-18 18:07:35 - [MESSAGE][PASSED] - Object: 'Object Repository/Item Details/Page_diagnostics/a_Accept Cookies' is clicked on

2020-12-18 18:07:35 - [TEST_STEP][PASSED] - click(findTestObject("Procurement Active1/Page_diagnostics/a_NEXT")): Object: 'Object Repository/Procurement Active1/Page_diagnostics/a_NEXT' is clicked on

2020-12-18 18:07:36 - [MESSAGE][PASSED] - Object: 'Object Repository/Procurement Active1/Page_diagnostics/a_NEXT' is clicked on

2020-12-18 18:07:36 - [MESSAGE][PASSED] - Call Test Case 'Test Cases/Custom Procurement Details/UTILITIES/FORM_INPUT' successfully

2020-12-18 18:07:36 - [TEST_STEP][FAILED] - verifyElementPresent(findTestObject("Procurement Active 2/Page_diagnostics/h4_Price"), 0): Unable to verify object 'Object Repository/Procurement Active 2/Page_diagnostics/h4_Price' is present (Root cause: com.kms.katalon.core.exception.StepFailedException: Unable to verify object 'Object Repository/Procurement Active 2/Page_diagnostics/h4_Price' is present
	at com.kms.katalon.core.webui.keyword.internal.WebUIKeywordMain.stepFailed(WebUIKeywordMain.groovy:64)
	at com.kms.katalon.core.webui.keyword.internal.WebUIKeywordMain.runKeyword(WebUIKeywordMain.groovy:26)
	at com.kms.katalon.core.webui.keyword.builtin.VerifyElementPresentKeyword.verifyElementPresent(VerifyElementPresentKeyword.groovy:92)
	at com.kms.katalon.core.webui.keyword.builtin.VerifyElementPresentKeyword.execute(VerifyElementPresentKeyword.groovy:68)
	at com.kms.katalon.core.keyword.internal.KeywordExecutor.executeKeywordForPlatform(KeywordExecutor.groovy:73)
	at com.kms.katalon.core.webui.keyword.WebUiBuiltInKeywords.verifyElementPresent(WebUiBuiltInKeywords.groovy:1461)
	at com.kms.katalon.core.webui.keyword.WebUiBuiltInKeywords$verifyElementPresent$5.call(Unknown Source)
	at TC_DETAILS_UI_014.run(TC_DETAILS_UI_014:26)
	at com.kms.katalon.core.main.ScriptEngine.run(ScriptEngine.java:194)
	at com.kms.katalon.core.main.ScriptEngine.runScriptAsRawText(ScriptEngine.java:119)
	at com.kms.katalon.core.main.TestCaseExecutor.runScript(TestCaseExecutor.java:339)
	at com.kms.katalon.core.main.TestCaseExecutor.doExecute(TestCaseExecutor.java:330)
	at com.kms.katalon.core.main.TestCaseExecutor.processExecutionPhase(TestCaseExecutor.java:309)
	at com.kms.katalon.core.main.TestCaseExecutor.accessMainPhase(TestCaseExecutor.java:301)
	at com.kms.katalon.core.main.TestCaseExecutor.execute(TestCaseExecutor.java:235)
	at com.kms.katalon.core.main.TestSuiteExecutor.accessTestCaseMainPhase(TestSuiteExecutor.java:191)
	at com.kms.katalon.core.main.TestSuiteExecutor.accessTestSuiteMainPhase(TestSuiteExecutor.java:141)
	at com.kms.katalon.core.main.TestSuiteExecutor.execute(TestSuiteExecutor.java:90)
	at com.kms.katalon.core.main.TestCaseMain.startTestSuite(TestCaseMain.java:157)
	at com.kms.katalon.core.main.TestCaseMain$startTestSuite$0.call(Unknown Source)
	at TempTestSuite1608285493004.run(TempTestSuite1608285493004.groovy:39)
Caused by: com.kms.katalon.core.exception.StepFailedException: com.kms.katalon.core.webui.exception.WebElementNotFoundException: Web element with id: 'Object Repository/Procurement Active 2/Page_diagnostics/h4_Price' located by '(.//*[normalize-space(text()) and normalize-space(.)='QTY: 1'])[1]/following::h4[1]' not found
	at com.kms.katalon.core.webui.keyword.internal.WebUIKeywordMain.stepFailed(WebUIKeywordMain.groovy:64)
	at com.kms.katalon.core.webui.keyword.builtin.VerifyElementPresentKeyword$_verifyElementPresent_closure1.doCall(VerifyElementPresentKeyword.groovy:85)
	at com.kms.katalon.core.webui.keyword.builtin.VerifyElementPresentKeyword$_verifyElementPresent_closure1.call(VerifyElementPresentKeyword.groovy)
	at com.kms.katalon.core.webui.keyword.internal.WebUIKeywordMain.runKeyword(WebUIKeywordMain.groovy:20)
	... 19 more
)

2020-12-18 18:07:37 - [MESSAGE][WARNING] - Timeout '0' is invalid. Using default page load timeout: '30'

2020-12-18 18:08:08 - [MESSAGE][INFO] - Unable to find the element located by 'By.xpath: (.//*[normalize-space(text()) and normalize-space(.)='QTY: 1'])[1]/following::h4[1]'. Please recheck the objects properties to make sure the desired element is located. 

2020-12-18 18:08:08 - [MESSAGE][FAILED] - com.kms.katalon.core.webui.exception.WebElementNotFoundException: Web element with id: 'Object Repository/Procurement Active 2/Page_diagnostics/h4_Price' located by '(.//*[normalize-space(text()) and normalize-space(.)='QTY: 1'])[1]/following::h4[1]' not found (Root cause: com.kms.katalon.core.exception.StepFailedException: com.kms.katalon.core.webui.exception.WebElementNotFoundException: Web element with id: 'Object Repository/Procurement Active 2/Page_diagnostics/h4_Price' located by '(.//*[normalize-space(text()) and normalize-space(.)='QTY: 1'])[1]/following::h4[1]' not found
	at com.kms.katalon.core.webui.keyword.internal.WebUIKeywordMain.stepFailed(WebUIKeywordMain.groovy:64)
	at com.kms.katalon.core.webui.keyword.builtin.VerifyElementPresentKeyword$_verifyElementPresent_closure1.doCall(VerifyElementPresentKeyword.groovy:85)
	at com.kms.katalon.core.webui.keyword.builtin.VerifyElementPresentKeyword$_verifyElementPresent_closure1.call(VerifyElementPresentKeyword.groovy)
	at com.kms.katalon.core.webui.keyword.internal.WebUIKeywordMain.runKeyword(WebUIKeywordMain.groovy:20)
	at com.kms.katalon.core.webui.keyword.builtin.VerifyElementPresentKeyword.verifyElementPresent(VerifyElementPresentKeyword.groovy:92)
	at com.kms.katalon.core.webui.keyword.builtin.VerifyElementPresentKeyword.execute(VerifyElementPresentKeyword.groovy:68)
	at com.kms.katalon.core.keyword.internal.KeywordExecutor.executeKeywordForPlatform(KeywordExecutor.groovy:73)
	at com.kms.katalon.core.webui.keyword.WebUiBuiltInKeywords.verifyElementPresent(WebUiBuiltInKeywords.groovy:1461)
	at com.kms.katalon.core.webui.keyword.WebUiBuiltInKeywords$verifyElementPresent$5.call(Unknown Source)
	at TC_DETAILS_UI_014.run(TC_DETAILS_UI_014:26)
	at com.kms.katalon.core.main.ScriptEngine.run(ScriptEngine.java:194)
	at com.kms.katalon.core.main.ScriptEngine.runScriptAsRawText(ScriptEngine.java:119)
	at com.kms.katalon.core.main.TestCaseExecutor.runScript(TestCaseExecutor.java:339)
	at com.kms.katalon.core.main.TestCaseExecutor.doExecute(TestCaseExecutor.java:330)
	at com.kms.katalon.core.main.TestCaseExecutor.processExecutionPhase(TestCaseExecutor.java:309)
	at com.kms.katalon.core.main.TestCaseExecutor.accessMainPhase(TestCaseExecutor.java:301)
	at com.kms.katalon.core.main.TestCaseExecutor.execute(TestCaseExecutor.java:235)
	at com.kms.katalon.core.main.TestSuiteExecutor.accessTestCaseMainPhase(TestSuiteExecutor.java:191)
	at com.kms.katalon.core.main.TestSuiteExecutor.accessTestSuiteMainPhase(TestSuiteExecutor.java:141)
	at com.kms.katalon.core.main.TestSuiteExecutor.execute(TestSuiteExecutor.java:90)
	at com.kms.katalon.core.main.TestCaseMain.startTestSuite(TestCaseMain.java:157)
	at com.kms.katalon.core.main.TestCaseMain$startTestSuite$0.call(Unknown Source)
	at TempTestSuite1608285493004.run(TempTestSuite1608285493004.groovy:39)
)
[[ATTACHMENT|K:\\Work\\GitHub\\find-procurement-test\\find-procurement-test\\Reports\\20201218_175812\\Item detail test\\20201218_175812\\1608286088112.png]]

2020-12-18 18:08:08 - [MESSAGE][FAILED] - Unable to verify object 'Object Repository/Procurement Active 2/Page_diagnostics/h4_Price' is present (Root cause: com.kms.katalon.core.exception.StepFailedException: Unable to verify object 'Object Repository/Procurement Active 2/Page_diagnostics/h4_Price' is present
	at com.kms.katalon.core.webui.keyword.internal.WebUIKeywordMain.stepFailed(WebUIKeywordMain.groovy:64)
	at com.kms.katalon.core.webui.keyword.internal.WebUIKeywordMain.runKeyword(WebUIKeywordMain.groovy:26)
	at com.kms.katalon.core.webui.keyword.builtin.VerifyElementPresentKeyword.verifyElementPresent(VerifyElementPresentKeyword.groovy:92)
	at com.kms.katalon.core.webui.keyword.builtin.VerifyElementPresentKeyword.execute(VerifyElementPresentKeyword.groovy:68)
	at com.kms.katalon.core.keyword.internal.KeywordExecutor.executeKeywordForPlatform(KeywordExecutor.groovy:73)
	at com.kms.katalon.core.webui.keyword.WebUiBuiltInKeywords.verifyElementPresent(WebUiBuiltInKeywords.groovy:1461)
	at com.kms.katalon.core.webui.keyword.WebUiBuiltInKeywords$verifyElementPresent$5.call(Unknown Source)
	at TC_DETAILS_UI_014.run(TC_DETAILS_UI_014:26)
	at com.kms.katalon.core.main.ScriptEngine.run(ScriptEngine.java:194)
	at com.kms.katalon.core.main.ScriptEngine.runScriptAsRawText(ScriptEngine.java:119)
	at com.kms.katalon.core.main.TestCaseExecutor.runScript(TestCaseExecutor.java:339)
	at com.kms.katalon.core.main.TestCaseExecutor.doExecute(TestCaseExecutor.java:330)
	at com.kms.katalon.core.main.TestCaseExecutor.processExecutionPhase(TestCaseExecutor.java:309)
	at com.kms.katalon.core.main.TestCaseExecutor.accessMainPhase(TestCaseExecutor.java:301)
	at com.kms.katalon.core.main.TestCaseExecutor.execute(TestCaseExecutor.java:235)
	at com.kms.katalon.core.main.TestSuiteExecutor.accessTestCaseMainPhase(TestSuiteExecutor.java:191)
	at com.kms.katalon.core.main.TestSuiteExecutor.accessTestSuiteMainPhase(TestSuiteExecutor.java:141)
	at com.kms.katalon.core.main.TestSuiteExecutor.execute(TestSuiteExecutor.java:90)
	at com.kms.katalon.core.main.TestCaseMain.startTestSuite(TestCaseMain.java:157)
	at com.kms.katalon.core.main.TestCaseMain$startTestSuite$0.call(Unknown Source)
	at TempTestSuite1608285493004.run(TempTestSuite1608285493004.groovy:39)
Caused by: com.kms.katalon.core.exception.StepFailedException: com.kms.katalon.core.webui.exception.WebElementNotFoundException: Web element with id: 'Object Repository/Procurement Active 2/Page_diagnostics/h4_Price' located by '(.//*[normalize-space(text()) and normalize-space(.)='QTY: 1'])[1]/following::h4[1]' not found
	at com.kms.katalon.core.webui.keyword.internal.WebUIKeywordMain.stepFailed(WebUIKeywordMain.groovy:64)
	at com.kms.katalon.core.webui.keyword.builtin.VerifyElementPresentKeyword$_verifyElementPresent_closure1.doCall(VerifyElementPresentKeyword.groovy:85)
	at com.kms.katalon.core.webui.keyword.builtin.VerifyElementPresentKeyword$_verifyElementPresent_closure1.call(VerifyElementPresentKeyword.groovy)
	at com.kms.katalon.core.webui.keyword.internal.WebUIKeywordMain.runKeyword(WebUIKeywordMain.groovy:20)
	... 19 more
)
[[ATTACHMENT|K:\\Work\\GitHub\\find-procurement-test\\find-procurement-test\\Reports\\20201218_175812\\Item detail test\\20201218_175812\\1608286088443.png]]]]></system-out>
         <system-err><![CDATA[2020-12-18 18:06:59 - [TEST_CASE][FAILED] - Test Cases/Custom Procurement Details/TEST CASE/TC_DETAILS_UI_014: Test Cases/Custom Procurement Details/TEST CASE/TC_DETAILS_UI_014 FAILED.
Reason:
com.kms.katalon.core.exception.StepFailedException: Unable to verify object 'Object Repository/Procurement Active 2/Page_diagnostics/h4_Price' is present
	at com.kms.katalon.core.webui.keyword.internal.WebUIKeywordMain.stepFailed(WebUIKeywordMain.groovy:64)
	at com.kms.katalon.core.webui.keyword.internal.WebUIKeywordMain.runKeyword(WebUIKeywordMain.groovy:26)
	at com.kms.katalon.core.webui.keyword.builtin.VerifyElementPresentKeyword.verifyElementPresent(VerifyElementPresentKeyword.groovy:92)
	at com.kms.katalon.core.webui.keyword.builtin.VerifyElementPresentKeyword.execute(VerifyElementPresentKeyword.groovy:68)
	at com.kms.katalon.core.keyword.internal.KeywordExecutor.executeKeywordForPlatform(KeywordExecutor.groovy:73)
	at com.kms.katalon.core.webui.keyword.WebUiBuiltInKeywords.verifyElementPresent(WebUiBuiltInKeywords.groovy:1461)
	at com.kms.katalon.core.webui.keyword.WebUiBuiltInKeywords$verifyElementPresent$5.call(Unknown Source)
	at TC_DETAILS_UI_014.run(TC_DETAILS_UI_014:26)
	at com.kms.katalon.core.main.ScriptEngine.run(ScriptEngine.java:194)
	at com.kms.katalon.core.main.ScriptEngine.runScriptAsRawText(ScriptEngine.java:119)
	at com.kms.katalon.core.main.TestCaseExecutor.runScript(TestCaseExecutor.java:339)
	at com.kms.katalon.core.main.TestCaseExecutor.doExecute(TestCaseExecutor.java:330)
	at com.kms.katalon.core.main.TestCaseExecutor.processExecutionPhase(TestCaseExecutor.java:309)
	at com.kms.katalon.core.main.TestCaseExecutor.accessMainPhase(TestCaseExecutor.java:301)
	at com.kms.katalon.core.main.TestCaseExecutor.execute(TestCaseExecutor.java:235)
	at com.kms.katalon.core.main.TestSuiteExecutor.accessTestCaseMainPhase(TestSuiteExecutor.java:191)
	at com.kms.katalon.core.main.TestSuiteExecutor.accessTestSuiteMainPhase(TestSuiteExecutor.java:141)
	at com.kms.katalon.core.main.TestSuiteExecutor.execute(TestSuiteExecutor.java:90)
	at com.kms.katalon.core.main.TestCaseMain.startTestSuite(TestCaseMain.java:157)
	at com.kms.katalon.core.main.TestCaseMain$startTestSuite$0.call(Unknown Source)
	at TempTestSuite1608285493004.run(TempTestSuite1608285493004.groovy:39)
Caused by: com.kms.katalon.core.exception.StepFailedException: com.kms.katalon.core.webui.exception.WebElementNotFoundException: Web element with id: 'Object Repository/Procurement Active 2/Page_diagnostics/h4_Price' located by '(.//*[normalize-space(text()) and normalize-space(.)='QTY: 1'])[1]/following::h4[1]' not found
	at com.kms.katalon.core.webui.keyword.internal.WebUIKeywordMain.stepFailed(WebUIKeywordMain.groovy:64)
	at com.kms.katalon.core.webui.keyword.builtin.VerifyElementPresentKeyword$_verifyElementPresent_closure1.doCall(VerifyElementPresentKeyword.groovy:85)
	at com.kms.katalon.core.webui.keyword.builtin.VerifyElementPresentKeyword$_verifyElementPresent_closure1.call(VerifyElementPresentKeyword.groovy)
	at com.kms.katalon.core.webui.keyword.internal.WebUIKeywordMain.runKeyword(WebUIKeywordMain.groovy:20)
	... 19 more]]></system-err>
      </testcase>
      <testcase name="Test Cases/Custom Procurement Details/TEST CASE/TC_DETAILS_UI_015" time="45.258" classname="Test Cases/Custom Procurement Details/TEST CASE/TC_DETAILS_UI_015" status="PASSED">
         <system-out><![CDATA[2020-12-18 18:08:08 - [TEST_CASE][PASSED] - Test Cases/Custom Procurement Details/TEST CASE/TC_DETAILS_UI_015: Test Cases/Custom Procurement Details/TEST CASE/TC_DETAILS_UI_015

2020-12-18 18:08:08 - [TEST_STEP][PASSED] - callTestCase(findTestCase("Custom Procurement Details/UTILITIES/OPEN_BROWSER"), [:], STOP_ON_FAILURE): Call Test Case 'Test Cases/Custom Procurement Details/UTILITIES/OPEN_BROWSER' successfully

2020-12-18 18:08:08 - [TEST_CASE][PASSED] - Test Cases/Custom Procurement Details/UTILITIES/OPEN_BROWSER: Test Cases/Custom Procurement Details/UTILITIES/OPEN_BROWSER

2020-12-18 18:08:08 - [TEST_STEP][PASSED] - openBrowser("https://gdasandbox.test-arcadier.com/buyer-signin"): Browser is opened with url: 'https://gdasandbox.test-arcadier.com/buyer-signin'

2020-12-18 18:08:08 - [MESSAGE][WARNING] - A browser is already opened. Closing browser and opening a new one

2020-12-18 18:08:09 - [MESSAGE][INFO] - Starting 'Chrome' driver

2020-12-18 18:08:09 - [MESSAGE][INFO] - Action delay is set to 0 milliseconds

2020-12-18 18:08:19 - [MESSAGE][PASSED] - Browser is opened with url: 'https://gdasandbox.test-arcadier.com/buyer-signin'

2020-12-18 18:08:19 - [TEST_STEP][PASSED] - maximizeWindow(): Current window maximized

2020-12-18 18:08:21 - [MESSAGE][PASSED] - Current window maximized

2020-12-18 18:08:21 - [TEST_STEP][PASSED] - callTestCase(findTestCase("Custom Procurement Details/UTILITIES/LOGIN"), [:], STOP_ON_FAILURE): Call Test Case 'Test Cases/Custom Procurement Details/UTILITIES/LOGIN' successfully

2020-12-18 18:08:21 - [TEST_CASE][PASSED] - Test Cases/Custom Procurement Details/UTILITIES/LOGIN: Test Cases/Custom Procurement Details/UTILITIES/LOGIN

2020-12-18 18:08:21 - [TEST_STEP][PASSED] - waitForElementPresent(findTestObject("Login/Page_diagnostics/a_Sign_in_as_Buyer"), 0): Object 'Object Repository/Login/Page_diagnostics/a_Sign_in_as_Buyer' is present

2020-12-18 18:08:21 - [MESSAGE][WARNING] - Timeout '0' is invalid. Using default page load timeout: '30'

2020-12-18 18:08:22 - [MESSAGE][PASSED] - Object 'Object Repository/Login/Page_diagnostics/a_Sign_in_as_Buyer' is present

2020-12-18 18:08:22 - [TEST_STEP][PASSED] - click(findTestObject("Login/Page_diagnostics/a_Sign_in_as_Buyer")): Object: 'Object Repository/Login/Page_diagnostics/a_Sign_in_as_Buyer' is clicked on

2020-12-18 18:08:24 - [MESSAGE][PASSED] - Object: 'Object Repository/Login/Page_diagnostics/a_Sign_in_as_Buyer' is clicked on

2020-12-18 18:08:24 - [TEST_STEP][PASSED] - waitForElementPresent(findTestObject("Login/Page_diagnostics/input_Username"), 0): Object 'Object Repository/Login/Page_diagnostics/input_Username' is present

2020-12-18 18:08:24 - [MESSAGE][WARNING] - Timeout '0' is invalid. Using default page load timeout: '30'

2020-12-18 18:08:24 - [MESSAGE][PASSED] - Object 'Object Repository/Login/Page_diagnostics/input_Username' is present

2020-12-18 18:08:24 - [TEST_STEP][PASSED] - setText(findTestObject("Login/Page_diagnostics/input_Username"), "admin"): Text 'admin' is set on object 'Object Repository/Login/Page_diagnostics/input_Username'

2020-12-18 18:08:25 - [MESSAGE][PASSED] - Text 'admin' is set on object 'Object Repository/Login/Page_diagnostics/input_Username'

2020-12-18 18:08:25 - [TEST_STEP][PASSED] - waitForElementPresent(findTestObject("Login/Page_diagnostics/input_Password"), 0): Object 'Object Repository/Login/Page_diagnostics/input_Password' is present

2020-12-18 18:08:25 - [MESSAGE][WARNING] - Timeout '0' is invalid. Using default page load timeout: '30'

2020-12-18 18:08:25 - [MESSAGE][PASSED] - Object 'Object Repository/Login/Page_diagnostics/input_Password' is present

2020-12-18 18:08:25 - [TEST_STEP][PASSED] - setText(findTestObject("Login/Page_diagnostics/input_Password"), "Diagnostics123!"): Text 'Diagnostics123!' is set on object 'Object Repository/Login/Page_diagnostics/input_Password'

2020-12-18 18:08:26 - [MESSAGE][PASSED] - Text 'Diagnostics123!' is set on object 'Object Repository/Login/Page_diagnostics/input_Password'

2020-12-18 18:08:26 - [TEST_STEP][PASSED] - waitForElementPresent(findTestObject("Login/Page_diagnostics/input_Submit"), 0): Object 'Object Repository/Login/Page_diagnostics/input_Submit' is present

2020-12-18 18:08:26 - [MESSAGE][WARNING] - Timeout '0' is invalid. Using default page load timeout: '30'

2020-12-18 18:08:26 - [MESSAGE][PASSED] - Object 'Object Repository/Login/Page_diagnostics/input_Submit' is present

2020-12-18 18:08:26 - [TEST_STEP][PASSED] - click(findTestObject("Login/Page_diagnostics/input_Submit")): Object: 'Object Repository/Login/Page_diagnostics/input_Submit' is clicked on

2020-12-18 18:08:34 - [MESSAGE][PASSED] - Object: 'Object Repository/Login/Page_diagnostics/input_Submit' is clicked on

2020-12-18 18:08:34 - [MESSAGE][PASSED] - Call Test Case 'Test Cases/Custom Procurement Details/UTILITIES/LOGIN' successfully

2020-12-18 18:08:34 - [TEST_STEP][PASSED] - navigateToUrl("https://gdasandbox.test-arcadier.com/user/item/detail/gdaagencyfind/59fde34e-4dcb-44b5-bdcd-2bde962c0cb5"): Navigate to 'https://gdasandbox.test-arcadier.com/user/item/detail/gdaagencyfind/59fde34e-4dcb-44b5-bdcd-2bde962c0cb5' successfully

2020-12-18 18:08:35 - [MESSAGE][PASSED] - Navigate to 'https://gdasandbox.test-arcadier.com/user/item/detail/gdaagencyfind/59fde34e-4dcb-44b5-bdcd-2bde962c0cb5' successfully

2020-12-18 18:08:35 - [MESSAGE][PASSED] - Call Test Case 'Test Cases/Custom Procurement Details/UTILITIES/OPEN_BROWSER' successfully

2020-12-18 18:08:35 - [TEST_STEP][PASSED] - callTestCase(findTestCase("Custom Procurement Details/UTILITIES/PROCURE_PAGE"), [:], STOP_ON_FAILURE): Call Test Case 'Test Cases/Custom Procurement Details/UTILITIES/PROCURE_PAGE' successfully

2020-12-18 18:08:35 - [TEST_CASE][PASSED] - Test Cases/Custom Procurement Details/UTILITIES/PROCURE_PAGE: Test Cases/Custom Procurement Details/UTILITIES/PROCURE_PAGE

2020-12-18 18:08:35 - [TEST_STEP][PASSED] - click(findTestObject("Item Details/Page_diagnostics/a_PROCURE_DIRECTLY_FROM_SELLER")): Object: 'Object Repository/Item Details/Page_diagnostics/a_PROCURE_DIRECTLY_FROM_SELLER' is clicked on

2020-12-18 18:08:38 - [MESSAGE][PASSED] - Object: 'Object Repository/Item Details/Page_diagnostics/a_PROCURE_DIRECTLY_FROM_SELLER' is clicked on

2020-12-18 18:08:38 - [MESSAGE][PASSED] - Call Test Case 'Test Cases/Custom Procurement Details/UTILITIES/PROCURE_PAGE' successfully

2020-12-18 18:08:38 - [TEST_STEP][PASSED] - callTestCase(findTestCase("Custom Procurement Details/UTILITIES/CART_PAGE"), [:], STOP_ON_FAILURE): Call Test Case 'Test Cases/Custom Procurement Details/UTILITIES/CART_PAGE' successfully

2020-12-18 18:08:38 - [TEST_CASE][PASSED] - Test Cases/Custom Procurement Details/UTILITIES/CART_PAGE: Test Cases/Custom Procurement Details/UTILITIES/CART_PAGE

2020-12-18 18:08:38 - [TEST_STEP][PASSED] - navigateToUrl("https://gdasandbox.test-arcadier.com/user/order/cart"): Navigate to 'https://gdasandbox.test-arcadier.com/user/order/cart' successfully

2020-12-18 18:08:40 - [MESSAGE][PASSED] - Navigate to 'https://gdasandbox.test-arcadier.com/user/order/cart' successfully

2020-12-18 18:08:40 - [TEST_STEP][PASSED] - click(findTestObject("Checkout Page/Page_diagnostics/a_CHECKOUT")): Object: 'Object Repository/Checkout Page/Page_diagnostics/a_CHECKOUT' is clicked on

2020-12-18 18:08:43 - [MESSAGE][PASSED] - Object: 'Object Repository/Checkout Page/Page_diagnostics/a_CHECKOUT' is clicked on

2020-12-18 18:08:43 - [MESSAGE][PASSED] - Call Test Case 'Test Cases/Custom Procurement Details/UTILITIES/CART_PAGE' successfully

2020-12-18 18:08:43 - [TEST_STEP][PASSED] - callTestCase(findTestCase("Custom Procurement Details/UTILITIES/FORM_INPUT"), [:], STOP_ON_FAILURE): Call Test Case 'Test Cases/Custom Procurement Details/UTILITIES/FORM_INPUT' successfully

2020-12-18 18:08:43 - [TEST_CASE][PASSED] - Test Cases/Custom Procurement Details/UTILITIES/FORM_INPUT: Test Cases/Custom Procurement Details/UTILITIES/FORM_INPUT

2020-12-18 18:08:43 - [TEST_STEP][PASSED] - setText(findTestObject("Procurement Active1/Page_diagnostics/input_Company_Name"), "Intro Company"): Text 'Intro Company' is set on object 'Object Repository/Procurement Active1/Page_diagnostics/input_Company_Name'

2020-12-18 18:08:45 - [MESSAGE][PASSED] - Text 'Intro Company' is set on object 'Object Repository/Procurement Active1/Page_diagnostics/input_Company_Name'

2020-12-18 18:08:45 - [TEST_STEP][PASSED] - setText(findTestObject("Procurement Active1/Page_diagnostics/input_Person-in-charge"), "Admin"): Text 'Admin' is set on object 'Object Repository/Procurement Active1/Page_diagnostics/input_Person-in-charge'

2020-12-18 18:08:46 - [MESSAGE][PASSED] - Text 'Admin' is set on object 'Object Repository/Procurement Active1/Page_diagnostics/input_Person-in-charge'

2020-12-18 18:08:46 - [TEST_STEP][PASSED] - setText(findTestObject("Procurement Active1/Page_diagnostics/input_Notification_email"), "adminn@test.com"): Text 'adminn@test.com' is set on object 'Object Repository/Procurement Active1/Page_diagnostics/input_Notification_email'

2020-12-18 18:08:47 - [MESSAGE][PASSED] - Text 'adminn@test.com' is set on object 'Object Repository/Procurement Active1/Page_diagnostics/input_Notification_email'

2020-12-18 18:08:47 - [TEST_STEP][PASSED] - setText(findTestObject("Procurement Active1/Page_diagnostics/input_Contact_number"), "1234567890"): Text '1234567890' is set on object 'Object Repository/Procurement Active1/Page_diagnostics/input_Contact_number'

2020-12-18 18:08:47 - [MESSAGE][PASSED] - Text '1234567890' is set on object 'Object Repository/Procurement Active1/Page_diagnostics/input_Contact_number'

2020-12-18 18:08:47 - [TEST_STEP][PASSED] - click(findTestObject("Procurement Active1/Page_diagnostics/label_SELECT ADDRESS")): Object: 'Object Repository/Procurement Active1/Page_diagnostics/label_SELECT ADDRESS' is clicked on

2020-12-18 18:08:48 - [MESSAGE][PASSED] - Object: 'Object Repository/Procurement Active1/Page_diagnostics/label_SELECT ADDRESS' is clicked on

2020-12-18 18:08:48 - [TEST_STEP][PASSED] - click(findTestObject("Item Details/Page_diagnostics/a_Accept Cookies")): Object: 'Object Repository/Item Details/Page_diagnostics/a_Accept Cookies' is clicked on

2020-12-18 18:08:48 - [MESSAGE][PASSED] - Object: 'Object Repository/Item Details/Page_diagnostics/a_Accept Cookies' is clicked on

2020-12-18 18:08:48 - [TEST_STEP][PASSED] - click(findTestObject("Procurement Active1/Page_diagnostics/a_NEXT")): Object: 'Object Repository/Procurement Active1/Page_diagnostics/a_NEXT' is clicked on

2020-12-18 18:08:49 - [MESSAGE][PASSED] - Object: 'Object Repository/Procurement Active1/Page_diagnostics/a_NEXT' is clicked on

2020-12-18 18:08:49 - [MESSAGE][PASSED] - Call Test Case 'Test Cases/Custom Procurement Details/UTILITIES/FORM_INPUT' successfully

2020-12-18 18:08:49 - [TEST_STEP][PASSED] - verifyElementPresent(findTestObject("Procurement Active 2/Page_diagnostics/input_Date_range"), 0): Object 'Object Repository/Procurement Active 2/Page_diagnostics/input_Date_range' is present

2020-12-18 18:08:49 - [MESSAGE][WARNING] - Timeout '0' is invalid. Using default page load timeout: '30'

2020-12-18 18:08:53 - [MESSAGE][PASSED] - Object 'Object Repository/Procurement Active 2/Page_diagnostics/input_Date_range' is present

2020-12-18 18:08:53 - [TEST_STEP][PASSED] - callTestCase(findTestCase("Custom Procurement Details/UTILITIES/CLOSE_BROWSER"), [:], STOP_ON_FAILURE): Call Test Case 'Test Cases/Custom Procurement Details/UTILITIES/CLOSE_BROWSER' successfully

2020-12-18 18:08:53 - [TEST_CASE][PASSED] - Test Cases/Custom Procurement Details/UTILITIES/CLOSE_BROWSER: Test Cases/Custom Procurement Details/UTILITIES/CLOSE_BROWSER

2020-12-18 18:08:53 - [TEST_STEP][PASSED] - closeBrowser(): Browser is closed

2020-12-18 18:08:54 - [MESSAGE][PASSED] - Browser is closed

2020-12-18 18:08:54 - [MESSAGE][PASSED] - Call Test Case 'Test Cases/Custom Procurement Details/UTILITIES/CLOSE_BROWSER' successfully]]></system-out>
         <system-err><![CDATA[]]></system-err>
      </testcase>
      <testcase name="Test Cases/Custom Procurement Details/TEST CASE/TC_DETAILS_UI_016" time="37.258" classname="Test Cases/Custom Procurement Details/TEST CASE/TC_DETAILS_UI_016" status="PASSED">
         <system-out><![CDATA[2020-12-18 18:08:54 - [TEST_CASE][PASSED] - Test Cases/Custom Procurement Details/TEST CASE/TC_DETAILS_UI_016: Test Cases/Custom Procurement Details/TEST CASE/TC_DETAILS_UI_016

2020-12-18 18:08:54 - [TEST_STEP][PASSED] - callTestCase(findTestCase("Custom Procurement Details/UTILITIES/OPEN_BROWSER"), [:], STOP_ON_FAILURE): Call Test Case 'Test Cases/Custom Procurement Details/UTILITIES/OPEN_BROWSER' successfully

2020-12-18 18:08:54 - [TEST_CASE][PASSED] - Test Cases/Custom Procurement Details/UTILITIES/OPEN_BROWSER: Test Cases/Custom Procurement Details/UTILITIES/OPEN_BROWSER

2020-12-18 18:08:54 - [TEST_STEP][PASSED] - openBrowser("https://gdasandbox.test-arcadier.com/buyer-signin"): Browser is opened with url: 'https://gdasandbox.test-arcadier.com/buyer-signin'

2020-12-18 18:08:54 - [MESSAGE][INFO] - Starting 'Chrome' driver

2020-12-18 18:08:54 - [MESSAGE][INFO] - Action delay is set to 0 milliseconds

2020-12-18 18:09:00 - [MESSAGE][PASSED] - Browser is opened with url: 'https://gdasandbox.test-arcadier.com/buyer-signin'

2020-12-18 18:09:00 - [TEST_STEP][PASSED] - maximizeWindow(): Current window maximized

2020-12-18 18:09:02 - [MESSAGE][PASSED] - Current window maximized

2020-12-18 18:09:02 - [TEST_STEP][PASSED] - callTestCase(findTestCase("Custom Procurement Details/UTILITIES/LOGIN"), [:], STOP_ON_FAILURE): Call Test Case 'Test Cases/Custom Procurement Details/UTILITIES/LOGIN' successfully

2020-12-18 18:09:02 - [TEST_CASE][PASSED] - Test Cases/Custom Procurement Details/UTILITIES/LOGIN: Test Cases/Custom Procurement Details/UTILITIES/LOGIN

2020-12-18 18:09:02 - [TEST_STEP][PASSED] - waitForElementPresent(findTestObject("Login/Page_diagnostics/a_Sign_in_as_Buyer"), 0): Object 'Object Repository/Login/Page_diagnostics/a_Sign_in_as_Buyer' is present

2020-12-18 18:09:02 - [MESSAGE][WARNING] - Timeout '0' is invalid. Using default page load timeout: '30'

2020-12-18 18:09:02 - [MESSAGE][PASSED] - Object 'Object Repository/Login/Page_diagnostics/a_Sign_in_as_Buyer' is present

2020-12-18 18:09:02 - [TEST_STEP][PASSED] - click(findTestObject("Login/Page_diagnostics/a_Sign_in_as_Buyer")): Object: 'Object Repository/Login/Page_diagnostics/a_Sign_in_as_Buyer' is clicked on

2020-12-18 18:09:03 - [MESSAGE][PASSED] - Object: 'Object Repository/Login/Page_diagnostics/a_Sign_in_as_Buyer' is clicked on

2020-12-18 18:09:03 - [TEST_STEP][PASSED] - waitForElementPresent(findTestObject("Login/Page_diagnostics/input_Username"), 0): Object 'Object Repository/Login/Page_diagnostics/input_Username' is present

2020-12-18 18:09:03 - [MESSAGE][WARNING] - Timeout '0' is invalid. Using default page load timeout: '30'

2020-12-18 18:09:04 - [MESSAGE][PASSED] - Object 'Object Repository/Login/Page_diagnostics/input_Username' is present

2020-12-18 18:09:04 - [TEST_STEP][PASSED] - setText(findTestObject("Login/Page_diagnostics/input_Username"), "admin"): Text 'admin' is set on object 'Object Repository/Login/Page_diagnostics/input_Username'

2020-12-18 18:09:04 - [MESSAGE][PASSED] - Text 'admin' is set on object 'Object Repository/Login/Page_diagnostics/input_Username'

2020-12-18 18:09:04 - [TEST_STEP][PASSED] - waitForElementPresent(findTestObject("Login/Page_diagnostics/input_Password"), 0): Object 'Object Repository/Login/Page_diagnostics/input_Password' is present

2020-12-18 18:09:04 - [MESSAGE][WARNING] - Timeout '0' is invalid. Using default page load timeout: '30'

2020-12-18 18:09:05 - [MESSAGE][PASSED] - Object 'Object Repository/Login/Page_diagnostics/input_Password' is present

2020-12-18 18:09:05 - [TEST_STEP][PASSED] - setText(findTestObject("Login/Page_diagnostics/input_Password"), "Diagnostics123!"): Text 'Diagnostics123!' is set on object 'Object Repository/Login/Page_diagnostics/input_Password'

2020-12-18 18:09:06 - [MESSAGE][PASSED] - Text 'Diagnostics123!' is set on object 'Object Repository/Login/Page_diagnostics/input_Password'

2020-12-18 18:09:06 - [TEST_STEP][PASSED] - waitForElementPresent(findTestObject("Login/Page_diagnostics/input_Submit"), 0): Object 'Object Repository/Login/Page_diagnostics/input_Submit' is present

2020-12-18 18:09:06 - [MESSAGE][WARNING] - Timeout '0' is invalid. Using default page load timeout: '30'

2020-12-18 18:09:06 - [MESSAGE][PASSED] - Object 'Object Repository/Login/Page_diagnostics/input_Submit' is present

2020-12-18 18:09:06 - [TEST_STEP][PASSED] - click(findTestObject("Login/Page_diagnostics/input_Submit")): Object: 'Object Repository/Login/Page_diagnostics/input_Submit' is clicked on

2020-12-18 18:09:12 - [MESSAGE][PASSED] - Object: 'Object Repository/Login/Page_diagnostics/input_Submit' is clicked on

2020-12-18 18:09:12 - [MESSAGE][PASSED] - Call Test Case 'Test Cases/Custom Procurement Details/UTILITIES/LOGIN' successfully

2020-12-18 18:09:12 - [TEST_STEP][PASSED] - navigateToUrl("https://gdasandbox.test-arcadier.com/user/item/detail/gdaagencyfind/59fde34e-4dcb-44b5-bdcd-2bde962c0cb5"): Navigate to 'https://gdasandbox.test-arcadier.com/user/item/detail/gdaagencyfind/59fde34e-4dcb-44b5-bdcd-2bde962c0cb5' successfully

2020-12-18 18:09:13 - [MESSAGE][PASSED] - Navigate to 'https://gdasandbox.test-arcadier.com/user/item/detail/gdaagencyfind/59fde34e-4dcb-44b5-bdcd-2bde962c0cb5' successfully

2020-12-18 18:09:13 - [MESSAGE][PASSED] - Call Test Case 'Test Cases/Custom Procurement Details/UTILITIES/OPEN_BROWSER' successfully

2020-12-18 18:09:13 - [TEST_STEP][PASSED] - callTestCase(findTestCase("Custom Procurement Details/UTILITIES/PROCURE_PAGE"), [:], STOP_ON_FAILURE): Call Test Case 'Test Cases/Custom Procurement Details/UTILITIES/PROCURE_PAGE' successfully

2020-12-18 18:09:14 - [TEST_CASE][PASSED] - Test Cases/Custom Procurement Details/UTILITIES/PROCURE_PAGE: Test Cases/Custom Procurement Details/UTILITIES/PROCURE_PAGE

2020-12-18 18:09:14 - [TEST_STEP][PASSED] - click(findTestObject("Item Details/Page_diagnostics/a_PROCURE_DIRECTLY_FROM_SELLER")): Object: 'Object Repository/Item Details/Page_diagnostics/a_PROCURE_DIRECTLY_FROM_SELLER' is clicked on

2020-12-18 18:09:16 - [MESSAGE][PASSED] - Object: 'Object Repository/Item Details/Page_diagnostics/a_PROCURE_DIRECTLY_FROM_SELLER' is clicked on

2020-12-18 18:09:16 - [MESSAGE][PASSED] - Call Test Case 'Test Cases/Custom Procurement Details/UTILITIES/PROCURE_PAGE' successfully

2020-12-18 18:09:16 - [TEST_STEP][PASSED] - callTestCase(findTestCase("Custom Procurement Details/UTILITIES/CART_PAGE"), [:], STOP_ON_FAILURE): Call Test Case 'Test Cases/Custom Procurement Details/UTILITIES/CART_PAGE' successfully

2020-12-18 18:09:16 - [TEST_CASE][PASSED] - Test Cases/Custom Procurement Details/UTILITIES/CART_PAGE: Test Cases/Custom Procurement Details/UTILITIES/CART_PAGE

2020-12-18 18:09:16 - [TEST_STEP][PASSED] - navigateToUrl("https://gdasandbox.test-arcadier.com/user/order/cart"): Navigate to 'https://gdasandbox.test-arcadier.com/user/order/cart' successfully

2020-12-18 18:09:17 - [MESSAGE][PASSED] - Navigate to 'https://gdasandbox.test-arcadier.com/user/order/cart' successfully

2020-12-18 18:09:17 - [TEST_STEP][PASSED] - click(findTestObject("Checkout Page/Page_diagnostics/a_CHECKOUT")): Object: 'Object Repository/Checkout Page/Page_diagnostics/a_CHECKOUT' is clicked on

2020-12-18 18:09:20 - [MESSAGE][PASSED] - Object: 'Object Repository/Checkout Page/Page_diagnostics/a_CHECKOUT' is clicked on

2020-12-18 18:09:20 - [MESSAGE][PASSED] - Call Test Case 'Test Cases/Custom Procurement Details/UTILITIES/CART_PAGE' successfully

2020-12-18 18:09:20 - [TEST_STEP][PASSED] - callTestCase(findTestCase("Custom Procurement Details/UTILITIES/FORM_INPUT"), [:], STOP_ON_FAILURE): Call Test Case 'Test Cases/Custom Procurement Details/UTILITIES/FORM_INPUT' successfully

2020-12-18 18:09:20 - [TEST_CASE][PASSED] - Test Cases/Custom Procurement Details/UTILITIES/FORM_INPUT: Test Cases/Custom Procurement Details/UTILITIES/FORM_INPUT

2020-12-18 18:09:20 - [TEST_STEP][PASSED] - setText(findTestObject("Procurement Active1/Page_diagnostics/input_Company_Name"), "Intro Company"): Text 'Intro Company' is set on object 'Object Repository/Procurement Active1/Page_diagnostics/input_Company_Name'

2020-12-18 18:09:22 - [MESSAGE][PASSED] - Text 'Intro Company' is set on object 'Object Repository/Procurement Active1/Page_diagnostics/input_Company_Name'

2020-12-18 18:09:22 - [TEST_STEP][PASSED] - setText(findTestObject("Procurement Active1/Page_diagnostics/input_Person-in-charge"), "Admin"): Text 'Admin' is set on object 'Object Repository/Procurement Active1/Page_diagnostics/input_Person-in-charge'

2020-12-18 18:09:24 - [MESSAGE][PASSED] - Text 'Admin' is set on object 'Object Repository/Procurement Active1/Page_diagnostics/input_Person-in-charge'

2020-12-18 18:09:24 - [TEST_STEP][PASSED] - setText(findTestObject("Procurement Active1/Page_diagnostics/input_Notification_email"), "adminn@test.com"): Text 'adminn@test.com' is set on object 'Object Repository/Procurement Active1/Page_diagnostics/input_Notification_email'

2020-12-18 18:09:24 - [MESSAGE][PASSED] - Text 'adminn@test.com' is set on object 'Object Repository/Procurement Active1/Page_diagnostics/input_Notification_email'

2020-12-18 18:09:24 - [TEST_STEP][PASSED] - setText(findTestObject("Procurement Active1/Page_diagnostics/input_Contact_number"), "1234567890"): Text '1234567890' is set on object 'Object Repository/Procurement Active1/Page_diagnostics/input_Contact_number'

2020-12-18 18:09:25 - [MESSAGE][PASSED] - Text '1234567890' is set on object 'Object Repository/Procurement Active1/Page_diagnostics/input_Contact_number'

2020-12-18 18:09:25 - [TEST_STEP][PASSED] - click(findTestObject("Procurement Active1/Page_diagnostics/label_SELECT ADDRESS")): Object: 'Object Repository/Procurement Active1/Page_diagnostics/label_SELECT ADDRESS' is clicked on

2020-12-18 18:09:25 - [MESSAGE][PASSED] - Object: 'Object Repository/Procurement Active1/Page_diagnostics/label_SELECT ADDRESS' is clicked on

2020-12-18 18:09:25 - [TEST_STEP][PASSED] - click(findTestObject("Item Details/Page_diagnostics/a_Accept Cookies")): Object: 'Object Repository/Item Details/Page_diagnostics/a_Accept Cookies' is clicked on

2020-12-18 18:09:26 - [MESSAGE][PASSED] - Object: 'Object Repository/Item Details/Page_diagnostics/a_Accept Cookies' is clicked on

2020-12-18 18:09:26 - [TEST_STEP][PASSED] - click(findTestObject("Procurement Active1/Page_diagnostics/a_NEXT")): Object: 'Object Repository/Procurement Active1/Page_diagnostics/a_NEXT' is clicked on

2020-12-18 18:09:27 - [MESSAGE][PASSED] - Object: 'Object Repository/Procurement Active1/Page_diagnostics/a_NEXT' is clicked on

2020-12-18 18:09:27 - [MESSAGE][PASSED] - Call Test Case 'Test Cases/Custom Procurement Details/UTILITIES/FORM_INPUT' successfully

2020-12-18 18:09:27 - [TEST_STEP][PASSED] - verifyElementPresent(findTestObject("Procurement Active 2/Page_diagnostics/select_Select_shipping_method"), 0): Object 'Object Repository/Procurement Active 2/Page_diagnostics/select_Select_shipping_method' is present

2020-12-18 18:09:27 - [MESSAGE][WARNING] - Timeout '0' is invalid. Using default page load timeout: '30'

2020-12-18 18:09:30 - [MESSAGE][PASSED] - Object 'Object Repository/Procurement Active 2/Page_diagnostics/select_Select_shipping_method' is present

2020-12-18 18:09:30 - [TEST_STEP][PASSED] - callTestCase(findTestCase("Custom Procurement Details/UTILITIES/CLOSE_BROWSER"), [:], STOP_ON_FAILURE): Call Test Case 'Test Cases/Custom Procurement Details/UTILITIES/CLOSE_BROWSER' successfully

2020-12-18 18:09:30 - [TEST_CASE][PASSED] - Test Cases/Custom Procurement Details/UTILITIES/CLOSE_BROWSER: Test Cases/Custom Procurement Details/UTILITIES/CLOSE_BROWSER

2020-12-18 18:09:30 - [TEST_STEP][PASSED] - closeBrowser(): Browser is closed

2020-12-18 18:09:31 - [MESSAGE][PASSED] - Browser is closed

2020-12-18 18:09:31 - [MESSAGE][PASSED] - Call Test Case 'Test Cases/Custom Procurement Details/UTILITIES/CLOSE_BROWSER' successfully]]></system-out>
         <system-err><![CDATA[]]></system-err>
      </testcase>
      <testcase name="Test Cases/Custom Procurement Details/TEST CASE/TC_DETAILS_UI_017" time="43.407" classname="Test Cases/Custom Procurement Details/TEST CASE/TC_DETAILS_UI_017" status="PASSED">
         <system-out><![CDATA[2020-12-18 18:09:31 - [TEST_CASE][PASSED] - Test Cases/Custom Procurement Details/TEST CASE/TC_DETAILS_UI_017: Test Cases/Custom Procurement Details/TEST CASE/TC_DETAILS_UI_017

2020-12-18 18:09:31 - [TEST_STEP][PASSED] - callTestCase(findTestCase("Custom Procurement Details/UTILITIES/OPEN_BROWSER"), [:], STOP_ON_FAILURE): Call Test Case 'Test Cases/Custom Procurement Details/UTILITIES/OPEN_BROWSER' successfully

2020-12-18 18:09:31 - [TEST_CASE][PASSED] - Test Cases/Custom Procurement Details/UTILITIES/OPEN_BROWSER: Test Cases/Custom Procurement Details/UTILITIES/OPEN_BROWSER

2020-12-18 18:09:31 - [TEST_STEP][PASSED] - openBrowser("https://gdasandbox.test-arcadier.com/buyer-signin"): Browser is opened with url: 'https://gdasandbox.test-arcadier.com/buyer-signin'

2020-12-18 18:09:31 - [MESSAGE][INFO] - Starting 'Chrome' driver

2020-12-18 18:09:31 - [MESSAGE][INFO] - Action delay is set to 0 milliseconds

2020-12-18 18:09:41 - [MESSAGE][PASSED] - Browser is opened with url: 'https://gdasandbox.test-arcadier.com/buyer-signin'

2020-12-18 18:09:41 - [TEST_STEP][PASSED] - maximizeWindow(): Current window maximized

2020-12-18 18:09:43 - [MESSAGE][PASSED] - Current window maximized

2020-12-18 18:09:43 - [TEST_STEP][PASSED] - callTestCase(findTestCase("Custom Procurement Details/UTILITIES/LOGIN"), [:], STOP_ON_FAILURE): Call Test Case 'Test Cases/Custom Procurement Details/UTILITIES/LOGIN' successfully

2020-12-18 18:09:43 - [TEST_CASE][PASSED] - Test Cases/Custom Procurement Details/UTILITIES/LOGIN: Test Cases/Custom Procurement Details/UTILITIES/LOGIN

2020-12-18 18:09:43 - [TEST_STEP][PASSED] - waitForElementPresent(findTestObject("Login/Page_diagnostics/a_Sign_in_as_Buyer"), 0): Object 'Object Repository/Login/Page_diagnostics/a_Sign_in_as_Buyer' is present

2020-12-18 18:09:43 - [MESSAGE][WARNING] - Timeout '0' is invalid. Using default page load timeout: '30'

2020-12-18 18:09:44 - [MESSAGE][PASSED] - Object 'Object Repository/Login/Page_diagnostics/a_Sign_in_as_Buyer' is present

2020-12-18 18:09:44 - [TEST_STEP][PASSED] - click(findTestObject("Login/Page_diagnostics/a_Sign_in_as_Buyer")): Object: 'Object Repository/Login/Page_diagnostics/a_Sign_in_as_Buyer' is clicked on

2020-12-18 18:09:45 - [MESSAGE][PASSED] - Object: 'Object Repository/Login/Page_diagnostics/a_Sign_in_as_Buyer' is clicked on

2020-12-18 18:09:45 - [TEST_STEP][PASSED] - waitForElementPresent(findTestObject("Login/Page_diagnostics/input_Username"), 0): Object 'Object Repository/Login/Page_diagnostics/input_Username' is present

2020-12-18 18:09:45 - [MESSAGE][WARNING] - Timeout '0' is invalid. Using default page load timeout: '30'

2020-12-18 18:09:46 - [MESSAGE][PASSED] - Object 'Object Repository/Login/Page_diagnostics/input_Username' is present

2020-12-18 18:09:46 - [TEST_STEP][PASSED] - setText(findTestObject("Login/Page_diagnostics/input_Username"), "admin"): Text 'admin' is set on object 'Object Repository/Login/Page_diagnostics/input_Username'

2020-12-18 18:09:46 - [MESSAGE][PASSED] - Text 'admin' is set on object 'Object Repository/Login/Page_diagnostics/input_Username'

2020-12-18 18:09:46 - [TEST_STEP][PASSED] - waitForElementPresent(findTestObject("Login/Page_diagnostics/input_Password"), 0): Object 'Object Repository/Login/Page_diagnostics/input_Password' is present

2020-12-18 18:09:46 - [MESSAGE][WARNING] - Timeout '0' is invalid. Using default page load timeout: '30'

2020-12-18 18:09:47 - [MESSAGE][PASSED] - Object 'Object Repository/Login/Page_diagnostics/input_Password' is present

2020-12-18 18:09:47 - [TEST_STEP][PASSED] - setText(findTestObject("Login/Page_diagnostics/input_Password"), "Diagnostics123!"): Text 'Diagnostics123!' is set on object 'Object Repository/Login/Page_diagnostics/input_Password'

2020-12-18 18:09:47 - [MESSAGE][PASSED] - Text 'Diagnostics123!' is set on object 'Object Repository/Login/Page_diagnostics/input_Password'

2020-12-18 18:09:47 - [TEST_STEP][PASSED] - waitForElementPresent(findTestObject("Login/Page_diagnostics/input_Submit"), 0): Object 'Object Repository/Login/Page_diagnostics/input_Submit' is present

2020-12-18 18:09:47 - [MESSAGE][WARNING] - Timeout '0' is invalid. Using default page load timeout: '30'

2020-12-18 18:09:47 - [MESSAGE][PASSED] - Object 'Object Repository/Login/Page_diagnostics/input_Submit' is present

2020-12-18 18:09:47 - [TEST_STEP][PASSED] - click(findTestObject("Login/Page_diagnostics/input_Submit")): Object: 'Object Repository/Login/Page_diagnostics/input_Submit' is clicked on

2020-12-18 18:09:54 - [MESSAGE][PASSED] - Object: 'Object Repository/Login/Page_diagnostics/input_Submit' is clicked on

2020-12-18 18:09:54 - [MESSAGE][PASSED] - Call Test Case 'Test Cases/Custom Procurement Details/UTILITIES/LOGIN' successfully

2020-12-18 18:09:54 - [TEST_STEP][PASSED] - navigateToUrl("https://gdasandbox.test-arcadier.com/user/item/detail/gdaagencyfind/59fde34e-4dcb-44b5-bdcd-2bde962c0cb5"): Navigate to 'https://gdasandbox.test-arcadier.com/user/item/detail/gdaagencyfind/59fde34e-4dcb-44b5-bdcd-2bde962c0cb5' successfully

2020-12-18 18:09:56 - [MESSAGE][PASSED] - Navigate to 'https://gdasandbox.test-arcadier.com/user/item/detail/gdaagencyfind/59fde34e-4dcb-44b5-bdcd-2bde962c0cb5' successfully

2020-12-18 18:09:56 - [MESSAGE][PASSED] - Call Test Case 'Test Cases/Custom Procurement Details/UTILITIES/OPEN_BROWSER' successfully

2020-12-18 18:09:56 - [TEST_STEP][PASSED] - callTestCase(findTestCase("Custom Procurement Details/UTILITIES/PROCURE_PAGE"), [:], STOP_ON_FAILURE): Call Test Case 'Test Cases/Custom Procurement Details/UTILITIES/PROCURE_PAGE' successfully

2020-12-18 18:09:56 - [TEST_CASE][PASSED] - Test Cases/Custom Procurement Details/UTILITIES/PROCURE_PAGE: Test Cases/Custom Procurement Details/UTILITIES/PROCURE_PAGE

2020-12-18 18:09:56 - [TEST_STEP][PASSED] - click(findTestObject("Item Details/Page_diagnostics/a_PROCURE_DIRECTLY_FROM_SELLER")): Object: 'Object Repository/Item Details/Page_diagnostics/a_PROCURE_DIRECTLY_FROM_SELLER' is clicked on

2020-12-18 18:09:58 - [MESSAGE][PASSED] - Object: 'Object Repository/Item Details/Page_diagnostics/a_PROCURE_DIRECTLY_FROM_SELLER' is clicked on

2020-12-18 18:09:58 - [MESSAGE][PASSED] - Call Test Case 'Test Cases/Custom Procurement Details/UTILITIES/PROCURE_PAGE' successfully

2020-12-18 18:09:58 - [TEST_STEP][PASSED] - callTestCase(findTestCase("Custom Procurement Details/UTILITIES/CART_PAGE"), [:], STOP_ON_FAILURE): Call Test Case 'Test Cases/Custom Procurement Details/UTILITIES/CART_PAGE' successfully

2020-12-18 18:09:58 - [TEST_CASE][PASSED] - Test Cases/Custom Procurement Details/UTILITIES/CART_PAGE: Test Cases/Custom Procurement Details/UTILITIES/CART_PAGE

2020-12-18 18:09:58 - [TEST_STEP][PASSED] - navigateToUrl("https://gdasandbox.test-arcadier.com/user/order/cart"): Navigate to 'https://gdasandbox.test-arcadier.com/user/order/cart' successfully

2020-12-18 18:10:00 - [MESSAGE][PASSED] - Navigate to 'https://gdasandbox.test-arcadier.com/user/order/cart' successfully

2020-12-18 18:10:00 - [TEST_STEP][PASSED] - click(findTestObject("Checkout Page/Page_diagnostics/a_CHECKOUT")): Object: 'Object Repository/Checkout Page/Page_diagnostics/a_CHECKOUT' is clicked on

2020-12-18 18:10:03 - [MESSAGE][PASSED] - Object: 'Object Repository/Checkout Page/Page_diagnostics/a_CHECKOUT' is clicked on

2020-12-18 18:10:03 - [MESSAGE][PASSED] - Call Test Case 'Test Cases/Custom Procurement Details/UTILITIES/CART_PAGE' successfully

2020-12-18 18:10:03 - [TEST_STEP][PASSED] - callTestCase(findTestCase("Custom Procurement Details/UTILITIES/FORM_INPUT"), [:], STOP_ON_FAILURE): Call Test Case 'Test Cases/Custom Procurement Details/UTILITIES/FORM_INPUT' successfully

2020-12-18 18:10:03 - [TEST_CASE][PASSED] - Test Cases/Custom Procurement Details/UTILITIES/FORM_INPUT: Test Cases/Custom Procurement Details/UTILITIES/FORM_INPUT

2020-12-18 18:10:03 - [TEST_STEP][PASSED] - setText(findTestObject("Procurement Active1/Page_diagnostics/input_Company_Name"), "Intro Company"): Text 'Intro Company' is set on object 'Object Repository/Procurement Active1/Page_diagnostics/input_Company_Name'

2020-12-18 18:10:07 - [MESSAGE][PASSED] - Text 'Intro Company' is set on object 'Object Repository/Procurement Active1/Page_diagnostics/input_Company_Name'

2020-12-18 18:10:07 - [TEST_STEP][PASSED] - setText(findTestObject("Procurement Active1/Page_diagnostics/input_Person-in-charge"), "Admin"): Text 'Admin' is set on object 'Object Repository/Procurement Active1/Page_diagnostics/input_Person-in-charge'

2020-12-18 18:10:07 - [MESSAGE][PASSED] - Text 'Admin' is set on object 'Object Repository/Procurement Active1/Page_diagnostics/input_Person-in-charge'

2020-12-18 18:10:07 - [TEST_STEP][PASSED] - setText(findTestObject("Procurement Active1/Page_diagnostics/input_Notification_email"), "adminn@test.com"): Text 'adminn@test.com' is set on object 'Object Repository/Procurement Active1/Page_diagnostics/input_Notification_email'

2020-12-18 18:10:08 - [MESSAGE][PASSED] - Text 'adminn@test.com' is set on object 'Object Repository/Procurement Active1/Page_diagnostics/input_Notification_email'

2020-12-18 18:10:08 - [TEST_STEP][PASSED] - setText(findTestObject("Procurement Active1/Page_diagnostics/input_Contact_number"), "1234567890"): Text '1234567890' is set on object 'Object Repository/Procurement Active1/Page_diagnostics/input_Contact_number'

2020-12-18 18:10:08 - [MESSAGE][PASSED] - Text '1234567890' is set on object 'Object Repository/Procurement Active1/Page_diagnostics/input_Contact_number'

2020-12-18 18:10:08 - [TEST_STEP][PASSED] - click(findTestObject("Procurement Active1/Page_diagnostics/label_SELECT ADDRESS")): Object: 'Object Repository/Procurement Active1/Page_diagnostics/label_SELECT ADDRESS' is clicked on

2020-12-18 18:10:08 - [MESSAGE][PASSED] - Object: 'Object Repository/Procurement Active1/Page_diagnostics/label_SELECT ADDRESS' is clicked on

2020-12-18 18:10:08 - [TEST_STEP][PASSED] - click(findTestObject("Item Details/Page_diagnostics/a_Accept Cookies")): Object: 'Object Repository/Item Details/Page_diagnostics/a_Accept Cookies' is clicked on

2020-12-18 18:10:09 - [MESSAGE][PASSED] - Object: 'Object Repository/Item Details/Page_diagnostics/a_Accept Cookies' is clicked on

2020-12-18 18:10:09 - [TEST_STEP][PASSED] - click(findTestObject("Procurement Active1/Page_diagnostics/a_NEXT")): Object: 'Object Repository/Procurement Active1/Page_diagnostics/a_NEXT' is clicked on

2020-12-18 18:10:10 - [MESSAGE][PASSED] - Object: 'Object Repository/Procurement Active1/Page_diagnostics/a_NEXT' is clicked on

2020-12-18 18:10:10 - [MESSAGE][PASSED] - Call Test Case 'Test Cases/Custom Procurement Details/UTILITIES/FORM_INPUT' successfully

2020-12-18 18:10:10 - [TEST_STEP][PASSED] - verifyElementPresent(findTestObject("Procurement Active 2/Page_diagnostics/p_Surcharge"), 0): Object 'Object Repository/Procurement Active 2/Page_diagnostics/p_Surcharge' is present

2020-12-18 18:10:10 - [MESSAGE][WARNING] - Timeout '0' is invalid. Using default page load timeout: '30'

2020-12-18 18:10:13 - [MESSAGE][PASSED] - Object 'Object Repository/Procurement Active 2/Page_diagnostics/p_Surcharge' is present

2020-12-18 18:10:13 - [TEST_STEP][PASSED] - callTestCase(findTestCase("Custom Procurement Details/UTILITIES/CLOSE_BROWSER"), [:], STOP_ON_FAILURE): Call Test Case 'Test Cases/Custom Procurement Details/UTILITIES/CLOSE_BROWSER' successfully

2020-12-18 18:10:14 - [TEST_CASE][PASSED] - Test Cases/Custom Procurement Details/UTILITIES/CLOSE_BROWSER: Test Cases/Custom Procurement Details/UTILITIES/CLOSE_BROWSER

2020-12-18 18:10:14 - [TEST_STEP][PASSED] - closeBrowser(): Browser is closed

2020-12-18 18:10:14 - [MESSAGE][PASSED] - Browser is closed

2020-12-18 18:10:14 - [MESSAGE][PASSED] - Call Test Case 'Test Cases/Custom Procurement Details/UTILITIES/CLOSE_BROWSER' successfully]]></system-out>
         <system-err><![CDATA[]]></system-err>
      </testcase>
      <testcase name="Test Cases/Custom Procurement Details/TEST CASE/TC_DETAILS_UI_018" time="42.406" classname="Test Cases/Custom Procurement Details/TEST CASE/TC_DETAILS_UI_018" status="PASSED">
         <system-out><![CDATA[2020-12-18 18:10:14 - [TEST_CASE][PASSED] - Test Cases/Custom Procurement Details/TEST CASE/TC_DETAILS_UI_018: Test Cases/Custom Procurement Details/TEST CASE/TC_DETAILS_UI_018

2020-12-18 18:10:14 - [TEST_STEP][PASSED] - callTestCase(findTestCase("Custom Procurement Details/UTILITIES/OPEN_BROWSER"), [:], STOP_ON_FAILURE): Call Test Case 'Test Cases/Custom Procurement Details/UTILITIES/OPEN_BROWSER' successfully

2020-12-18 18:10:14 - [TEST_CASE][PASSED] - Test Cases/Custom Procurement Details/UTILITIES/OPEN_BROWSER: Test Cases/Custom Procurement Details/UTILITIES/OPEN_BROWSER

2020-12-18 18:10:14 - [TEST_STEP][PASSED] - openBrowser("https://gdasandbox.test-arcadier.com/buyer-signin"): Browser is opened with url: 'https://gdasandbox.test-arcadier.com/buyer-signin'

2020-12-18 18:10:14 - [MESSAGE][INFO] - Starting 'Chrome' driver

2020-12-18 18:10:14 - [MESSAGE][INFO] - Action delay is set to 0 milliseconds

2020-12-18 18:10:25 - [MESSAGE][PASSED] - Browser is opened with url: 'https://gdasandbox.test-arcadier.com/buyer-signin'

2020-12-18 18:10:25 - [TEST_STEP][PASSED] - maximizeWindow(): Current window maximized

2020-12-18 18:10:27 - [MESSAGE][PASSED] - Current window maximized

2020-12-18 18:10:27 - [TEST_STEP][PASSED] - callTestCase(findTestCase("Custom Procurement Details/UTILITIES/LOGIN"), [:], STOP_ON_FAILURE): Call Test Case 'Test Cases/Custom Procurement Details/UTILITIES/LOGIN' successfully

2020-12-18 18:10:27 - [TEST_CASE][PASSED] - Test Cases/Custom Procurement Details/UTILITIES/LOGIN: Test Cases/Custom Procurement Details/UTILITIES/LOGIN

2020-12-18 18:10:27 - [TEST_STEP][PASSED] - waitForElementPresent(findTestObject("Login/Page_diagnostics/a_Sign_in_as_Buyer"), 0): Object 'Object Repository/Login/Page_diagnostics/a_Sign_in_as_Buyer' is present

2020-12-18 18:10:27 - [MESSAGE][WARNING] - Timeout '0' is invalid. Using default page load timeout: '30'

2020-12-18 18:10:28 - [MESSAGE][PASSED] - Object 'Object Repository/Login/Page_diagnostics/a_Sign_in_as_Buyer' is present

2020-12-18 18:10:28 - [TEST_STEP][PASSED] - click(findTestObject("Login/Page_diagnostics/a_Sign_in_as_Buyer")): Object: 'Object Repository/Login/Page_diagnostics/a_Sign_in_as_Buyer' is clicked on

2020-12-18 18:10:28 - [MESSAGE][PASSED] - Object: 'Object Repository/Login/Page_diagnostics/a_Sign_in_as_Buyer' is clicked on

2020-12-18 18:10:28 - [TEST_STEP][PASSED] - waitForElementPresent(findTestObject("Login/Page_diagnostics/input_Username"), 0): Object 'Object Repository/Login/Page_diagnostics/input_Username' is present

2020-12-18 18:10:28 - [MESSAGE][WARNING] - Timeout '0' is invalid. Using default page load timeout: '30'

2020-12-18 18:10:29 - [MESSAGE][PASSED] - Object 'Object Repository/Login/Page_diagnostics/input_Username' is present

2020-12-18 18:10:29 - [TEST_STEP][PASSED] - setText(findTestObject("Login/Page_diagnostics/input_Username"), "admin"): Text 'admin' is set on object 'Object Repository/Login/Page_diagnostics/input_Username'

2020-12-18 18:10:29 - [MESSAGE][PASSED] - Text 'admin' is set on object 'Object Repository/Login/Page_diagnostics/input_Username'

2020-12-18 18:10:29 - [TEST_STEP][PASSED] - waitForElementPresent(findTestObject("Login/Page_diagnostics/input_Password"), 0): Object 'Object Repository/Login/Page_diagnostics/input_Password' is present

2020-12-18 18:10:29 - [MESSAGE][WARNING] - Timeout '0' is invalid. Using default page load timeout: '30'

2020-12-18 18:10:30 - [MESSAGE][PASSED] - Object 'Object Repository/Login/Page_diagnostics/input_Password' is present

2020-12-18 18:10:30 - [TEST_STEP][PASSED] - setText(findTestObject("Login/Page_diagnostics/input_Password"), "Diagnostics123!"): Text 'Diagnostics123!' is set on object 'Object Repository/Login/Page_diagnostics/input_Password'

2020-12-18 18:10:30 - [MESSAGE][PASSED] - Text 'Diagnostics123!' is set on object 'Object Repository/Login/Page_diagnostics/input_Password'

2020-12-18 18:10:30 - [TEST_STEP][PASSED] - waitForElementPresent(findTestObject("Login/Page_diagnostics/input_Submit"), 0): Object 'Object Repository/Login/Page_diagnostics/input_Submit' is present

2020-12-18 18:10:30 - [MESSAGE][WARNING] - Timeout '0' is invalid. Using default page load timeout: '30'

2020-12-18 18:10:30 - [MESSAGE][PASSED] - Object 'Object Repository/Login/Page_diagnostics/input_Submit' is present

2020-12-18 18:10:30 - [TEST_STEP][PASSED] - click(findTestObject("Login/Page_diagnostics/input_Submit")): Object: 'Object Repository/Login/Page_diagnostics/input_Submit' is clicked on

2020-12-18 18:10:36 - [MESSAGE][PASSED] - Object: 'Object Repository/Login/Page_diagnostics/input_Submit' is clicked on

2020-12-18 18:10:36 - [MESSAGE][PASSED] - Call Test Case 'Test Cases/Custom Procurement Details/UTILITIES/LOGIN' successfully

2020-12-18 18:10:36 - [TEST_STEP][PASSED] - navigateToUrl("https://gdasandbox.test-arcadier.com/user/item/detail/gdaagencyfind/59fde34e-4dcb-44b5-bdcd-2bde962c0cb5"): Navigate to 'https://gdasandbox.test-arcadier.com/user/item/detail/gdaagencyfind/59fde34e-4dcb-44b5-bdcd-2bde962c0cb5' successfully

2020-12-18 18:10:38 - [MESSAGE][PASSED] - Navigate to 'https://gdasandbox.test-arcadier.com/user/item/detail/gdaagencyfind/59fde34e-4dcb-44b5-bdcd-2bde962c0cb5' successfully

2020-12-18 18:10:38 - [MESSAGE][PASSED] - Call Test Case 'Test Cases/Custom Procurement Details/UTILITIES/OPEN_BROWSER' successfully

2020-12-18 18:10:38 - [TEST_STEP][PASSED] - callTestCase(findTestCase("Custom Procurement Details/UTILITIES/PROCURE_PAGE"), [:], STOP_ON_FAILURE): Call Test Case 'Test Cases/Custom Procurement Details/UTILITIES/PROCURE_PAGE' successfully

2020-12-18 18:10:38 - [TEST_CASE][PASSED] - Test Cases/Custom Procurement Details/UTILITIES/PROCURE_PAGE: Test Cases/Custom Procurement Details/UTILITIES/PROCURE_PAGE

2020-12-18 18:10:38 - [TEST_STEP][PASSED] - click(findTestObject("Item Details/Page_diagnostics/a_PROCURE_DIRECTLY_FROM_SELLER")): Object: 'Object Repository/Item Details/Page_diagnostics/a_PROCURE_DIRECTLY_FROM_SELLER' is clicked on

2020-12-18 18:10:41 - [MESSAGE][PASSED] - Object: 'Object Repository/Item Details/Page_diagnostics/a_PROCURE_DIRECTLY_FROM_SELLER' is clicked on

2020-12-18 18:10:41 - [MESSAGE][PASSED] - Call Test Case 'Test Cases/Custom Procurement Details/UTILITIES/PROCURE_PAGE' successfully

2020-12-18 18:10:41 - [TEST_STEP][PASSED] - callTestCase(findTestCase("Custom Procurement Details/UTILITIES/CART_PAGE"), [:], STOP_ON_FAILURE): Call Test Case 'Test Cases/Custom Procurement Details/UTILITIES/CART_PAGE' successfully

2020-12-18 18:10:41 - [TEST_CASE][PASSED] - Test Cases/Custom Procurement Details/UTILITIES/CART_PAGE: Test Cases/Custom Procurement Details/UTILITIES/CART_PAGE

2020-12-18 18:10:41 - [TEST_STEP][PASSED] - navigateToUrl("https://gdasandbox.test-arcadier.com/user/order/cart"): Navigate to 'https://gdasandbox.test-arcadier.com/user/order/cart' successfully

2020-12-18 18:10:43 - [MESSAGE][PASSED] - Navigate to 'https://gdasandbox.test-arcadier.com/user/order/cart' successfully

2020-12-18 18:10:43 - [TEST_STEP][PASSED] - click(findTestObject("Checkout Page/Page_diagnostics/a_CHECKOUT")): Object: 'Object Repository/Checkout Page/Page_diagnostics/a_CHECKOUT' is clicked on

2020-12-18 18:10:46 - [MESSAGE][PASSED] - Object: 'Object Repository/Checkout Page/Page_diagnostics/a_CHECKOUT' is clicked on

2020-12-18 18:10:46 - [MESSAGE][PASSED] - Call Test Case 'Test Cases/Custom Procurement Details/UTILITIES/CART_PAGE' successfully

2020-12-18 18:10:46 - [TEST_STEP][PASSED] - callTestCase(findTestCase("Custom Procurement Details/UTILITIES/FORM_INPUT"), [:], STOP_ON_FAILURE): Call Test Case 'Test Cases/Custom Procurement Details/UTILITIES/FORM_INPUT' successfully

2020-12-18 18:10:46 - [TEST_CASE][PASSED] - Test Cases/Custom Procurement Details/UTILITIES/FORM_INPUT: Test Cases/Custom Procurement Details/UTILITIES/FORM_INPUT

2020-12-18 18:10:46 - [TEST_STEP][PASSED] - setText(findTestObject("Procurement Active1/Page_diagnostics/input_Company_Name"), "Intro Company"): Text 'Intro Company' is set on object 'Object Repository/Procurement Active1/Page_diagnostics/input_Company_Name'

2020-12-18 18:10:48 - [MESSAGE][PASSED] - Text 'Intro Company' is set on object 'Object Repository/Procurement Active1/Page_diagnostics/input_Company_Name'

2020-12-18 18:10:48 - [TEST_STEP][PASSED] - setText(findTestObject("Procurement Active1/Page_diagnostics/input_Person-in-charge"), "Admin"): Text 'Admin' is set on object 'Object Repository/Procurement Active1/Page_diagnostics/input_Person-in-charge'

2020-12-18 18:10:49 - [MESSAGE][PASSED] - Text 'Admin' is set on object 'Object Repository/Procurement Active1/Page_diagnostics/input_Person-in-charge'

2020-12-18 18:10:49 - [TEST_STEP][PASSED] - setText(findTestObject("Procurement Active1/Page_diagnostics/input_Notification_email"), "adminn@test.com"): Text 'adminn@test.com' is set on object 'Object Repository/Procurement Active1/Page_diagnostics/input_Notification_email'

2020-12-18 18:10:50 - [MESSAGE][PASSED] - Text 'adminn@test.com' is set on object 'Object Repository/Procurement Active1/Page_diagnostics/input_Notification_email'

2020-12-18 18:10:50 - [TEST_STEP][PASSED] - setText(findTestObject("Procurement Active1/Page_diagnostics/input_Contact_number"), "1234567890"): Text '1234567890' is set on object 'Object Repository/Procurement Active1/Page_diagnostics/input_Contact_number'

2020-12-18 18:10:51 - [MESSAGE][PASSED] - Text '1234567890' is set on object 'Object Repository/Procurement Active1/Page_diagnostics/input_Contact_number'

2020-12-18 18:10:51 - [TEST_STEP][PASSED] - click(findTestObject("Procurement Active1/Page_diagnostics/label_SELECT ADDRESS")): Object: 'Object Repository/Procurement Active1/Page_diagnostics/label_SELECT ADDRESS' is clicked on

2020-12-18 18:10:51 - [MESSAGE][PASSED] - Object: 'Object Repository/Procurement Active1/Page_diagnostics/label_SELECT ADDRESS' is clicked on

2020-12-18 18:10:51 - [TEST_STEP][PASSED] - click(findTestObject("Item Details/Page_diagnostics/a_Accept Cookies")): Object: 'Object Repository/Item Details/Page_diagnostics/a_Accept Cookies' is clicked on

2020-12-18 18:10:51 - [MESSAGE][PASSED] - Object: 'Object Repository/Item Details/Page_diagnostics/a_Accept Cookies' is clicked on

2020-12-18 18:10:51 - [TEST_STEP][PASSED] - click(findTestObject("Procurement Active1/Page_diagnostics/a_NEXT")): Object: 'Object Repository/Procurement Active1/Page_diagnostics/a_NEXT' is clicked on

2020-12-18 18:10:52 - [MESSAGE][PASSED] - Object: 'Object Repository/Procurement Active1/Page_diagnostics/a_NEXT' is clicked on

2020-12-18 18:10:52 - [MESSAGE][PASSED] - Call Test Case 'Test Cases/Custom Procurement Details/UTILITIES/FORM_INPUT' successfully

2020-12-18 18:10:52 - [TEST_STEP][PASSED] - verifyElementPresent(findTestObject("Procurement Active 2/Page_diagnostics/p_Lead_Time"), 0): Object 'Object Repository/Procurement Active 2/Page_diagnostics/p_Lead_Time' is present

2020-12-18 18:10:52 - [MESSAGE][WARNING] - Timeout '0' is invalid. Using default page load timeout: '30'

2020-12-18 18:10:56 - [MESSAGE][PASSED] - Object 'Object Repository/Procurement Active 2/Page_diagnostics/p_Lead_Time' is present

2020-12-18 18:10:56 - [TEST_STEP][PASSED] - callTestCase(findTestCase("Custom Procurement Details/UTILITIES/CLOSE_BROWSER"), [:], STOP_ON_FAILURE): Call Test Case 'Test Cases/Custom Procurement Details/UTILITIES/CLOSE_BROWSER' successfully

2020-12-18 18:10:56 - [TEST_CASE][PASSED] - Test Cases/Custom Procurement Details/UTILITIES/CLOSE_BROWSER: Test Cases/Custom Procurement Details/UTILITIES/CLOSE_BROWSER

2020-12-18 18:10:56 - [TEST_STEP][PASSED] - closeBrowser(): Browser is closed

2020-12-18 18:10:57 - [MESSAGE][PASSED] - Browser is closed

2020-12-18 18:10:57 - [MESSAGE][PASSED] - Call Test Case 'Test Cases/Custom Procurement Details/UTILITIES/CLOSE_BROWSER' successfully]]></system-out>
         <system-err><![CDATA[]]></system-err>
      </testcase>
      <testcase name="Test Cases/Custom Procurement Details/TEST CASE/TC_DETAILS_UI_019" time="42.394" classname="Test Cases/Custom Procurement Details/TEST CASE/TC_DETAILS_UI_019" status="PASSED">
         <system-out><![CDATA[2020-12-18 18:10:57 - [TEST_CASE][PASSED] - Test Cases/Custom Procurement Details/TEST CASE/TC_DETAILS_UI_019: Test Cases/Custom Procurement Details/TEST CASE/TC_DETAILS_UI_019

2020-12-18 18:10:57 - [TEST_STEP][PASSED] - callTestCase(findTestCase("Custom Procurement Details/UTILITIES/OPEN_BROWSER"), [:], STOP_ON_FAILURE): Call Test Case 'Test Cases/Custom Procurement Details/UTILITIES/OPEN_BROWSER' successfully

2020-12-18 18:10:57 - [TEST_CASE][PASSED] - Test Cases/Custom Procurement Details/UTILITIES/OPEN_BROWSER: Test Cases/Custom Procurement Details/UTILITIES/OPEN_BROWSER

2020-12-18 18:10:57 - [TEST_STEP][PASSED] - openBrowser("https://gdasandbox.test-arcadier.com/buyer-signin"): Browser is opened with url: 'https://gdasandbox.test-arcadier.com/buyer-signin'

2020-12-18 18:10:57 - [MESSAGE][INFO] - Starting 'Chrome' driver

2020-12-18 18:10:57 - [MESSAGE][INFO] - Action delay is set to 0 milliseconds

2020-12-18 18:11:07 - [MESSAGE][PASSED] - Browser is opened with url: 'https://gdasandbox.test-arcadier.com/buyer-signin'

2020-12-18 18:11:07 - [TEST_STEP][PASSED] - maximizeWindow(): Current window maximized

2020-12-18 18:11:09 - [MESSAGE][PASSED] - Current window maximized

2020-12-18 18:11:09 - [TEST_STEP][PASSED] - callTestCase(findTestCase("Custom Procurement Details/UTILITIES/LOGIN"), [:], STOP_ON_FAILURE): Call Test Case 'Test Cases/Custom Procurement Details/UTILITIES/LOGIN' successfully

2020-12-18 18:11:09 - [TEST_CASE][PASSED] - Test Cases/Custom Procurement Details/UTILITIES/LOGIN: Test Cases/Custom Procurement Details/UTILITIES/LOGIN

2020-12-18 18:11:09 - [TEST_STEP][PASSED] - waitForElementPresent(findTestObject("Login/Page_diagnostics/a_Sign_in_as_Buyer"), 0): Object 'Object Repository/Login/Page_diagnostics/a_Sign_in_as_Buyer' is present

2020-12-18 18:11:09 - [MESSAGE][WARNING] - Timeout '0' is invalid. Using default page load timeout: '30'

2020-12-18 18:11:10 - [MESSAGE][PASSED] - Object 'Object Repository/Login/Page_diagnostics/a_Sign_in_as_Buyer' is present

2020-12-18 18:11:10 - [TEST_STEP][PASSED] - click(findTestObject("Login/Page_diagnostics/a_Sign_in_as_Buyer")): Object: 'Object Repository/Login/Page_diagnostics/a_Sign_in_as_Buyer' is clicked on

2020-12-18 18:11:11 - [MESSAGE][PASSED] - Object: 'Object Repository/Login/Page_diagnostics/a_Sign_in_as_Buyer' is clicked on

2020-12-18 18:11:11 - [TEST_STEP][PASSED] - waitForElementPresent(findTestObject("Login/Page_diagnostics/input_Username"), 0): Object 'Object Repository/Login/Page_diagnostics/input_Username' is present

2020-12-18 18:11:11 - [MESSAGE][WARNING] - Timeout '0' is invalid. Using default page load timeout: '30'

2020-12-18 18:11:11 - [MESSAGE][PASSED] - Object 'Object Repository/Login/Page_diagnostics/input_Username' is present

2020-12-18 18:11:11 - [TEST_STEP][PASSED] - setText(findTestObject("Login/Page_diagnostics/input_Username"), "admin"): Text 'admin' is set on object 'Object Repository/Login/Page_diagnostics/input_Username'

2020-12-18 18:11:12 - [MESSAGE][PASSED] - Text 'admin' is set on object 'Object Repository/Login/Page_diagnostics/input_Username'

2020-12-18 18:11:12 - [TEST_STEP][PASSED] - waitForElementPresent(findTestObject("Login/Page_diagnostics/input_Password"), 0): Object 'Object Repository/Login/Page_diagnostics/input_Password' is present

2020-12-18 18:11:12 - [MESSAGE][WARNING] - Timeout '0' is invalid. Using default page load timeout: '30'

2020-12-18 18:11:12 - [MESSAGE][PASSED] - Object 'Object Repository/Login/Page_diagnostics/input_Password' is present

2020-12-18 18:11:12 - [TEST_STEP][PASSED] - setText(findTestObject("Login/Page_diagnostics/input_Password"), "Diagnostics123!"): Text 'Diagnostics123!' is set on object 'Object Repository/Login/Page_diagnostics/input_Password'

2020-12-18 18:11:13 - [MESSAGE][PASSED] - Text 'Diagnostics123!' is set on object 'Object Repository/Login/Page_diagnostics/input_Password'

2020-12-18 18:11:13 - [TEST_STEP][PASSED] - waitForElementPresent(findTestObject("Login/Page_diagnostics/input_Submit"), 0): Object 'Object Repository/Login/Page_diagnostics/input_Submit' is present

2020-12-18 18:11:13 - [MESSAGE][WARNING] - Timeout '0' is invalid. Using default page load timeout: '30'

2020-12-18 18:11:13 - [MESSAGE][PASSED] - Object 'Object Repository/Login/Page_diagnostics/input_Submit' is present

2020-12-18 18:11:13 - [TEST_STEP][PASSED] - click(findTestObject("Login/Page_diagnostics/input_Submit")): Object: 'Object Repository/Login/Page_diagnostics/input_Submit' is clicked on

2020-12-18 18:11:19 - [MESSAGE][PASSED] - Object: 'Object Repository/Login/Page_diagnostics/input_Submit' is clicked on

2020-12-18 18:11:19 - [MESSAGE][PASSED] - Call Test Case 'Test Cases/Custom Procurement Details/UTILITIES/LOGIN' successfully

2020-12-18 18:11:19 - [TEST_STEP][PASSED] - navigateToUrl("https://gdasandbox.test-arcadier.com/user/item/detail/gdaagencyfind/59fde34e-4dcb-44b5-bdcd-2bde962c0cb5"): Navigate to 'https://gdasandbox.test-arcadier.com/user/item/detail/gdaagencyfind/59fde34e-4dcb-44b5-bdcd-2bde962c0cb5' successfully

2020-12-18 18:11:21 - [MESSAGE][PASSED] - Navigate to 'https://gdasandbox.test-arcadier.com/user/item/detail/gdaagencyfind/59fde34e-4dcb-44b5-bdcd-2bde962c0cb5' successfully

2020-12-18 18:11:21 - [MESSAGE][PASSED] - Call Test Case 'Test Cases/Custom Procurement Details/UTILITIES/OPEN_BROWSER' successfully

2020-12-18 18:11:21 - [TEST_STEP][PASSED] - callTestCase(findTestCase("Custom Procurement Details/UTILITIES/PROCURE_PAGE"), [:], STOP_ON_FAILURE): Call Test Case 'Test Cases/Custom Procurement Details/UTILITIES/PROCURE_PAGE' successfully

2020-12-18 18:11:21 - [TEST_CASE][PASSED] - Test Cases/Custom Procurement Details/UTILITIES/PROCURE_PAGE: Test Cases/Custom Procurement Details/UTILITIES/PROCURE_PAGE

2020-12-18 18:11:21 - [TEST_STEP][PASSED] - click(findTestObject("Item Details/Page_diagnostics/a_PROCURE_DIRECTLY_FROM_SELLER")): Object: 'Object Repository/Item Details/Page_diagnostics/a_PROCURE_DIRECTLY_FROM_SELLER' is clicked on

2020-12-18 18:11:23 - [MESSAGE][PASSED] - Object: 'Object Repository/Item Details/Page_diagnostics/a_PROCURE_DIRECTLY_FROM_SELLER' is clicked on

2020-12-18 18:11:23 - [MESSAGE][PASSED] - Call Test Case 'Test Cases/Custom Procurement Details/UTILITIES/PROCURE_PAGE' successfully

2020-12-18 18:11:23 - [TEST_STEP][PASSED] - callTestCase(findTestCase("Custom Procurement Details/UTILITIES/CART_PAGE"), [:], STOP_ON_FAILURE): Call Test Case 'Test Cases/Custom Procurement Details/UTILITIES/CART_PAGE' successfully

2020-12-18 18:11:23 - [TEST_CASE][PASSED] - Test Cases/Custom Procurement Details/UTILITIES/CART_PAGE: Test Cases/Custom Procurement Details/UTILITIES/CART_PAGE

2020-12-18 18:11:23 - [TEST_STEP][PASSED] - navigateToUrl("https://gdasandbox.test-arcadier.com/user/order/cart"): Navigate to 'https://gdasandbox.test-arcadier.com/user/order/cart' successfully

2020-12-18 18:11:25 - [MESSAGE][PASSED] - Navigate to 'https://gdasandbox.test-arcadier.com/user/order/cart' successfully

2020-12-18 18:11:25 - [TEST_STEP][PASSED] - click(findTestObject("Checkout Page/Page_diagnostics/a_CHECKOUT")): Object: 'Object Repository/Checkout Page/Page_diagnostics/a_CHECKOUT' is clicked on

2020-12-18 18:11:29 - [MESSAGE][PASSED] - Object: 'Object Repository/Checkout Page/Page_diagnostics/a_CHECKOUT' is clicked on

2020-12-18 18:11:29 - [MESSAGE][PASSED] - Call Test Case 'Test Cases/Custom Procurement Details/UTILITIES/CART_PAGE' successfully

2020-12-18 18:11:29 - [TEST_STEP][PASSED] - callTestCase(findTestCase("Custom Procurement Details/UTILITIES/FORM_INPUT"), [:], STOP_ON_FAILURE): Call Test Case 'Test Cases/Custom Procurement Details/UTILITIES/FORM_INPUT' successfully

2020-12-18 18:11:29 - [TEST_CASE][PASSED] - Test Cases/Custom Procurement Details/UTILITIES/FORM_INPUT: Test Cases/Custom Procurement Details/UTILITIES/FORM_INPUT

2020-12-18 18:11:29 - [TEST_STEP][PASSED] - setText(findTestObject("Procurement Active1/Page_diagnostics/input_Company_Name"), "Intro Company"): Text 'Intro Company' is set on object 'Object Repository/Procurement Active1/Page_diagnostics/input_Company_Name'

2020-12-18 18:11:31 - [MESSAGE][PASSED] - Text 'Intro Company' is set on object 'Object Repository/Procurement Active1/Page_diagnostics/input_Company_Name'

2020-12-18 18:11:31 - [TEST_STEP][PASSED] - setText(findTestObject("Procurement Active1/Page_diagnostics/input_Person-in-charge"), "Admin"): Text 'Admin' is set on object 'Object Repository/Procurement Active1/Page_diagnostics/input_Person-in-charge'

2020-12-18 18:11:32 - [MESSAGE][PASSED] - Text 'Admin' is set on object 'Object Repository/Procurement Active1/Page_diagnostics/input_Person-in-charge'

2020-12-18 18:11:32 - [TEST_STEP][PASSED] - setText(findTestObject("Procurement Active1/Page_diagnostics/input_Notification_email"), "adminn@test.com"): Text 'adminn@test.com' is set on object 'Object Repository/Procurement Active1/Page_diagnostics/input_Notification_email'

2020-12-18 18:11:32 - [MESSAGE][PASSED] - Text 'adminn@test.com' is set on object 'Object Repository/Procurement Active1/Page_diagnostics/input_Notification_email'

2020-12-18 18:11:32 - [TEST_STEP][PASSED] - setText(findTestObject("Procurement Active1/Page_diagnostics/input_Contact_number"), "1234567890"): Text '1234567890' is set on object 'Object Repository/Procurement Active1/Page_diagnostics/input_Contact_number'

2020-12-18 18:11:33 - [MESSAGE][PASSED] - Text '1234567890' is set on object 'Object Repository/Procurement Active1/Page_diagnostics/input_Contact_number'

2020-12-18 18:11:33 - [TEST_STEP][PASSED] - click(findTestObject("Procurement Active1/Page_diagnostics/label_SELECT ADDRESS")): Object: 'Object Repository/Procurement Active1/Page_diagnostics/label_SELECT ADDRESS' is clicked on

2020-12-18 18:11:33 - [MESSAGE][PASSED] - Object: 'Object Repository/Procurement Active1/Page_diagnostics/label_SELECT ADDRESS' is clicked on

2020-12-18 18:11:33 - [TEST_STEP][PASSED] - click(findTestObject("Item Details/Page_diagnostics/a_Accept Cookies")): Object: 'Object Repository/Item Details/Page_diagnostics/a_Accept Cookies' is clicked on

2020-12-18 18:11:34 - [MESSAGE][PASSED] - Object: 'Object Repository/Item Details/Page_diagnostics/a_Accept Cookies' is clicked on

2020-12-18 18:11:34 - [TEST_STEP][PASSED] - click(findTestObject("Procurement Active1/Page_diagnostics/a_NEXT")): Object: 'Object Repository/Procurement Active1/Page_diagnostics/a_NEXT' is clicked on

2020-12-18 18:11:35 - [MESSAGE][PASSED] - Object: 'Object Repository/Procurement Active1/Page_diagnostics/a_NEXT' is clicked on

2020-12-18 18:11:35 - [MESSAGE][PASSED] - Call Test Case 'Test Cases/Custom Procurement Details/UTILITIES/FORM_INPUT' successfully

2020-12-18 18:11:35 - [TEST_STEP][PASSED] - verifyElementPresent(findTestObject("Procurement Active 2/Page_diagnostics/span_Sub-total"), 0): Object 'Object Repository/Procurement Active 2/Page_diagnostics/span_Sub-total' is present

2020-12-18 18:11:35 - [MESSAGE][WARNING] - Timeout '0' is invalid. Using default page load timeout: '30'

2020-12-18 18:11:38 - [MESSAGE][PASSED] - Object 'Object Repository/Procurement Active 2/Page_diagnostics/span_Sub-total' is present

2020-12-18 18:11:38 - [TEST_STEP][PASSED] - callTestCase(findTestCase("Custom Procurement Details/UTILITIES/CLOSE_BROWSER"), [:], STOP_ON_FAILURE): Call Test Case 'Test Cases/Custom Procurement Details/UTILITIES/CLOSE_BROWSER' successfully

2020-12-18 18:11:38 - [TEST_CASE][PASSED] - Test Cases/Custom Procurement Details/UTILITIES/CLOSE_BROWSER: Test Cases/Custom Procurement Details/UTILITIES/CLOSE_BROWSER

2020-12-18 18:11:38 - [TEST_STEP][PASSED] - closeBrowser(): Browser is closed

2020-12-18 18:11:39 - [MESSAGE][PASSED] - Browser is closed

2020-12-18 18:11:39 - [MESSAGE][PASSED] - Call Test Case 'Test Cases/Custom Procurement Details/UTILITIES/CLOSE_BROWSER' successfully]]></system-out>
         <system-err><![CDATA[]]></system-err>
      </testcase>
      <testcase name="Test Cases/Custom Procurement Details/TEST CASE/TC_DETAILS_UI_020" time="44.504" classname="Test Cases/Custom Procurement Details/TEST CASE/TC_DETAILS_UI_020" status="PASSED">
         <system-out><![CDATA[2020-12-18 18:11:39 - [TEST_CASE][PASSED] - Test Cases/Custom Procurement Details/TEST CASE/TC_DETAILS_UI_020: Test Cases/Custom Procurement Details/TEST CASE/TC_DETAILS_UI_020

2020-12-18 18:11:39 - [TEST_STEP][PASSED] - callTestCase(findTestCase("Custom Procurement Details/UTILITIES/OPEN_BROWSER"), [:], STOP_ON_FAILURE): Call Test Case 'Test Cases/Custom Procurement Details/UTILITIES/OPEN_BROWSER' successfully

2020-12-18 18:11:39 - [TEST_CASE][PASSED] - Test Cases/Custom Procurement Details/UTILITIES/OPEN_BROWSER: Test Cases/Custom Procurement Details/UTILITIES/OPEN_BROWSER

2020-12-18 18:11:39 - [TEST_STEP][PASSED] - openBrowser("https://gdasandbox.test-arcadier.com/buyer-signin"): Browser is opened with url: 'https://gdasandbox.test-arcadier.com/buyer-signin'

2020-12-18 18:11:39 - [MESSAGE][INFO] - Starting 'Chrome' driver

2020-12-18 18:11:39 - [MESSAGE][INFO] - Action delay is set to 0 milliseconds

2020-12-18 18:11:49 - [MESSAGE][PASSED] - Browser is opened with url: 'https://gdasandbox.test-arcadier.com/buyer-signin'

2020-12-18 18:11:49 - [TEST_STEP][PASSED] - maximizeWindow(): Current window maximized

2020-12-18 18:11:51 - [MESSAGE][PASSED] - Current window maximized

2020-12-18 18:11:51 - [TEST_STEP][PASSED] - callTestCase(findTestCase("Custom Procurement Details/UTILITIES/LOGIN"), [:], STOP_ON_FAILURE): Call Test Case 'Test Cases/Custom Procurement Details/UTILITIES/LOGIN' successfully

2020-12-18 18:11:51 - [TEST_CASE][PASSED] - Test Cases/Custom Procurement Details/UTILITIES/LOGIN: Test Cases/Custom Procurement Details/UTILITIES/LOGIN

2020-12-18 18:11:51 - [TEST_STEP][PASSED] - waitForElementPresent(findTestObject("Login/Page_diagnostics/a_Sign_in_as_Buyer"), 0): Object 'Object Repository/Login/Page_diagnostics/a_Sign_in_as_Buyer' is present

2020-12-18 18:11:51 - [MESSAGE][WARNING] - Timeout '0' is invalid. Using default page load timeout: '30'

2020-12-18 18:11:53 - [MESSAGE][PASSED] - Object 'Object Repository/Login/Page_diagnostics/a_Sign_in_as_Buyer' is present

2020-12-18 18:11:53 - [TEST_STEP][PASSED] - click(findTestObject("Login/Page_diagnostics/a_Sign_in_as_Buyer")): Object: 'Object Repository/Login/Page_diagnostics/a_Sign_in_as_Buyer' is clicked on

2020-12-18 18:11:53 - [MESSAGE][PASSED] - Object: 'Object Repository/Login/Page_diagnostics/a_Sign_in_as_Buyer' is clicked on

2020-12-18 18:11:53 - [TEST_STEP][PASSED] - waitForElementPresent(findTestObject("Login/Page_diagnostics/input_Username"), 0): Object 'Object Repository/Login/Page_diagnostics/input_Username' is present

2020-12-18 18:11:53 - [MESSAGE][WARNING] - Timeout '0' is invalid. Using default page load timeout: '30'

2020-12-18 18:11:53 - [MESSAGE][PASSED] - Object 'Object Repository/Login/Page_diagnostics/input_Username' is present

2020-12-18 18:11:53 - [TEST_STEP][PASSED] - setText(findTestObject("Login/Page_diagnostics/input_Username"), "admin"): Text 'admin' is set on object 'Object Repository/Login/Page_diagnostics/input_Username'

2020-12-18 18:11:54 - [MESSAGE][PASSED] - Text 'admin' is set on object 'Object Repository/Login/Page_diagnostics/input_Username'

2020-12-18 18:11:54 - [TEST_STEP][PASSED] - waitForElementPresent(findTestObject("Login/Page_diagnostics/input_Password"), 0): Object 'Object Repository/Login/Page_diagnostics/input_Password' is present

2020-12-18 18:11:54 - [MESSAGE][WARNING] - Timeout '0' is invalid. Using default page load timeout: '30'

2020-12-18 18:11:54 - [MESSAGE][PASSED] - Object 'Object Repository/Login/Page_diagnostics/input_Password' is present

2020-12-18 18:11:54 - [TEST_STEP][PASSED] - setText(findTestObject("Login/Page_diagnostics/input_Password"), "Diagnostics123!"): Text 'Diagnostics123!' is set on object 'Object Repository/Login/Page_diagnostics/input_Password'

2020-12-18 18:11:55 - [MESSAGE][PASSED] - Text 'Diagnostics123!' is set on object 'Object Repository/Login/Page_diagnostics/input_Password'

2020-12-18 18:11:55 - [TEST_STEP][PASSED] - waitForElementPresent(findTestObject("Login/Page_diagnostics/input_Submit"), 0): Object 'Object Repository/Login/Page_diagnostics/input_Submit' is present

2020-12-18 18:11:55 - [MESSAGE][WARNING] - Timeout '0' is invalid. Using default page load timeout: '30'

2020-12-18 18:11:55 - [MESSAGE][PASSED] - Object 'Object Repository/Login/Page_diagnostics/input_Submit' is present

2020-12-18 18:11:55 - [TEST_STEP][PASSED] - click(findTestObject("Login/Page_diagnostics/input_Submit")): Object: 'Object Repository/Login/Page_diagnostics/input_Submit' is clicked on

2020-12-18 18:12:02 - [MESSAGE][PASSED] - Object: 'Object Repository/Login/Page_diagnostics/input_Submit' is clicked on

2020-12-18 18:12:02 - [MESSAGE][PASSED] - Call Test Case 'Test Cases/Custom Procurement Details/UTILITIES/LOGIN' successfully

2020-12-18 18:12:02 - [TEST_STEP][PASSED] - navigateToUrl("https://gdasandbox.test-arcadier.com/user/item/detail/gdaagencyfind/59fde34e-4dcb-44b5-bdcd-2bde962c0cb5"): Navigate to 'https://gdasandbox.test-arcadier.com/user/item/detail/gdaagencyfind/59fde34e-4dcb-44b5-bdcd-2bde962c0cb5' successfully

2020-12-18 18:12:04 - [MESSAGE][PASSED] - Navigate to 'https://gdasandbox.test-arcadier.com/user/item/detail/gdaagencyfind/59fde34e-4dcb-44b5-bdcd-2bde962c0cb5' successfully

2020-12-18 18:12:04 - [MESSAGE][PASSED] - Call Test Case 'Test Cases/Custom Procurement Details/UTILITIES/OPEN_BROWSER' successfully

2020-12-18 18:12:04 - [TEST_STEP][PASSED] - callTestCase(findTestCase("Custom Procurement Details/UTILITIES/PROCURE_PAGE"), [:], STOP_ON_FAILURE): Call Test Case 'Test Cases/Custom Procurement Details/UTILITIES/PROCURE_PAGE' successfully

2020-12-18 18:12:04 - [TEST_CASE][PASSED] - Test Cases/Custom Procurement Details/UTILITIES/PROCURE_PAGE: Test Cases/Custom Procurement Details/UTILITIES/PROCURE_PAGE

2020-12-18 18:12:04 - [TEST_STEP][PASSED] - click(findTestObject("Item Details/Page_diagnostics/a_PROCURE_DIRECTLY_FROM_SELLER")): Object: 'Object Repository/Item Details/Page_diagnostics/a_PROCURE_DIRECTLY_FROM_SELLER' is clicked on

2020-12-18 18:12:08 - [MESSAGE][PASSED] - Object: 'Object Repository/Item Details/Page_diagnostics/a_PROCURE_DIRECTLY_FROM_SELLER' is clicked on

2020-12-18 18:12:08 - [MESSAGE][PASSED] - Call Test Case 'Test Cases/Custom Procurement Details/UTILITIES/PROCURE_PAGE' successfully

2020-12-18 18:12:08 - [TEST_STEP][PASSED] - callTestCase(findTestCase("Custom Procurement Details/UTILITIES/CART_PAGE"), [:], STOP_ON_FAILURE): Call Test Case 'Test Cases/Custom Procurement Details/UTILITIES/CART_PAGE' successfully

2020-12-18 18:12:09 - [TEST_CASE][PASSED] - Test Cases/Custom Procurement Details/UTILITIES/CART_PAGE: Test Cases/Custom Procurement Details/UTILITIES/CART_PAGE

2020-12-18 18:12:09 - [TEST_STEP][PASSED] - navigateToUrl("https://gdasandbox.test-arcadier.com/user/order/cart"): Navigate to 'https://gdasandbox.test-arcadier.com/user/order/cart' successfully

2020-12-18 18:12:10 - [MESSAGE][PASSED] - Navigate to 'https://gdasandbox.test-arcadier.com/user/order/cart' successfully

2020-12-18 18:12:10 - [TEST_STEP][PASSED] - click(findTestObject("Checkout Page/Page_diagnostics/a_CHECKOUT")): Object: 'Object Repository/Checkout Page/Page_diagnostics/a_CHECKOUT' is clicked on

2020-12-18 18:12:13 - [MESSAGE][PASSED] - Object: 'Object Repository/Checkout Page/Page_diagnostics/a_CHECKOUT' is clicked on

2020-12-18 18:12:13 - [MESSAGE][PASSED] - Call Test Case 'Test Cases/Custom Procurement Details/UTILITIES/CART_PAGE' successfully

2020-12-18 18:12:13 - [TEST_STEP][PASSED] - callTestCase(findTestCase("Custom Procurement Details/UTILITIES/FORM_INPUT"), [:], STOP_ON_FAILURE): Call Test Case 'Test Cases/Custom Procurement Details/UTILITIES/FORM_INPUT' successfully

2020-12-18 18:12:14 - [TEST_CASE][PASSED] - Test Cases/Custom Procurement Details/UTILITIES/FORM_INPUT: Test Cases/Custom Procurement Details/UTILITIES/FORM_INPUT

2020-12-18 18:12:14 - [TEST_STEP][PASSED] - setText(findTestObject("Procurement Active1/Page_diagnostics/input_Company_Name"), "Intro Company"): Text 'Intro Company' is set on object 'Object Repository/Procurement Active1/Page_diagnostics/input_Company_Name'

2020-12-18 18:12:15 - [MESSAGE][PASSED] - Text 'Intro Company' is set on object 'Object Repository/Procurement Active1/Page_diagnostics/input_Company_Name'

2020-12-18 18:12:15 - [TEST_STEP][PASSED] - setText(findTestObject("Procurement Active1/Page_diagnostics/input_Person-in-charge"), "Admin"): Text 'Admin' is set on object 'Object Repository/Procurement Active1/Page_diagnostics/input_Person-in-charge'

2020-12-18 18:12:16 - [MESSAGE][PASSED] - Text 'Admin' is set on object 'Object Repository/Procurement Active1/Page_diagnostics/input_Person-in-charge'

2020-12-18 18:12:16 - [TEST_STEP][PASSED] - setText(findTestObject("Procurement Active1/Page_diagnostics/input_Notification_email"), "adminn@test.com"): Text 'adminn@test.com' is set on object 'Object Repository/Procurement Active1/Page_diagnostics/input_Notification_email'

2020-12-18 18:12:17 - [MESSAGE][PASSED] - Text 'adminn@test.com' is set on object 'Object Repository/Procurement Active1/Page_diagnostics/input_Notification_email'

2020-12-18 18:12:17 - [TEST_STEP][PASSED] - setText(findTestObject("Procurement Active1/Page_diagnostics/input_Contact_number"), "1234567890"): Text '1234567890' is set on object 'Object Repository/Procurement Active1/Page_diagnostics/input_Contact_number'

2020-12-18 18:12:17 - [MESSAGE][PASSED] - Text '1234567890' is set on object 'Object Repository/Procurement Active1/Page_diagnostics/input_Contact_number'

2020-12-18 18:12:17 - [TEST_STEP][PASSED] - click(findTestObject("Procurement Active1/Page_diagnostics/label_SELECT ADDRESS")): Object: 'Object Repository/Procurement Active1/Page_diagnostics/label_SELECT ADDRESS' is clicked on

2020-12-18 18:12:18 - [MESSAGE][PASSED] - Object: 'Object Repository/Procurement Active1/Page_diagnostics/label_SELECT ADDRESS' is clicked on

2020-12-18 18:12:18 - [TEST_STEP][PASSED] - click(findTestObject("Item Details/Page_diagnostics/a_Accept Cookies")): Object: 'Object Repository/Item Details/Page_diagnostics/a_Accept Cookies' is clicked on

2020-12-18 18:12:18 - [MESSAGE][PASSED] - Object: 'Object Repository/Item Details/Page_diagnostics/a_Accept Cookies' is clicked on

2020-12-18 18:12:18 - [TEST_STEP][PASSED] - click(findTestObject("Procurement Active1/Page_diagnostics/a_NEXT")): Object: 'Object Repository/Procurement Active1/Page_diagnostics/a_NEXT' is clicked on

2020-12-18 18:12:19 - [MESSAGE][PASSED] - Object: 'Object Repository/Procurement Active1/Page_diagnostics/a_NEXT' is clicked on

2020-12-18 18:12:19 - [MESSAGE][PASSED] - Call Test Case 'Test Cases/Custom Procurement Details/UTILITIES/FORM_INPUT' successfully

2020-12-18 18:12:19 - [TEST_STEP][PASSED] - verifyElementPresent(findTestObject("Procurement Active 2/Page_diagnostics/span_Delivery_cost"), 0): Object 'Object Repository/Procurement Active 2/Page_diagnostics/span_Delivery_cost' is present

2020-12-18 18:12:19 - [MESSAGE][WARNING] - Timeout '0' is invalid. Using default page load timeout: '30'

2020-12-18 18:12:23 - [MESSAGE][PASSED] - Object 'Object Repository/Procurement Active 2/Page_diagnostics/span_Delivery_cost' is present

2020-12-18 18:12:23 - [TEST_STEP][PASSED] - callTestCase(findTestCase("Custom Procurement Details/UTILITIES/CLOSE_BROWSER"), [:], STOP_ON_FAILURE): Call Test Case 'Test Cases/Custom Procurement Details/UTILITIES/CLOSE_BROWSER' successfully

2020-12-18 18:12:23 - [TEST_CASE][PASSED] - Test Cases/Custom Procurement Details/UTILITIES/CLOSE_BROWSER: Test Cases/Custom Procurement Details/UTILITIES/CLOSE_BROWSER

2020-12-18 18:12:23 - [TEST_STEP][PASSED] - closeBrowser(): Browser is closed

2020-12-18 18:12:24 - [MESSAGE][PASSED] - Browser is closed

2020-12-18 18:12:24 - [MESSAGE][PASSED] - Call Test Case 'Test Cases/Custom Procurement Details/UTILITIES/CLOSE_BROWSER' successfully]]></system-out>
         <system-err><![CDATA[]]></system-err>
      </testcase>
      <testcase name="Test Cases/Custom Procurement Details/TEST CASE/TC_DETAILS_UI_021" time="42.488" classname="Test Cases/Custom Procurement Details/TEST CASE/TC_DETAILS_UI_021" status="PASSED">
         <system-out><![CDATA[2020-12-18 18:12:24 - [TEST_CASE][PASSED] - Test Cases/Custom Procurement Details/TEST CASE/TC_DETAILS_UI_021: Test Cases/Custom Procurement Details/TEST CASE/TC_DETAILS_UI_021

2020-12-18 18:12:24 - [TEST_STEP][PASSED] - callTestCase(findTestCase("Custom Procurement Details/UTILITIES/OPEN_BROWSER"), [:], STOP_ON_FAILURE): Call Test Case 'Test Cases/Custom Procurement Details/UTILITIES/OPEN_BROWSER' successfully

2020-12-18 18:12:24 - [TEST_CASE][PASSED] - Test Cases/Custom Procurement Details/UTILITIES/OPEN_BROWSER: Test Cases/Custom Procurement Details/UTILITIES/OPEN_BROWSER

2020-12-18 18:12:24 - [TEST_STEP][PASSED] - openBrowser("https://gdasandbox.test-arcadier.com/buyer-signin"): Browser is opened with url: 'https://gdasandbox.test-arcadier.com/buyer-signin'

2020-12-18 18:12:24 - [MESSAGE][INFO] - Starting 'Chrome' driver

2020-12-18 18:12:24 - [MESSAGE][INFO] - Action delay is set to 0 milliseconds

2020-12-18 18:12:34 - [MESSAGE][PASSED] - Browser is opened with url: 'https://gdasandbox.test-arcadier.com/buyer-signin'

2020-12-18 18:12:34 - [TEST_STEP][PASSED] - maximizeWindow(): Current window maximized

2020-12-18 18:12:36 - [MESSAGE][PASSED] - Current window maximized

2020-12-18 18:12:36 - [TEST_STEP][PASSED] - callTestCase(findTestCase("Custom Procurement Details/UTILITIES/LOGIN"), [:], STOP_ON_FAILURE): Call Test Case 'Test Cases/Custom Procurement Details/UTILITIES/LOGIN' successfully

2020-12-18 18:12:36 - [TEST_CASE][PASSED] - Test Cases/Custom Procurement Details/UTILITIES/LOGIN: Test Cases/Custom Procurement Details/UTILITIES/LOGIN

2020-12-18 18:12:36 - [TEST_STEP][PASSED] - waitForElementPresent(findTestObject("Login/Page_diagnostics/a_Sign_in_as_Buyer"), 0): Object 'Object Repository/Login/Page_diagnostics/a_Sign_in_as_Buyer' is present

2020-12-18 18:12:36 - [MESSAGE][WARNING] - Timeout '0' is invalid. Using default page load timeout: '30'

2020-12-18 18:12:38 - [MESSAGE][PASSED] - Object 'Object Repository/Login/Page_diagnostics/a_Sign_in_as_Buyer' is present

2020-12-18 18:12:38 - [TEST_STEP][PASSED] - click(findTestObject("Login/Page_diagnostics/a_Sign_in_as_Buyer")): Object: 'Object Repository/Login/Page_diagnostics/a_Sign_in_as_Buyer' is clicked on

2020-12-18 18:12:38 - [MESSAGE][PASSED] - Object: 'Object Repository/Login/Page_diagnostics/a_Sign_in_as_Buyer' is clicked on

2020-12-18 18:12:38 - [TEST_STEP][PASSED] - waitForElementPresent(findTestObject("Login/Page_diagnostics/input_Username"), 0): Object 'Object Repository/Login/Page_diagnostics/input_Username' is present

2020-12-18 18:12:38 - [MESSAGE][WARNING] - Timeout '0' is invalid. Using default page load timeout: '30'

2020-12-18 18:12:38 - [MESSAGE][PASSED] - Object 'Object Repository/Login/Page_diagnostics/input_Username' is present

2020-12-18 18:12:38 - [TEST_STEP][PASSED] - setText(findTestObject("Login/Page_diagnostics/input_Username"), "admin"): Text 'admin' is set on object 'Object Repository/Login/Page_diagnostics/input_Username'

2020-12-18 18:12:39 - [MESSAGE][PASSED] - Text 'admin' is set on object 'Object Repository/Login/Page_diagnostics/input_Username'

2020-12-18 18:12:39 - [TEST_STEP][PASSED] - waitForElementPresent(findTestObject("Login/Page_diagnostics/input_Password"), 0): Object 'Object Repository/Login/Page_diagnostics/input_Password' is present

2020-12-18 18:12:39 - [MESSAGE][WARNING] - Timeout '0' is invalid. Using default page load timeout: '30'

2020-12-18 18:12:39 - [MESSAGE][PASSED] - Object 'Object Repository/Login/Page_diagnostics/input_Password' is present

2020-12-18 18:12:39 - [TEST_STEP][PASSED] - setText(findTestObject("Login/Page_diagnostics/input_Password"), "Diagnostics123!"): Text 'Diagnostics123!' is set on object 'Object Repository/Login/Page_diagnostics/input_Password'

2020-12-18 18:12:40 - [MESSAGE][PASSED] - Text 'Diagnostics123!' is set on object 'Object Repository/Login/Page_diagnostics/input_Password'

2020-12-18 18:12:40 - [TEST_STEP][PASSED] - waitForElementPresent(findTestObject("Login/Page_diagnostics/input_Submit"), 0): Object 'Object Repository/Login/Page_diagnostics/input_Submit' is present

2020-12-18 18:12:40 - [MESSAGE][WARNING] - Timeout '0' is invalid. Using default page load timeout: '30'

2020-12-18 18:12:40 - [MESSAGE][PASSED] - Object 'Object Repository/Login/Page_diagnostics/input_Submit' is present

2020-12-18 18:12:40 - [TEST_STEP][PASSED] - click(findTestObject("Login/Page_diagnostics/input_Submit")): Object: 'Object Repository/Login/Page_diagnostics/input_Submit' is clicked on

2020-12-18 18:12:46 - [MESSAGE][PASSED] - Object: 'Object Repository/Login/Page_diagnostics/input_Submit' is clicked on

2020-12-18 18:12:46 - [MESSAGE][PASSED] - Call Test Case 'Test Cases/Custom Procurement Details/UTILITIES/LOGIN' successfully

2020-12-18 18:12:46 - [TEST_STEP][PASSED] - navigateToUrl("https://gdasandbox.test-arcadier.com/user/item/detail/gdaagencyfind/59fde34e-4dcb-44b5-bdcd-2bde962c0cb5"): Navigate to 'https://gdasandbox.test-arcadier.com/user/item/detail/gdaagencyfind/59fde34e-4dcb-44b5-bdcd-2bde962c0cb5' successfully

2020-12-18 18:12:48 - [MESSAGE][PASSED] - Navigate to 'https://gdasandbox.test-arcadier.com/user/item/detail/gdaagencyfind/59fde34e-4dcb-44b5-bdcd-2bde962c0cb5' successfully

2020-12-18 18:12:48 - [MESSAGE][PASSED] - Call Test Case 'Test Cases/Custom Procurement Details/UTILITIES/OPEN_BROWSER' successfully

2020-12-18 18:12:48 - [TEST_STEP][PASSED] - callTestCase(findTestCase("Custom Procurement Details/UTILITIES/PROCURE_PAGE"), [:], STOP_ON_FAILURE): Call Test Case 'Test Cases/Custom Procurement Details/UTILITIES/PROCURE_PAGE' successfully

2020-12-18 18:12:48 - [TEST_CASE][PASSED] - Test Cases/Custom Procurement Details/UTILITIES/PROCURE_PAGE: Test Cases/Custom Procurement Details/UTILITIES/PROCURE_PAGE

2020-12-18 18:12:48 - [TEST_STEP][PASSED] - click(findTestObject("Item Details/Page_diagnostics/a_PROCURE_DIRECTLY_FROM_SELLER")): Object: 'Object Repository/Item Details/Page_diagnostics/a_PROCURE_DIRECTLY_FROM_SELLER' is clicked on

2020-12-18 18:12:50 - [MESSAGE][PASSED] - Object: 'Object Repository/Item Details/Page_diagnostics/a_PROCURE_DIRECTLY_FROM_SELLER' is clicked on

2020-12-18 18:12:50 - [MESSAGE][PASSED] - Call Test Case 'Test Cases/Custom Procurement Details/UTILITIES/PROCURE_PAGE' successfully

2020-12-18 18:12:50 - [TEST_STEP][PASSED] - callTestCase(findTestCase("Custom Procurement Details/UTILITIES/CART_PAGE"), [:], STOP_ON_FAILURE): Call Test Case 'Test Cases/Custom Procurement Details/UTILITIES/CART_PAGE' successfully

2020-12-18 18:12:50 - [TEST_CASE][PASSED] - Test Cases/Custom Procurement Details/UTILITIES/CART_PAGE: Test Cases/Custom Procurement Details/UTILITIES/CART_PAGE

2020-12-18 18:12:50 - [TEST_STEP][PASSED] - navigateToUrl("https://gdasandbox.test-arcadier.com/user/order/cart"): Navigate to 'https://gdasandbox.test-arcadier.com/user/order/cart' successfully

2020-12-18 18:12:52 - [MESSAGE][PASSED] - Navigate to 'https://gdasandbox.test-arcadier.com/user/order/cart' successfully

2020-12-18 18:12:52 - [TEST_STEP][PASSED] - click(findTestObject("Checkout Page/Page_diagnostics/a_CHECKOUT")): Object: 'Object Repository/Checkout Page/Page_diagnostics/a_CHECKOUT' is clicked on

2020-12-18 18:12:56 - [MESSAGE][PASSED] - Object: 'Object Repository/Checkout Page/Page_diagnostics/a_CHECKOUT' is clicked on

2020-12-18 18:12:56 - [MESSAGE][PASSED] - Call Test Case 'Test Cases/Custom Procurement Details/UTILITIES/CART_PAGE' successfully

2020-12-18 18:12:56 - [TEST_STEP][PASSED] - callTestCase(findTestCase("Custom Procurement Details/UTILITIES/FORM_INPUT"), [:], STOP_ON_FAILURE): Call Test Case 'Test Cases/Custom Procurement Details/UTILITIES/FORM_INPUT' successfully

2020-12-18 18:12:56 - [TEST_CASE][PASSED] - Test Cases/Custom Procurement Details/UTILITIES/FORM_INPUT: Test Cases/Custom Procurement Details/UTILITIES/FORM_INPUT

2020-12-18 18:12:56 - [TEST_STEP][PASSED] - setText(findTestObject("Procurement Active1/Page_diagnostics/input_Company_Name"), "Intro Company"): Text 'Intro Company' is set on object 'Object Repository/Procurement Active1/Page_diagnostics/input_Company_Name'

2020-12-18 18:12:58 - [MESSAGE][PASSED] - Text 'Intro Company' is set on object 'Object Repository/Procurement Active1/Page_diagnostics/input_Company_Name'

2020-12-18 18:12:58 - [TEST_STEP][PASSED] - setText(findTestObject("Procurement Active1/Page_diagnostics/input_Person-in-charge"), "Admin"): Text 'Admin' is set on object 'Object Repository/Procurement Active1/Page_diagnostics/input_Person-in-charge'

2020-12-18 18:12:59 - [MESSAGE][PASSED] - Text 'Admin' is set on object 'Object Repository/Procurement Active1/Page_diagnostics/input_Person-in-charge'

2020-12-18 18:12:59 - [TEST_STEP][PASSED] - setText(findTestObject("Procurement Active1/Page_diagnostics/input_Notification_email"), "adminn@test.com"): Text 'adminn@test.com' is set on object 'Object Repository/Procurement Active1/Page_diagnostics/input_Notification_email'

2020-12-18 18:12:59 - [MESSAGE][PASSED] - Text 'adminn@test.com' is set on object 'Object Repository/Procurement Active1/Page_diagnostics/input_Notification_email'

2020-12-18 18:12:59 - [TEST_STEP][PASSED] - setText(findTestObject("Procurement Active1/Page_diagnostics/input_Contact_number"), "1234567890"): Text '1234567890' is set on object 'Object Repository/Procurement Active1/Page_diagnostics/input_Contact_number'

2020-12-18 18:13:00 - [MESSAGE][PASSED] - Text '1234567890' is set on object 'Object Repository/Procurement Active1/Page_diagnostics/input_Contact_number'

2020-12-18 18:13:00 - [TEST_STEP][PASSED] - click(findTestObject("Procurement Active1/Page_diagnostics/label_SELECT ADDRESS")): Object: 'Object Repository/Procurement Active1/Page_diagnostics/label_SELECT ADDRESS' is clicked on

2020-12-18 18:13:00 - [MESSAGE][PASSED] - Object: 'Object Repository/Procurement Active1/Page_diagnostics/label_SELECT ADDRESS' is clicked on

2020-12-18 18:13:00 - [TEST_STEP][PASSED] - click(findTestObject("Item Details/Page_diagnostics/a_Accept Cookies")): Object: 'Object Repository/Item Details/Page_diagnostics/a_Accept Cookies' is clicked on

2020-12-18 18:13:01 - [MESSAGE][PASSED] - Object: 'Object Repository/Item Details/Page_diagnostics/a_Accept Cookies' is clicked on

2020-12-18 18:13:01 - [TEST_STEP][PASSED] - click(findTestObject("Procurement Active1/Page_diagnostics/a_NEXT")): Object: 'Object Repository/Procurement Active1/Page_diagnostics/a_NEXT' is clicked on

2020-12-18 18:13:02 - [MESSAGE][PASSED] - Object: 'Object Repository/Procurement Active1/Page_diagnostics/a_NEXT' is clicked on

2020-12-18 18:13:02 - [MESSAGE][PASSED] - Call Test Case 'Test Cases/Custom Procurement Details/UTILITIES/FORM_INPUT' successfully

2020-12-18 18:13:02 - [TEST_STEP][PASSED] - verifyElementPresent(findTestObject("Procurement Active 2/Page_diagnostics/span_Total-Cost"), 0): Object 'Object Repository/Procurement Active 2/Page_diagnostics/span_Total-Cost' is present

2020-12-18 18:13:02 - [MESSAGE][WARNING] - Timeout '0' is invalid. Using default page load timeout: '30'

2020-12-18 18:13:05 - [MESSAGE][PASSED] - Object 'Object Repository/Procurement Active 2/Page_diagnostics/span_Total-Cost' is present

2020-12-18 18:13:05 - [TEST_STEP][PASSED] - callTestCase(findTestCase("Custom Procurement Details/UTILITIES/CLOSE_BROWSER"), [:], STOP_ON_FAILURE): Call Test Case 'Test Cases/Custom Procurement Details/UTILITIES/CLOSE_BROWSER' successfully

2020-12-18 18:13:05 - [TEST_CASE][PASSED] - Test Cases/Custom Procurement Details/UTILITIES/CLOSE_BROWSER: Test Cases/Custom Procurement Details/UTILITIES/CLOSE_BROWSER

2020-12-18 18:13:05 - [TEST_STEP][PASSED] - closeBrowser(): Browser is closed

2020-12-18 18:13:06 - [MESSAGE][PASSED] - Browser is closed

2020-12-18 18:13:06 - [MESSAGE][PASSED] - Call Test Case 'Test Cases/Custom Procurement Details/UTILITIES/CLOSE_BROWSER' successfully]]></system-out>
         <system-err><![CDATA[]]></system-err>
      </testcase>
      <testcase name="Test Cases/Custom Procurement Details/TEST CASE/TC_DETAILS_UI_022" time="38.067" classname="Test Cases/Custom Procurement Details/TEST CASE/TC_DETAILS_UI_022" status="PASSED">
         <system-out><![CDATA[2020-12-18 18:13:06 - [TEST_CASE][PASSED] - Test Cases/Custom Procurement Details/TEST CASE/TC_DETAILS_UI_022: Test Cases/Custom Procurement Details/TEST CASE/TC_DETAILS_UI_022

2020-12-18 18:13:06 - [TEST_STEP][PASSED] - callTestCase(findTestCase("Custom Procurement Details/UTILITIES/OPEN_BROWSER"), [:], STOP_ON_FAILURE): Call Test Case 'Test Cases/Custom Procurement Details/UTILITIES/OPEN_BROWSER' successfully

2020-12-18 18:13:06 - [TEST_CASE][PASSED] - Test Cases/Custom Procurement Details/UTILITIES/OPEN_BROWSER: Test Cases/Custom Procurement Details/UTILITIES/OPEN_BROWSER

2020-12-18 18:13:06 - [TEST_STEP][PASSED] - openBrowser("https://gdasandbox.test-arcadier.com/buyer-signin"): Browser is opened with url: 'https://gdasandbox.test-arcadier.com/buyer-signin'

2020-12-18 18:13:06 - [MESSAGE][INFO] - Starting 'Chrome' driver

2020-12-18 18:13:06 - [MESSAGE][INFO] - Action delay is set to 0 milliseconds

2020-12-18 18:13:12 - [MESSAGE][PASSED] - Browser is opened with url: 'https://gdasandbox.test-arcadier.com/buyer-signin'

2020-12-18 18:13:12 - [TEST_STEP][PASSED] - maximizeWindow(): Current window maximized

2020-12-18 18:13:14 - [MESSAGE][PASSED] - Current window maximized

2020-12-18 18:13:14 - [TEST_STEP][PASSED] - callTestCase(findTestCase("Custom Procurement Details/UTILITIES/LOGIN"), [:], STOP_ON_FAILURE): Call Test Case 'Test Cases/Custom Procurement Details/UTILITIES/LOGIN' successfully

2020-12-18 18:13:15 - [TEST_CASE][PASSED] - Test Cases/Custom Procurement Details/UTILITIES/LOGIN: Test Cases/Custom Procurement Details/UTILITIES/LOGIN

2020-12-18 18:13:15 - [TEST_STEP][PASSED] - waitForElementPresent(findTestObject("Login/Page_diagnostics/a_Sign_in_as_Buyer"), 0): Object 'Object Repository/Login/Page_diagnostics/a_Sign_in_as_Buyer' is present

2020-12-18 18:13:15 - [MESSAGE][WARNING] - Timeout '0' is invalid. Using default page load timeout: '30'

2020-12-18 18:13:15 - [MESSAGE][PASSED] - Object 'Object Repository/Login/Page_diagnostics/a_Sign_in_as_Buyer' is present

2020-12-18 18:13:15 - [TEST_STEP][PASSED] - click(findTestObject("Login/Page_diagnostics/a_Sign_in_as_Buyer")): Object: 'Object Repository/Login/Page_diagnostics/a_Sign_in_as_Buyer' is clicked on

2020-12-18 18:13:15 - [MESSAGE][PASSED] - Object: 'Object Repository/Login/Page_diagnostics/a_Sign_in_as_Buyer' is clicked on

2020-12-18 18:13:15 - [TEST_STEP][PASSED] - waitForElementPresent(findTestObject("Login/Page_diagnostics/input_Username"), 0): Object 'Object Repository/Login/Page_diagnostics/input_Username' is present

2020-12-18 18:13:15 - [MESSAGE][WARNING] - Timeout '0' is invalid. Using default page load timeout: '30'

2020-12-18 18:13:17 - [MESSAGE][PASSED] - Object 'Object Repository/Login/Page_diagnostics/input_Username' is present

2020-12-18 18:13:17 - [TEST_STEP][PASSED] - setText(findTestObject("Login/Page_diagnostics/input_Username"), "admin"): Text 'admin' is set on object 'Object Repository/Login/Page_diagnostics/input_Username'

2020-12-18 18:13:17 - [MESSAGE][PASSED] - Text 'admin' is set on object 'Object Repository/Login/Page_diagnostics/input_Username'

2020-12-18 18:13:17 - [TEST_STEP][PASSED] - waitForElementPresent(findTestObject("Login/Page_diagnostics/input_Password"), 0): Object 'Object Repository/Login/Page_diagnostics/input_Password' is present

2020-12-18 18:13:17 - [MESSAGE][WARNING] - Timeout '0' is invalid. Using default page load timeout: '30'

2020-12-18 18:13:18 - [MESSAGE][PASSED] - Object 'Object Repository/Login/Page_diagnostics/input_Password' is present

2020-12-18 18:13:18 - [TEST_STEP][PASSED] - setText(findTestObject("Login/Page_diagnostics/input_Password"), "Diagnostics123!"): Text 'Diagnostics123!' is set on object 'Object Repository/Login/Page_diagnostics/input_Password'

2020-12-18 18:13:18 - [MESSAGE][PASSED] - Text 'Diagnostics123!' is set on object 'Object Repository/Login/Page_diagnostics/input_Password'

2020-12-18 18:13:18 - [TEST_STEP][PASSED] - waitForElementPresent(findTestObject("Login/Page_diagnostics/input_Submit"), 0): Object 'Object Repository/Login/Page_diagnostics/input_Submit' is present

2020-12-18 18:13:18 - [MESSAGE][WARNING] - Timeout '0' is invalid. Using default page load timeout: '30'

2020-12-18 18:13:18 - [MESSAGE][PASSED] - Object 'Object Repository/Login/Page_diagnostics/input_Submit' is present

2020-12-18 18:13:18 - [TEST_STEP][PASSED] - click(findTestObject("Login/Page_diagnostics/input_Submit")): Object: 'Object Repository/Login/Page_diagnostics/input_Submit' is clicked on

2020-12-18 18:13:24 - [MESSAGE][PASSED] - Object: 'Object Repository/Login/Page_diagnostics/input_Submit' is clicked on

2020-12-18 18:13:24 - [MESSAGE][PASSED] - Call Test Case 'Test Cases/Custom Procurement Details/UTILITIES/LOGIN' successfully

2020-12-18 18:13:24 - [TEST_STEP][PASSED] - navigateToUrl("https://gdasandbox.test-arcadier.com/user/item/detail/gdaagencyfind/59fde34e-4dcb-44b5-bdcd-2bde962c0cb5"): Navigate to 'https://gdasandbox.test-arcadier.com/user/item/detail/gdaagencyfind/59fde34e-4dcb-44b5-bdcd-2bde962c0cb5' successfully

2020-12-18 18:13:25 - [MESSAGE][PASSED] - Navigate to 'https://gdasandbox.test-arcadier.com/user/item/detail/gdaagencyfind/59fde34e-4dcb-44b5-bdcd-2bde962c0cb5' successfully

2020-12-18 18:13:25 - [MESSAGE][PASSED] - Call Test Case 'Test Cases/Custom Procurement Details/UTILITIES/OPEN_BROWSER' successfully

2020-12-18 18:13:25 - [TEST_STEP][PASSED] - callTestCase(findTestCase("Custom Procurement Details/UTILITIES/PROCURE_PAGE"), [:], STOP_ON_FAILURE): Call Test Case 'Test Cases/Custom Procurement Details/UTILITIES/PROCURE_PAGE' successfully

2020-12-18 18:13:25 - [TEST_CASE][PASSED] - Test Cases/Custom Procurement Details/UTILITIES/PROCURE_PAGE: Test Cases/Custom Procurement Details/UTILITIES/PROCURE_PAGE

2020-12-18 18:13:25 - [TEST_STEP][PASSED] - click(findTestObject("Item Details/Page_diagnostics/a_PROCURE_DIRECTLY_FROM_SELLER")): Object: 'Object Repository/Item Details/Page_diagnostics/a_PROCURE_DIRECTLY_FROM_SELLER' is clicked on

2020-12-18 18:13:28 - [MESSAGE][PASSED] - Object: 'Object Repository/Item Details/Page_diagnostics/a_PROCURE_DIRECTLY_FROM_SELLER' is clicked on

2020-12-18 18:13:28 - [MESSAGE][PASSED] - Call Test Case 'Test Cases/Custom Procurement Details/UTILITIES/PROCURE_PAGE' successfully

2020-12-18 18:13:28 - [TEST_STEP][PASSED] - callTestCase(findTestCase("Custom Procurement Details/UTILITIES/CART_PAGE"), [:], STOP_ON_FAILURE): Call Test Case 'Test Cases/Custom Procurement Details/UTILITIES/CART_PAGE' successfully

2020-12-18 18:13:28 - [TEST_CASE][PASSED] - Test Cases/Custom Procurement Details/UTILITIES/CART_PAGE: Test Cases/Custom Procurement Details/UTILITIES/CART_PAGE

2020-12-18 18:13:28 - [TEST_STEP][PASSED] - navigateToUrl("https://gdasandbox.test-arcadier.com/user/order/cart"): Navigate to 'https://gdasandbox.test-arcadier.com/user/order/cart' successfully

2020-12-18 18:13:30 - [MESSAGE][PASSED] - Navigate to 'https://gdasandbox.test-arcadier.com/user/order/cart' successfully

2020-12-18 18:13:30 - [TEST_STEP][PASSED] - click(findTestObject("Checkout Page/Page_diagnostics/a_CHECKOUT")): Object: 'Object Repository/Checkout Page/Page_diagnostics/a_CHECKOUT' is clicked on

2020-12-18 18:13:33 - [MESSAGE][PASSED] - Object: 'Object Repository/Checkout Page/Page_diagnostics/a_CHECKOUT' is clicked on

2020-12-18 18:13:33 - [MESSAGE][PASSED] - Call Test Case 'Test Cases/Custom Procurement Details/UTILITIES/CART_PAGE' successfully

2020-12-18 18:13:33 - [TEST_STEP][PASSED] - callTestCase(findTestCase("Custom Procurement Details/UTILITIES/FORM_INPUT"), [:], STOP_ON_FAILURE): Call Test Case 'Test Cases/Custom Procurement Details/UTILITIES/FORM_INPUT' successfully

2020-12-18 18:13:33 - [TEST_CASE][PASSED] - Test Cases/Custom Procurement Details/UTILITIES/FORM_INPUT: Test Cases/Custom Procurement Details/UTILITIES/FORM_INPUT

2020-12-18 18:13:33 - [TEST_STEP][PASSED] - setText(findTestObject("Procurement Active1/Page_diagnostics/input_Company_Name"), "Intro Company"): Text 'Intro Company' is set on object 'Object Repository/Procurement Active1/Page_diagnostics/input_Company_Name'

2020-12-18 18:13:36 - [MESSAGE][PASSED] - Text 'Intro Company' is set on object 'Object Repository/Procurement Active1/Page_diagnostics/input_Company_Name'

2020-12-18 18:13:36 - [TEST_STEP][PASSED] - setText(findTestObject("Procurement Active1/Page_diagnostics/input_Person-in-charge"), "Admin"): Text 'Admin' is set on object 'Object Repository/Procurement Active1/Page_diagnostics/input_Person-in-charge'

2020-12-18 18:13:37 - [MESSAGE][PASSED] - Text 'Admin' is set on object 'Object Repository/Procurement Active1/Page_diagnostics/input_Person-in-charge'

2020-12-18 18:13:37 - [TEST_STEP][PASSED] - setText(findTestObject("Procurement Active1/Page_diagnostics/input_Notification_email"), "adminn@test.com"): Text 'adminn@test.com' is set on object 'Object Repository/Procurement Active1/Page_diagnostics/input_Notification_email'

2020-12-18 18:13:38 - [MESSAGE][PASSED] - Text 'adminn@test.com' is set on object 'Object Repository/Procurement Active1/Page_diagnostics/input_Notification_email'

2020-12-18 18:13:38 - [TEST_STEP][PASSED] - setText(findTestObject("Procurement Active1/Page_diagnostics/input_Contact_number"), "1234567890"): Text '1234567890' is set on object 'Object Repository/Procurement Active1/Page_diagnostics/input_Contact_number'

2020-12-18 18:13:38 - [MESSAGE][PASSED] - Text '1234567890' is set on object 'Object Repository/Procurement Active1/Page_diagnostics/input_Contact_number'

2020-12-18 18:13:38 - [TEST_STEP][PASSED] - click(findTestObject("Procurement Active1/Page_diagnostics/label_SELECT ADDRESS")): Object: 'Object Repository/Procurement Active1/Page_diagnostics/label_SELECT ADDRESS' is clicked on

2020-12-18 18:13:38 - [MESSAGE][PASSED] - Object: 'Object Repository/Procurement Active1/Page_diagnostics/label_SELECT ADDRESS' is clicked on

2020-12-18 18:13:38 - [TEST_STEP][PASSED] - click(findTestObject("Item Details/Page_diagnostics/a_Accept Cookies")): Object: 'Object Repository/Item Details/Page_diagnostics/a_Accept Cookies' is clicked on

2020-12-18 18:13:39 - [MESSAGE][PASSED] - Object: 'Object Repository/Item Details/Page_diagnostics/a_Accept Cookies' is clicked on

2020-12-18 18:13:39 - [TEST_STEP][PASSED] - click(findTestObject("Procurement Active1/Page_diagnostics/a_NEXT")): Object: 'Object Repository/Procurement Active1/Page_diagnostics/a_NEXT' is clicked on

2020-12-18 18:13:40 - [MESSAGE][PASSED] - Object: 'Object Repository/Procurement Active1/Page_diagnostics/a_NEXT' is clicked on

2020-12-18 18:13:40 - [MESSAGE][PASSED] - Call Test Case 'Test Cases/Custom Procurement Details/UTILITIES/FORM_INPUT' successfully

2020-12-18 18:13:40 - [TEST_STEP][PASSED] - verifyElementPresent(findTestObject("Procurement Active 2/Page_diagnostics/a_PROCEED_TO_PAYMENT"), 0): Object 'Object Repository/Procurement Active 2/Page_diagnostics/a_PROCEED_TO_PAYMENT' is present

2020-12-18 18:13:40 - [MESSAGE][WARNING] - Timeout '0' is invalid. Using default page load timeout: '30'

2020-12-18 18:13:43 - [MESSAGE][PASSED] - Object 'Object Repository/Procurement Active 2/Page_diagnostics/a_PROCEED_TO_PAYMENT' is present

2020-12-18 18:13:43 - [TEST_STEP][PASSED] - callTestCase(findTestCase("Custom Procurement Details/UTILITIES/CLOSE_BROWSER"), [:], STOP_ON_FAILURE): Call Test Case 'Test Cases/Custom Procurement Details/UTILITIES/CLOSE_BROWSER' successfully

2020-12-18 18:13:43 - [TEST_CASE][PASSED] - Test Cases/Custom Procurement Details/UTILITIES/CLOSE_BROWSER: Test Cases/Custom Procurement Details/UTILITIES/CLOSE_BROWSER

2020-12-18 18:13:43 - [TEST_STEP][PASSED] - closeBrowser(): Browser is closed

2020-12-18 18:13:44 - [MESSAGE][PASSED] - Browser is closed

2020-12-18 18:13:44 - [MESSAGE][PASSED] - Call Test Case 'Test Cases/Custom Procurement Details/UTILITIES/CLOSE_BROWSER' successfully]]></system-out>
         <system-err><![CDATA[]]></system-err>
      </testcase>
      <testcase name="Test Cases/Custom Procurement Details/TEST CASE/TC_DETAILS_UI_023" time="42.793" classname="Test Cases/Custom Procurement Details/TEST CASE/TC_DETAILS_UI_023" status="PASSED">
         <system-out><![CDATA[2020-12-18 18:13:44 - [TEST_CASE][PASSED] - Test Cases/Custom Procurement Details/TEST CASE/TC_DETAILS_UI_023: Test Cases/Custom Procurement Details/TEST CASE/TC_DETAILS_UI_023

2020-12-18 18:13:44 - [TEST_STEP][PASSED] - callTestCase(findTestCase("Custom Procurement Details/UTILITIES/OPEN_BROWSER"), [:], STOP_ON_FAILURE): Call Test Case 'Test Cases/Custom Procurement Details/UTILITIES/OPEN_BROWSER' successfully

2020-12-18 18:13:44 - [TEST_CASE][PASSED] - Test Cases/Custom Procurement Details/UTILITIES/OPEN_BROWSER: Test Cases/Custom Procurement Details/UTILITIES/OPEN_BROWSER

2020-12-18 18:13:44 - [TEST_STEP][PASSED] - openBrowser("https://gdasandbox.test-arcadier.com/buyer-signin"): Browser is opened with url: 'https://gdasandbox.test-arcadier.com/buyer-signin'

2020-12-18 18:13:44 - [MESSAGE][INFO] - Starting 'Chrome' driver

2020-12-18 18:13:44 - [MESSAGE][INFO] - Action delay is set to 0 milliseconds

2020-12-18 18:13:55 - [MESSAGE][PASSED] - Browser is opened with url: 'https://gdasandbox.test-arcadier.com/buyer-signin'

2020-12-18 18:13:55 - [TEST_STEP][PASSED] - maximizeWindow(): Current window maximized

2020-12-18 18:13:57 - [MESSAGE][PASSED] - Current window maximized

2020-12-18 18:13:57 - [TEST_STEP][PASSED] - callTestCase(findTestCase("Custom Procurement Details/UTILITIES/LOGIN"), [:], STOP_ON_FAILURE): Call Test Case 'Test Cases/Custom Procurement Details/UTILITIES/LOGIN' successfully

2020-12-18 18:13:57 - [TEST_CASE][PASSED] - Test Cases/Custom Procurement Details/UTILITIES/LOGIN: Test Cases/Custom Procurement Details/UTILITIES/LOGIN

2020-12-18 18:13:57 - [TEST_STEP][PASSED] - waitForElementPresent(findTestObject("Login/Page_diagnostics/a_Sign_in_as_Buyer"), 0): Object 'Object Repository/Login/Page_diagnostics/a_Sign_in_as_Buyer' is present

2020-12-18 18:13:57 - [MESSAGE][WARNING] - Timeout '0' is invalid. Using default page load timeout: '30'

2020-12-18 18:13:57 - [MESSAGE][PASSED] - Object 'Object Repository/Login/Page_diagnostics/a_Sign_in_as_Buyer' is present

2020-12-18 18:13:57 - [TEST_STEP][PASSED] - click(findTestObject("Login/Page_diagnostics/a_Sign_in_as_Buyer")): Object: 'Object Repository/Login/Page_diagnostics/a_Sign_in_as_Buyer' is clicked on

2020-12-18 18:13:58 - [MESSAGE][PASSED] - Object: 'Object Repository/Login/Page_diagnostics/a_Sign_in_as_Buyer' is clicked on

2020-12-18 18:13:58 - [TEST_STEP][PASSED] - waitForElementPresent(findTestObject("Login/Page_diagnostics/input_Username"), 0): Object 'Object Repository/Login/Page_diagnostics/input_Username' is present

2020-12-18 18:13:58 - [MESSAGE][WARNING] - Timeout '0' is invalid. Using default page load timeout: '30'

2020-12-18 18:13:59 - [MESSAGE][PASSED] - Object 'Object Repository/Login/Page_diagnostics/input_Username' is present

2020-12-18 18:13:59 - [TEST_STEP][PASSED] - setText(findTestObject("Login/Page_diagnostics/input_Username"), "admin"): Text 'admin' is set on object 'Object Repository/Login/Page_diagnostics/input_Username'

2020-12-18 18:14:00 - [MESSAGE][PASSED] - Text 'admin' is set on object 'Object Repository/Login/Page_diagnostics/input_Username'

2020-12-18 18:14:00 - [TEST_STEP][PASSED] - waitForElementPresent(findTestObject("Login/Page_diagnostics/input_Password"), 0): Object 'Object Repository/Login/Page_diagnostics/input_Password' is present

2020-12-18 18:14:00 - [MESSAGE][WARNING] - Timeout '0' is invalid. Using default page load timeout: '30'

2020-12-18 18:14:00 - [MESSAGE][PASSED] - Object 'Object Repository/Login/Page_diagnostics/input_Password' is present

2020-12-18 18:14:00 - [TEST_STEP][PASSED] - setText(findTestObject("Login/Page_diagnostics/input_Password"), "Diagnostics123!"): Text 'Diagnostics123!' is set on object 'Object Repository/Login/Page_diagnostics/input_Password'

2020-12-18 18:14:00 - [MESSAGE][PASSED] - Text 'Diagnostics123!' is set on object 'Object Repository/Login/Page_diagnostics/input_Password'

2020-12-18 18:14:00 - [TEST_STEP][PASSED] - waitForElementPresent(findTestObject("Login/Page_diagnostics/input_Submit"), 0): Object 'Object Repository/Login/Page_diagnostics/input_Submit' is present

2020-12-18 18:14:00 - [MESSAGE][WARNING] - Timeout '0' is invalid. Using default page load timeout: '30'

2020-12-18 18:14:01 - [MESSAGE][PASSED] - Object 'Object Repository/Login/Page_diagnostics/input_Submit' is present

2020-12-18 18:14:01 - [TEST_STEP][PASSED] - click(findTestObject("Login/Page_diagnostics/input_Submit")): Object: 'Object Repository/Login/Page_diagnostics/input_Submit' is clicked on

2020-12-18 18:14:08 - [MESSAGE][PASSED] - Object: 'Object Repository/Login/Page_diagnostics/input_Submit' is clicked on

2020-12-18 18:14:08 - [MESSAGE][PASSED] - Call Test Case 'Test Cases/Custom Procurement Details/UTILITIES/LOGIN' successfully

2020-12-18 18:14:08 - [TEST_STEP][PASSED] - navigateToUrl("https://gdasandbox.test-arcadier.com/user/item/detail/gdaagencyfind/59fde34e-4dcb-44b5-bdcd-2bde962c0cb5"): Navigate to 'https://gdasandbox.test-arcadier.com/user/item/detail/gdaagencyfind/59fde34e-4dcb-44b5-bdcd-2bde962c0cb5' successfully

2020-12-18 18:14:09 - [MESSAGE][PASSED] - Navigate to 'https://gdasandbox.test-arcadier.com/user/item/detail/gdaagencyfind/59fde34e-4dcb-44b5-bdcd-2bde962c0cb5' successfully

2020-12-18 18:14:09 - [MESSAGE][PASSED] - Call Test Case 'Test Cases/Custom Procurement Details/UTILITIES/OPEN_BROWSER' successfully

2020-12-18 18:14:09 - [TEST_STEP][PASSED] - callTestCase(findTestCase("Custom Procurement Details/UTILITIES/PROCURE_PAGE"), [:], STOP_ON_FAILURE): Call Test Case 'Test Cases/Custom Procurement Details/UTILITIES/PROCURE_PAGE' successfully

2020-12-18 18:14:09 - [TEST_CASE][PASSED] - Test Cases/Custom Procurement Details/UTILITIES/PROCURE_PAGE: Test Cases/Custom Procurement Details/UTILITIES/PROCURE_PAGE

2020-12-18 18:14:09 - [TEST_STEP][PASSED] - click(findTestObject("Item Details/Page_diagnostics/a_PROCURE_DIRECTLY_FROM_SELLER")): Object: 'Object Repository/Item Details/Page_diagnostics/a_PROCURE_DIRECTLY_FROM_SELLER' is clicked on

2020-12-18 18:14:11 - [MESSAGE][PASSED] - Object: 'Object Repository/Item Details/Page_diagnostics/a_PROCURE_DIRECTLY_FROM_SELLER' is clicked on

2020-12-18 18:14:11 - [MESSAGE][PASSED] - Call Test Case 'Test Cases/Custom Procurement Details/UTILITIES/PROCURE_PAGE' successfully

2020-12-18 18:14:11 - [TEST_STEP][PASSED] - callTestCase(findTestCase("Custom Procurement Details/UTILITIES/CART_PAGE"), [:], STOP_ON_FAILURE): Call Test Case 'Test Cases/Custom Procurement Details/UTILITIES/CART_PAGE' successfully

2020-12-18 18:14:11 - [TEST_CASE][PASSED] - Test Cases/Custom Procurement Details/UTILITIES/CART_PAGE: Test Cases/Custom Procurement Details/UTILITIES/CART_PAGE

2020-12-18 18:14:11 - [TEST_STEP][PASSED] - navigateToUrl("https://gdasandbox.test-arcadier.com/user/order/cart"): Navigate to 'https://gdasandbox.test-arcadier.com/user/order/cart' successfully

2020-12-18 18:14:13 - [MESSAGE][PASSED] - Navigate to 'https://gdasandbox.test-arcadier.com/user/order/cart' successfully

2020-12-18 18:14:13 - [TEST_STEP][PASSED] - click(findTestObject("Checkout Page/Page_diagnostics/a_CHECKOUT")): Object: 'Object Repository/Checkout Page/Page_diagnostics/a_CHECKOUT' is clicked on

2020-12-18 18:14:17 - [MESSAGE][PASSED] - Object: 'Object Repository/Checkout Page/Page_diagnostics/a_CHECKOUT' is clicked on

2020-12-18 18:14:17 - [MESSAGE][PASSED] - Call Test Case 'Test Cases/Custom Procurement Details/UTILITIES/CART_PAGE' successfully

2020-12-18 18:14:17 - [TEST_STEP][PASSED] - callTestCase(findTestCase("Custom Procurement Details/UTILITIES/FORM_INPUT"), [:], STOP_ON_FAILURE): Call Test Case 'Test Cases/Custom Procurement Details/UTILITIES/FORM_INPUT' successfully

2020-12-18 18:14:17 - [TEST_CASE][PASSED] - Test Cases/Custom Procurement Details/UTILITIES/FORM_INPUT: Test Cases/Custom Procurement Details/UTILITIES/FORM_INPUT

2020-12-18 18:14:17 - [TEST_STEP][PASSED] - setText(findTestObject("Procurement Active1/Page_diagnostics/input_Company_Name"), "Intro Company"): Text 'Intro Company' is set on object 'Object Repository/Procurement Active1/Page_diagnostics/input_Company_Name'

2020-12-18 18:14:19 - [MESSAGE][PASSED] - Text 'Intro Company' is set on object 'Object Repository/Procurement Active1/Page_diagnostics/input_Company_Name'

2020-12-18 18:14:19 - [TEST_STEP][PASSED] - setText(findTestObject("Procurement Active1/Page_diagnostics/input_Person-in-charge"), "Admin"): Text 'Admin' is set on object 'Object Repository/Procurement Active1/Page_diagnostics/input_Person-in-charge'

2020-12-18 18:14:20 - [MESSAGE][PASSED] - Text 'Admin' is set on object 'Object Repository/Procurement Active1/Page_diagnostics/input_Person-in-charge'

2020-12-18 18:14:20 - [TEST_STEP][PASSED] - setText(findTestObject("Procurement Active1/Page_diagnostics/input_Notification_email"), "adminn@test.com"): Text 'adminn@test.com' is set on object 'Object Repository/Procurement Active1/Page_diagnostics/input_Notification_email'

2020-12-18 18:14:20 - [MESSAGE][PASSED] - Text 'adminn@test.com' is set on object 'Object Repository/Procurement Active1/Page_diagnostics/input_Notification_email'

2020-12-18 18:14:20 - [TEST_STEP][PASSED] - setText(findTestObject("Procurement Active1/Page_diagnostics/input_Contact_number"), "1234567890"): Text '1234567890' is set on object 'Object Repository/Procurement Active1/Page_diagnostics/input_Contact_number'

2020-12-18 18:14:21 - [MESSAGE][PASSED] - Text '1234567890' is set on object 'Object Repository/Procurement Active1/Page_diagnostics/input_Contact_number'

2020-12-18 18:14:21 - [TEST_STEP][PASSED] - click(findTestObject("Procurement Active1/Page_diagnostics/label_SELECT ADDRESS")): Object: 'Object Repository/Procurement Active1/Page_diagnostics/label_SELECT ADDRESS' is clicked on

2020-12-18 18:14:21 - [MESSAGE][PASSED] - Object: 'Object Repository/Procurement Active1/Page_diagnostics/label_SELECT ADDRESS' is clicked on

2020-12-18 18:14:21 - [TEST_STEP][PASSED] - click(findTestObject("Item Details/Page_diagnostics/a_Accept Cookies")): Object: 'Object Repository/Item Details/Page_diagnostics/a_Accept Cookies' is clicked on

2020-12-18 18:14:22 - [MESSAGE][PASSED] - Object: 'Object Repository/Item Details/Page_diagnostics/a_Accept Cookies' is clicked on

2020-12-18 18:14:22 - [TEST_STEP][PASSED] - click(findTestObject("Procurement Active1/Page_diagnostics/a_NEXT")): Object: 'Object Repository/Procurement Active1/Page_diagnostics/a_NEXT' is clicked on

2020-12-18 18:14:23 - [MESSAGE][PASSED] - Object: 'Object Repository/Procurement Active1/Page_diagnostics/a_NEXT' is clicked on

2020-12-18 18:14:23 - [MESSAGE][PASSED] - Call Test Case 'Test Cases/Custom Procurement Details/UTILITIES/FORM_INPUT' successfully

2020-12-18 18:14:23 - [TEST_STEP][PASSED] - verifyElementPresent(findTestObject("Procurement Active 2/Page_diagnostics/a_BACK"), 0): Object 'Object Repository/Procurement Active 2/Page_diagnostics/a_BACK' is present

2020-12-18 18:14:23 - [MESSAGE][WARNING] - Timeout '0' is invalid. Using default page load timeout: '30'

2020-12-18 18:14:26 - [MESSAGE][PASSED] - Object 'Object Repository/Procurement Active 2/Page_diagnostics/a_BACK' is present

2020-12-18 18:14:26 - [TEST_STEP][PASSED] - callTestCase(findTestCase("Custom Procurement Details/UTILITIES/CLOSE_BROWSER"), [:], STOP_ON_FAILURE): Call Test Case 'Test Cases/Custom Procurement Details/UTILITIES/CLOSE_BROWSER' successfully

2020-12-18 18:14:26 - [TEST_CASE][PASSED] - Test Cases/Custom Procurement Details/UTILITIES/CLOSE_BROWSER: Test Cases/Custom Procurement Details/UTILITIES/CLOSE_BROWSER

2020-12-18 18:14:26 - [TEST_STEP][PASSED] - closeBrowser(): Browser is closed

2020-12-18 18:14:27 - [MESSAGE][PASSED] - Browser is closed

2020-12-18 18:14:27 - [MESSAGE][PASSED] - Call Test Case 'Test Cases/Custom Procurement Details/UTILITIES/CLOSE_BROWSER' successfully]]></system-out>
         <system-err><![CDATA[]]></system-err>
      </testcase>
      <system-out><![CDATA[2020-12-18 17:58:24 - [TEST_SUITE][FAILED] - Item detail test: Test Cases/Custom Procurement Details/TEST CASE/TC_DETAILS_UI_014 FAILED.
Reason:
com.kms.katalon.core.exception.StepFailedException: Unable to verify object 'Object Repository/Procurement Active 2/Page_diagnostics/h4_Price' is present
	at com.kms.katalon.core.webui.keyword.internal.WebUIKeywordMain.stepFailed(WebUIKeywordMain.groovy:64)
	at com.kms.katalon.core.webui.keyword.internal.WebUIKeywordMain.runKeyword(WebUIKeywordMain.groovy:26)
	at com.kms.katalon.core.webui.keyword.builtin.VerifyElementPresentKeyword.verifyElementPresent(VerifyElementPresentKeyword.groovy:92)
	at com.kms.katalon.core.webui.keyword.builtin.VerifyElementPresentKeyword.execute(VerifyElementPresentKeyword.groovy:68)
	at com.kms.katalon.core.keyword.internal.KeywordExecutor.executeKeywordForPlatform(KeywordExecutor.groovy:73)
	at com.kms.katalon.core.webui.keyword.WebUiBuiltInKeywords.verifyElementPresent(WebUiBuiltInKeywords.groovy:1461)
	at com.kms.katalon.core.webui.keyword.WebUiBuiltInKeywords$verifyElementPresent$5.call(Unknown Source)
	at TC_DETAILS_UI_014.run(TC_DETAILS_UI_014:26)
	at com.kms.katalon.core.main.ScriptEngine.run(ScriptEngine.java:194)
	at com.kms.katalon.core.main.ScriptEngine.runScriptAsRawText(ScriptEngine.java:119)
	at com.kms.katalon.core.main.TestCaseExecutor.runScript(TestCaseExecutor.java:339)
	at com.kms.katalon.core.main.TestCaseExecutor.doExecute(TestCaseExecutor.java:330)
	at com.kms.katalon.core.main.TestCaseExecutor.processExecutionPhase(TestCaseExecutor.java:309)
	at com.kms.katalon.core.main.TestCaseExecutor.accessMainPhase(TestCaseExecutor.java:301)
	at com.kms.katalon.core.main.TestCaseExecutor.execute(TestCaseExecutor.java:235)
	at com.kms.katalon.core.main.TestSuiteExecutor.accessTestCaseMainPhase(TestSuiteExecutor.java:191)
	at com.kms.katalon.core.main.TestSuiteExecutor.accessTestSuiteMainPhase(TestSuiteExecutor.java:141)
	at com.kms.katalon.core.main.TestSuiteExecutor.execute(TestSuiteExecutor.java:90)
	at com.kms.katalon.core.main.TestCaseMain.startTestSuite(TestCaseMain.java:157)
	at com.kms.katalon.core.main.TestCaseMain$startTestSuite$0.call(Unknown Source)
	at TempTestSuite1608285493004.run(TempTestSuite1608285493004.groovy:39)
Caused by: com.kms.katalon.core.exception.StepFailedException: com.kms.katalon.core.webui.exception.WebElementNotFoundException: Web element with id: 'Object Repository/Procurement Active 2/Page_diagnostics/h4_Price' located by '(.//*[normalize-space(text()) and normalize-space(.)='QTY: 1'])[1]/following::h4[1]' not found
	at com.kms.katalon.core.webui.keyword.internal.WebUIKeywordMain.stepFailed(WebUIKeywordMain.groovy:64)
	at com.kms.katalon.core.webui.keyword.builtin.VerifyElementPresentKeyword$_verifyElementPresent_closure1.doCall(VerifyElementPresentKeyword.groovy:85)
	at com.kms.katalon.core.webui.keyword.builtin.VerifyElementPresentKeyword$_verifyElementPresent_closure1.call(VerifyElementPresentKeyword.groovy)
	at com.kms.katalon.core.webui.keyword.internal.WebUIKeywordMain.runKeyword(WebUIKeywordMain.groovy:20)
	... 19 more]]></system-out>
      <system-err><![CDATA[2020-12-18 17:58:24 - [TEST_SUITE][FAILED] - Item detail test: Test Cases/Custom Procurement Details/TEST CASE/TC_DETAILS_UI_014 FAILED.
Reason:
com.kms.katalon.core.exception.StepFailedException: Unable to verify object 'Object Repository/Procurement Active 2/Page_diagnostics/h4_Price' is present
	at com.kms.katalon.core.webui.keyword.internal.WebUIKeywordMain.stepFailed(WebUIKeywordMain.groovy:64)
	at com.kms.katalon.core.webui.keyword.internal.WebUIKeywordMain.runKeyword(WebUIKeywordMain.groovy:26)
	at com.kms.katalon.core.webui.keyword.builtin.VerifyElementPresentKeyword.verifyElementPresent(VerifyElementPresentKeyword.groovy:92)
	at com.kms.katalon.core.webui.keyword.builtin.VerifyElementPresentKeyword.execute(VerifyElementPresentKeyword.groovy:68)
	at com.kms.katalon.core.keyword.internal.KeywordExecutor.executeKeywordForPlatform(KeywordExecutor.groovy:73)
	at com.kms.katalon.core.webui.keyword.WebUiBuiltInKeywords.verifyElementPresent(WebUiBuiltInKeywords.groovy:1461)
	at com.kms.katalon.core.webui.keyword.WebUiBuiltInKeywords$verifyElementPresent$5.call(Unknown Source)
	at TC_DETAILS_UI_014.run(TC_DETAILS_UI_014:26)
	at com.kms.katalon.core.main.ScriptEngine.run(ScriptEngine.java:194)
	at com.kms.katalon.core.main.ScriptEngine.runScriptAsRawText(ScriptEngine.java:119)
	at com.kms.katalon.core.main.TestCaseExecutor.runScript(TestCaseExecutor.java:339)
	at com.kms.katalon.core.main.TestCaseExecutor.doExecute(TestCaseExecutor.java:330)
	at com.kms.katalon.core.main.TestCaseExecutor.processExecutionPhase(TestCaseExecutor.java:309)
	at com.kms.katalon.core.main.TestCaseExecutor.accessMainPhase(TestCaseExecutor.java:301)
	at com.kms.katalon.core.main.TestCaseExecutor.execute(TestCaseExecutor.java:235)
	at com.kms.katalon.core.main.TestSuiteExecutor.accessTestCaseMainPhase(TestSuiteExecutor.java:191)
	at com.kms.katalon.core.main.TestSuiteExecutor.accessTestSuiteMainPhase(TestSuiteExecutor.java:141)
	at com.kms.katalon.core.main.TestSuiteExecutor.execute(TestSuiteExecutor.java:90)
	at com.kms.katalon.core.main.TestCaseMain.startTestSuite(TestCaseMain.java:157)
	at com.kms.katalon.core.main.TestCaseMain$startTestSuite$0.call(Unknown Source)
	at TempTestSuite1608285493004.run(TempTestSuite1608285493004.groovy:39)
Caused by: com.kms.katalon.core.exception.StepFailedException: com.kms.katalon.core.webui.exception.WebElementNotFoundException: Web element with id: 'Object Repository/Procurement Active 2/Page_diagnostics/h4_Price' located by '(.//*[normalize-space(text()) and normalize-space(.)='QTY: 1'])[1]/following::h4[1]' not found
	at com.kms.katalon.core.webui.keyword.internal.WebUIKeywordMain.stepFailed(WebUIKeywordMain.groovy:64)
	at com.kms.katalon.core.webui.keyword.builtin.VerifyElementPresentKeyword$_verifyElementPresent_closure1.doCall(VerifyElementPresentKeyword.groovy:85)
	at com.kms.katalon.core.webui.keyword.builtin.VerifyElementPresentKeyword$_verifyElementPresent_closure1.call(VerifyElementPresentKeyword.groovy)
	at com.kms.katalon.core.webui.keyword.internal.WebUIKeywordMain.runKeyword(WebUIKeywordMain.groovy:20)
	... 19 more]]></system-err>
   </testsuite>
</testsuites>
